[ 2016-08-01T17:17:35+08:00 ] 127.0.0.1 /index.php/cat
INFO: [ app_init ] --START--
INFO: Run Behavior\BuildLiteBehavior [ RunTime:0.000017s ]
INFO: [ app_init ] --END-- [ RunTime:0.000452s ]
ERR: 无法加载模块:Cat

[ 2016-08-01T17:25:06+08:00 ] 127.0.0.1 /index.php/cat/id/2
INFO: [ app_init ] --START--
INFO: Run Behavior\BuildLiteBehavior [ RunTime:0.000020s ]
INFO: [ app_init ] --END-- [ RunTime:0.000634s ]
ERR: 无法加载模块:Cat

[ 2016-08-01T17:29:15+08:00 ] 127.0.0.1 /index.php/cat
INFO: [ app_init ] --START--
INFO: Run Behavior\BuildLiteBehavior [ RunTime:0.000015s ]
INFO: [ app_init ] --END-- [ RunTime:0.000369s ]
ERR: 无法加载模块:Cat

[ 2016-08-01T21:25:02+08:00 ] 127.0.0.1 /index.php/c=detail&id=22
INFO: [ app_init ] --START--
INFO: Run Behavior\BuildLiteBehavior [ RunTime:0.000037s ]
INFO: [ app_init ] --END-- [ RunTime:0.000807s ]
ERR: 无法加载模块:C=detail&id=22

[ 2016-08-01T21:25:07+08:00 ] 127.0.0.1 /index.php/c=detail&id=24
INFO: [ app_init ] --START--
INFO: Run Behavior\BuildLiteBehavior [ RunTime:0.000122s ]
INFO: [ app_init ] --END-- [ RunTime:0.002066s ]
ERR: 无法加载模块:C=detail&id=24

[ 2016-08-01T21:25:22+08:00 ] 127.0.0.1 /index.php/c=detail&id=24
INFO: [ app_init ] --START--
INFO: Run Behavior\BuildLiteBehavior [ RunTime:0.000018s ]
INFO: [ app_init ] --END-- [ RunTime:0.000533s ]
ERR: 无法加载模块:C=detail&id=24

[ 2016-08-01T21:27:04+08:00 ] 127.0.0.1 /index.php/c=detail&id=22
INFO: [ app_init ] --START--
INFO: Run Behavior\BuildLiteBehavior [ RunTime:0.000021s ]
INFO: [ app_init ] --END-- [ RunTime:0.000590s ]
ERR: 无法加载模块:C=detail&id=22

[ 2016-08-01T21:27:59+08:00 ] 127.0.0.1 /index.php/c=detail&id=22
INFO: [ app_init ] --START--
INFO: Run Behavior\BuildLiteBehavior [ RunTime:0.000032s ]
INFO: [ app_init ] --END-- [ RunTime:0.001291s ]
ERR: 无法加载模块:C=detail&id=22

