[ 2016-07-11T09:29:48+08:00 ] 127.0.0.1 /admin.php?c=content&a=add
INFO: [ app_init ] --START--
INFO: Run Behavior\BuildLiteBehavior [ RunTime:0.000020s ]
INFO: [ app_init ] --END-- [ RunTime:0.016369s ]
INFO: [ app_begin ] --START--
INFO: Run Behavior\ReadHtmlCacheBehavior [ RunTime:0.000936s ]
INFO: [ app_begin ] --END-- [ RunTime:0.001017s ]
INFO: [ view_parse ] --START--
INFO: [ template_filter ] --START--
INFO: Run Behavior\ContentReplaceBehavior [ RunTime:0.004935s ]
INFO: [ template_filter ] --END-- [ RunTime:0.005026s ]
NOTIC: [2048] Declaration of Common\Model\MenuModel::find() should be compatible with Think\Model::find($options = Array) D:\xampp\htdocs\php\tinycms\Application\Common\Model\MenuModel.class.php 第 5 行.
SQL: SHOW COLUMNS FROM `cms_menu` [ RunTime:0.0961s ]
SQL: SELECT * FROM `cms_menu` WHERE `status` <> -1 AND `type` = 1 ORDER BY listorder desc, menu_id desc  [ RunTime:0.0106s ]
NOTIC: [8] Undefined index: a D:\xampp\htdocs\php\tinycms\Application\Common\Common\function.php 第 33 行.
NOTIC: [8] Undefined index: a D:\xampp\htdocs\php\tinycms\Application\Common\Common\function.php 第 33 行.
NOTIC: [8] Undefined index: a D:\xampp\htdocs\php\tinycms\Application\Common\Common\function.php 第 33 行.
NOTIC: [8] Undefined index: a D:\xampp\htdocs\php\tinycms\Application\Common\Common\function.php 第 33 行.
NOTIC: [8] Undefined index: a D:\xampp\htdocs\php\tinycms\Application\Common\Common\function.php 第 33 行.
NOTIC: [8] Undefined index: a D:\xampp\htdocs\php\tinycms\Application\Common\Common\function.php 第 33 行.
INFO: Run Behavior\ParseTemplateBehavior [ RunTime:0.426997s ]
INFO: [ view_parse ] --END-- [ RunTime:0.427057s ]
INFO: [ view_filter ] --START--
INFO: Run Behavior\WriteHtmlCacheBehavior [ RunTime:0.015381s ]
INFO: [ view_filter ] --END-- [ RunTime:0.015451s ]
INFO: [ app_end ] --START--
INFO: Run Behavior\ShowPageTraceBehavior [ RunTime:0.001130s ]
INFO: [ app_end ] --END-- [ RunTime:0.001212s ]

[ 2016-07-11T09:29:50+08:00 ] 127.0.0.1 /admin.php?c=menu
INFO: [ app_init ] --START--
INFO: Run Behavior\BuildLiteBehavior [ RunTime:0.000018s ]
INFO: [ app_init ] --END-- [ RunTime:0.000462s ]
INFO: [ app_begin ] --START--
INFO: Run Behavior\ReadHtmlCacheBehavior [ RunTime:0.000562s ]
INFO: [ app_begin ] --END-- [ RunTime:0.000633s ]
NOTIC: [8] Undefined variable: module D:\xampp\htdocs\php\tinycms\ThinkPHP\Common\functions.php 第 990 行.
NOTIC: [8] Undefined variable: var D:\xampp\htdocs\php\tinycms\ThinkPHP\Common\functions.php 第 990 行.
NOTIC: [2] array_reverse() expects parameter 1 to be array, null given D:\xampp\htdocs\php\tinycms\ThinkPHP\Common\functions.php 第 990 行.
NOTIC: [2] http_build_query(): Parameter 1 expected to be Array or Object.  Incorrect value given D:\xampp\htdocs\php\tinycms\ThinkPHP\Common\functions.php 第 990 行.

[ 2016-07-11T09:29:50+08:00 ] 127.0.0.1 /admin.php?m=&&c=login
INFO: [ app_init ] --START--
INFO: Run Behavior\BuildLiteBehavior [ RunTime:0.000016s ]
INFO: [ app_init ] --END-- [ RunTime:0.000419s ]
INFO: [ app_begin ] --START--
INFO: Run Behavior\ReadHtmlCacheBehavior [ RunTime:0.002797s ]
INFO: [ app_begin ] --END-- [ RunTime:0.002918s ]
INFO: [ view_parse ] --START--
INFO: [ template_filter ] --START--
INFO: Run Behavior\ContentReplaceBehavior [ RunTime:0.000053s ]
INFO: [ template_filter ] --END-- [ RunTime:0.000120s ]
INFO: Run Behavior\ParseTemplateBehavior [ RunTime:0.011072s ]
INFO: [ view_parse ] --END-- [ RunTime:0.011145s ]
INFO: [ view_filter ] --START--
INFO: Run Behavior\WriteHtmlCacheBehavior [ RunTime:0.001227s ]
INFO: [ view_filter ] --END-- [ RunTime:0.001290s ]
INFO: [ app_end ] --START--
INFO: Run Behavior\ShowPageTraceBehavior [ RunTime:0.001731s ]
INFO: [ app_end ] --END-- [ RunTime:0.001813s ]

[ 2016-07-11T09:29:52+08:00 ] 127.0.0.1 /admin.php?m=&&c=login
INFO: [ app_init ] --START--
INFO: Run Behavior\BuildLiteBehavior [ RunTime:0.000020s ]
INFO: [ app_init ] --END-- [ RunTime:0.000485s ]
INFO: [ app_begin ] --START--
INFO: Run Behavior\ReadHtmlCacheBehavior [ RunTime:0.000503s ]
INFO: [ app_begin ] --END-- [ RunTime:0.000566s ]
INFO: [ view_parse ] --START--
INFO: [ template_filter ] --START--
INFO: Run Behavior\ContentReplaceBehavior [ RunTime:0.000059s ]
INFO: [ template_filter ] --END-- [ RunTime:0.000140s ]
INFO: Run Behavior\ParseTemplateBehavior [ RunTime:0.006761s ]
INFO: [ view_parse ] --END-- [ RunTime:0.006839s ]
INFO: [ view_filter ] --START--
INFO: Run Behavior\WriteHtmlCacheBehavior [ RunTime:0.000332s ]
INFO: [ view_filter ] --END-- [ RunTime:0.000383s ]
INFO: [ app_end ] --START--
INFO: Run Behavior\ShowPageTraceBehavior [ RunTime:0.000630s ]
INFO: [ app_end ] --END-- [ RunTime:0.000693s ]

[ 2016-07-11T09:30:10+08:00 ] 127.0.0.1 /index.php?m=admin&c=index
INFO: [ app_init ] --START--
INFO: Run Behavior\BuildLiteBehavior [ RunTime:0.000019s ]
INFO: [ app_init ] --END-- [ RunTime:0.000547s ]
INFO: [ app_begin ] --START--
INFO: Run Behavior\ReadHtmlCacheBehavior [ RunTime:0.000746s ]
INFO: [ app_begin ] --END-- [ RunTime:0.000832s ]
INFO: [ view_parse ] --START--
INFO: [ template_filter ] --START--
INFO: Run Behavior\ContentReplaceBehavior [ RunTime:0.000077s ]
INFO: [ template_filter ] --END-- [ RunTime:0.000168s ]
NOTIC: [2048] Declaration of Common\Model\MenuModel::find() should be compatible with Think\Model::find($options = Array) D:\xampp\htdocs\php\tinycms\Application\Common\Model\MenuModel.class.php 第 5 行.
SQL: SHOW COLUMNS FROM `cms_menu` [ RunTime:0.0052s ]
SQL: SELECT * FROM `cms_menu` WHERE `status` <> -1 AND `type` = 1 ORDER BY listorder desc, menu_id desc  [ RunTime:0.0008s ]
NOTIC: [8] Undefined index: a D:\xampp\htdocs\php\tinycms\Application\Common\Common\function.php 第 33 行.
NOTIC: [8] Undefined index: a D:\xampp\htdocs\php\tinycms\Application\Common\Common\function.php 第 33 行.
NOTIC: [8] Undefined index: a D:\xampp\htdocs\php\tinycms\Application\Common\Common\function.php 第 33 行.
NOTIC: [8] Undefined index: a D:\xampp\htdocs\php\tinycms\Application\Common\Common\function.php 第 33 行.
NOTIC: [8] Undefined index: a D:\xampp\htdocs\php\tinycms\Application\Common\Common\function.php 第 33 行.
NOTIC: [8] Undefined index: a D:\xampp\htdocs\php\tinycms\Application\Common\Common\function.php 第 33 行.
INFO: Run Behavior\ParseTemplateBehavior [ RunTime:0.053259s ]
INFO: [ view_parse ] --END-- [ RunTime:0.053321s ]
INFO: [ view_filter ] --START--
INFO: Run Behavior\WriteHtmlCacheBehavior [ RunTime:0.000431s ]
INFO: [ view_filter ] --END-- [ RunTime:0.000483s ]
INFO: [ app_end ] --START--
INFO: Run Behavior\ShowPageTraceBehavior [ RunTime:0.000741s ]
INFO: [ app_end ] --END-- [ RunTime:0.000818s ]

[ 2016-07-11T09:30:13+08:00 ] 127.0.0.1 /index.php/admin/index
INFO: [ app_init ] --START--
INFO: Run Behavior\BuildLiteBehavior [ RunTime:0.000017s ]
INFO: [ app_init ] --END-- [ RunTime:0.000386s ]
INFO: [ app_begin ] --START--
INFO: Run Behavior\ReadHtmlCacheBehavior [ RunTime:0.000504s ]
INFO: [ app_begin ] --END-- [ RunTime:0.000589s ]
INFO: [ view_parse ] --START--
INFO: [ template_filter ] --START--
INFO: Run Behavior\ContentReplaceBehavior [ RunTime:0.000071s ]
INFO: [ template_filter ] --END-- [ RunTime:0.000132s ]
NOTIC: [2048] Declaration of Common\Model\MenuModel::find() should be compatible with Think\Model::find($options = Array) D:\xampp\htdocs\php\tinycms\Application\Common\Model\MenuModel.class.php 第 5 行.
SQL: SHOW COLUMNS FROM `cms_menu` [ RunTime:0.0042s ]
SQL: SELECT * FROM `cms_menu` WHERE `status` <> -1 AND `type` = 1 ORDER BY listorder desc, menu_id desc  [ RunTime:0.0013s ]
NOTIC: [8] Undefined index: a D:\xampp\htdocs\php\tinycms\Application\Common\Common\function.php 第 33 行.
NOTIC: [8] Undefined index: a D:\xampp\htdocs\php\tinycms\Application\Common\Common\function.php 第 33 行.
NOTIC: [8] Undefined index: a D:\xampp\htdocs\php\tinycms\Application\Common\Common\function.php 第 33 行.
NOTIC: [8] Undefined index: a D:\xampp\htdocs\php\tinycms\Application\Common\Common\function.php 第 33 行.
NOTIC: [8] Undefined index: a D:\xampp\htdocs\php\tinycms\Application\Common\Common\function.php 第 33 行.
NOTIC: [8] Undefined index: a D:\xampp\htdocs\php\tinycms\Application\Common\Common\function.php 第 33 行.
INFO: Run Behavior\ParseTemplateBehavior [ RunTime:0.032465s ]
INFO: [ view_parse ] --END-- [ RunTime:0.032518s ]
INFO: [ view_filter ] --START--
INFO: Run Behavior\WriteHtmlCacheBehavior [ RunTime:0.000409s ]
INFO: [ view_filter ] --END-- [ RunTime:0.000454s ]
INFO: [ app_end ] --START--
INFO: Run Behavior\ShowPageTraceBehavior [ RunTime:0.000587s ]
INFO: [ app_end ] --END-- [ RunTime:0.000647s ]

[ 2016-07-11T14:32:24+08:00 ] 127.0.0.1 /admin.php?c=content&a=add
INFO: [ app_init ] --START--
INFO: Run Behavior\BuildLiteBehavior [ RunTime:0.000017s ]
INFO: [ app_init ] --END-- [ RunTime:0.000400s ]
INFO: [ app_begin ] --START--
INFO: Run Behavior\ReadHtmlCacheBehavior [ RunTime:0.000700s ]
INFO: [ app_begin ] --END-- [ RunTime:0.000779s ]
INFO: [ view_parse ] --START--
INFO: [ template_filter ] --START--
INFO: Run Behavior\ContentReplaceBehavior [ RunTime:0.000076s ]
INFO: [ template_filter ] --END-- [ RunTime:0.000137s ]
NOTIC: [2048] Declaration of Common\Model\MenuModel::find() should be compatible with Think\Model::find($options = Array) D:\xampp\htdocs\php\tinycms\Application\Common\Model\MenuModel.class.php 第 5 行.
SQL: SHOW COLUMNS FROM `cms_menu` [ RunTime:0.0048s ]
SQL: SELECT * FROM `cms_menu` WHERE `status` <> -1 AND `type` = 1 ORDER BY listorder desc, menu_id desc  [ RunTime:0.0115s ]
NOTIC: [8] Undefined index: a D:\xampp\htdocs\php\tinycms\Application\Common\Common\function.php 第 33 行.
NOTIC: [8] Undefined index: a D:\xampp\htdocs\php\tinycms\Application\Common\Common\function.php 第 33 行.
NOTIC: [8] Undefined index: a D:\xampp\htdocs\php\tinycms\Application\Common\Common\function.php 第 33 行.
NOTIC: [8] Undefined index: a D:\xampp\htdocs\php\tinycms\Application\Common\Common\function.php 第 33 行.
NOTIC: [8] Undefined index: a D:\xampp\htdocs\php\tinycms\Application\Common\Common\function.php 第 33 行.
NOTIC: [8] Undefined index: a D:\xampp\htdocs\php\tinycms\Application\Common\Common\function.php 第 33 行.
INFO: Run Behavior\ParseTemplateBehavior [ RunTime:0.270344s ]
INFO: [ view_parse ] --END-- [ RunTime:0.270409s ]
INFO: [ view_filter ] --START--
INFO: Run Behavior\WriteHtmlCacheBehavior [ RunTime:0.000520s ]
INFO: [ view_filter ] --END-- [ RunTime:0.000571s ]
INFO: [ app_end ] --START--
INFO: Run Behavior\ShowPageTraceBehavior [ RunTime:0.001042s ]
INFO: [ app_end ] --END-- [ RunTime:0.001125s ]

[ 2016-07-11T14:59:29+08:00 ] 127.0.0.1 /admin.php?c=image&a=kindupload&dir=image
INFO: [ app_init ] --START--
INFO: Run Behavior\BuildLiteBehavior [ RunTime:0.000019s ]
INFO: [ app_init ] --END-- [ RunTime:0.000628s ]
INFO: [ app_begin ] --START--
INFO: Run Behavior\ReadHtmlCacheBehavior [ RunTime:0.000683s ]
INFO: [ app_begin ] --END-- [ RunTime:0.000770s ]
NOTIC: [8] Use of undefined constant Y - assumed 'Y' D:\xampp\htdocs\php\tinycms\Application\Common\Model\UploadImageModel.class.php 第 19 行.
NOTIC: [8] Use of undefined constant m - assumed 'm' D:\xampp\htdocs\php\tinycms\Application\Common\Model\UploadImageModel.class.php 第 19 行.
NOTIC: [8] Use of undefined constant d - assumed 'd' D:\xampp\htdocs\php\tinycms\Application\Common\Model\UploadImageModel.class.php 第 19 行.
NOTIC: [2] call_user_func() expects parameter 1 to be a valid callback, no array or string given D:\xampp\htdocs\php\tinycms\ThinkPHP\Library\Think\Upload.class.php 第 170 行.

[ 2016-07-11T15:00:38+08:00 ] 127.0.0.1 /admin.php?c=image&a=kindupload&dir=image
INFO: [ app_init ] --START--
INFO: Run Behavior\BuildLiteBehavior [ RunTime:0.000018s ]
INFO: [ app_init ] --END-- [ RunTime:0.000516s ]
INFO: [ app_begin ] --START--
INFO: Run Behavior\ReadHtmlCacheBehavior [ RunTime:0.000865s ]
INFO: [ app_begin ] --END-- [ RunTime:0.000993s ]
NOTIC: [8] Use of undefined constant Y - assumed 'Y' D:\xampp\htdocs\php\tinycms\Application\Common\Model\UploadImageModel.class.php 第 19 行.
NOTIC: [8] Use of undefined constant m - assumed 'm' D:\xampp\htdocs\php\tinycms\Application\Common\Model\UploadImageModel.class.php 第 19 行.
NOTIC: [8] Use of undefined constant d - assumed 'd' D:\xampp\htdocs\php\tinycms\Application\Common\Model\UploadImageModel.class.php 第 19 行.
NOTIC: [2] call_user_func() expects parameter 1 to be a valid callback, no array or string given D:\xampp\htdocs\php\tinycms\ThinkPHP\Library\Think\Upload.class.php 第 170 行.

[ 2016-07-11T15:00:38+08:00 ] 127.0.0.1 /admin.php?c=image&a=kindupload&dir=image
INFO: [ app_init ] --START--
INFO: Run Behavior\BuildLiteBehavior [ RunTime:0.000019s ]
INFO: [ app_init ] --END-- [ RunTime:0.000513s ]
INFO: [ app_begin ] --START--
INFO: Run Behavior\ReadHtmlCacheBehavior [ RunTime:0.000823s ]
INFO: [ app_begin ] --END-- [ RunTime:0.000895s ]
NOTIC: [8] Use of undefined constant Y - assumed 'Y' D:\xampp\htdocs\php\tinycms\Application\Common\Model\UploadImageModel.class.php 第 19 行.
NOTIC: [8] Use of undefined constant m - assumed 'm' D:\xampp\htdocs\php\tinycms\Application\Common\Model\UploadImageModel.class.php 第 19 行.
NOTIC: [8] Use of undefined constant d - assumed 'd' D:\xampp\htdocs\php\tinycms\Application\Common\Model\UploadImageModel.class.php 第 19 行.
NOTIC: [2] call_user_func() expects parameter 1 to be a valid callback, no array or string given D:\xampp\htdocs\php\tinycms\ThinkPHP\Library\Think\Upload.class.php 第 170 行.

[ 2016-07-11T15:41:37+08:00 ] 127.0.0.1 /admin.php?c=content&a=add
INFO: [ app_init ] --START--
INFO: Run Behavior\BuildLiteBehavior [ RunTime:0.000019s ]
INFO: [ app_init ] --END-- [ RunTime:0.000878s ]
INFO: [ app_begin ] --START--
INFO: Run Behavior\ReadHtmlCacheBehavior [ RunTime:0.009053s ]
INFO: [ app_begin ] --END-- [ RunTime:0.009156s ]
NOTIC: [2048] Declaration of Common\Model\MenuModel::find() should be compatible with Think\Model::find($options = Array) D:\xampp\htdocs\php\tinycms\Application\Common\Model\MenuModel.class.php 第 5 行.
SQL: SHOW COLUMNS FROM `cms_menu` [ RunTime:0.0351s ]
SQL: SELECT * FROM `cms_menu` WHERE `status` <> -1 AND `type` = 0 ORDER BY listorder desc, menu_id desc  [ RunTime:0.0010s ]
INFO: [ view_parse ] --START--
INFO: [ template_filter ] --START--
INFO: Run Behavior\ContentReplaceBehavior [ RunTime:0.000087s ]
INFO: [ template_filter ] --END-- [ RunTime:0.000149s ]
SQL: SELECT * FROM `cms_menu` WHERE `status` <> -1 AND `type` = 1 ORDER BY listorder desc, menu_id desc  [ RunTime:0.0010s ]
NOTIC: [8] Undefined index: a D:\xampp\htdocs\php\tinycms\Application\Common\Common\function.php 第 33 行.
NOTIC: [8] Undefined index: a D:\xampp\htdocs\php\tinycms\Application\Common\Common\function.php 第 33 行.
NOTIC: [8] Undefined index: a D:\xampp\htdocs\php\tinycms\Application\Common\Common\function.php 第 33 行.
NOTIC: [8] Undefined index: a D:\xampp\htdocs\php\tinycms\Application\Common\Common\function.php 第 33 行.
NOTIC: [8] Undefined index: a D:\xampp\htdocs\php\tinycms\Application\Common\Common\function.php 第 33 行.
NOTIC: [8] Undefined index: a D:\xampp\htdocs\php\tinycms\Application\Common\Common\function.php 第 33 行.
INFO: Run Behavior\ParseTemplateBehavior [ RunTime:0.066225s ]
INFO: [ view_parse ] --END-- [ RunTime:0.066301s ]
INFO: [ view_filter ] --START--
INFO: Run Behavior\WriteHtmlCacheBehavior [ RunTime:0.001528s ]
INFO: [ view_filter ] --END-- [ RunTime:0.001592s ]
INFO: [ app_end ] --START--
INFO: Run Behavior\ShowPageTraceBehavior [ RunTime:0.002612s ]
INFO: [ app_end ] --END-- [ RunTime:0.002759s ]

[ 2016-07-11T15:42:26+08:00 ] 127.0.0.1 /admin.php?c=content&a=add
INFO: [ app_init ] --START--
INFO: Run Behavior\BuildLiteBehavior [ RunTime:0.000016s ]
INFO: [ app_init ] --END-- [ RunTime:0.000421s ]
INFO: [ app_begin ] --START--
INFO: Run Behavior\ReadHtmlCacheBehavior [ RunTime:0.000949s ]
INFO: [ app_begin ] --END-- [ RunTime:0.001026s ]
NOTIC: [2048] Declaration of Common\Model\MenuModel::find() should be compatible with Think\Model::find($options = Array) D:\xampp\htdocs\php\tinycms\Application\Common\Model\MenuModel.class.php 第 5 行.
SQL: SHOW COLUMNS FROM `cms_menu` [ RunTime:0.0050s ]
SQL: SELECT * FROM `cms_menu` WHERE `status` <> -1 AND `type` = 0 ORDER BY listorder desc, menu_id desc  [ RunTime:0.0007s ]
INFO: [ view_parse ] --START--
INFO: [ template_filter ] --START--
INFO: Run Behavior\ContentReplaceBehavior [ RunTime:0.000086s ]
INFO: [ template_filter ] --END-- [ RunTime:0.000160s ]
SQL: SELECT * FROM `cms_menu` WHERE `status` <> -1 AND `type` = 1 ORDER BY listorder desc, menu_id desc  [ RunTime:0.0012s ]
NOTIC: [8] Undefined index: a D:\xampp\htdocs\php\tinycms\Application\Common\Common\function.php 第 33 行.
NOTIC: [8] Undefined index: a D:\xampp\htdocs\php\tinycms\Application\Common\Common\function.php 第 33 行.
NOTIC: [8] Undefined index: a D:\xampp\htdocs\php\tinycms\Application\Common\Common\function.php 第 33 行.
NOTIC: [8] Undefined index: a D:\xampp\htdocs\php\tinycms\Application\Common\Common\function.php 第 33 行.
NOTIC: [8] Undefined index: a D:\xampp\htdocs\php\tinycms\Application\Common\Common\function.php 第 33 行.
NOTIC: [8] Undefined index: a D:\xampp\htdocs\php\tinycms\Application\Common\Common\function.php 第 33 行.
INFO: Run Behavior\ParseTemplateBehavior [ RunTime:0.018018s ]
INFO: [ view_parse ] --END-- [ RunTime:0.018104s ]
INFO: [ view_filter ] --START--
INFO: Run Behavior\WriteHtmlCacheBehavior [ RunTime:0.000651s ]
INFO: [ view_filter ] --END-- [ RunTime:0.000701s ]
INFO: [ app_end ] --START--
INFO: Run Behavior\ShowPageTraceBehavior [ RunTime:0.001597s ]
INFO: [ app_end ] --END-- [ RunTime:0.001793s ]

[ 2016-07-11T15:48:45+08:00 ] 127.0.0.1 /admin.php?c=content&a=add
INFO: [ app_init ] --START--
INFO: Run Behavior\BuildLiteBehavior [ RunTime:0.000017s ]
INFO: [ app_init ] --END-- [ RunTime:0.000454s ]
INFO: [ app_begin ] --START--
INFO: Run Behavior\ReadHtmlCacheBehavior [ RunTime:0.000660s ]
INFO: [ app_begin ] --END-- [ RunTime:0.000735s ]
NOTIC: [2048] Declaration of Common\Model\MenuModel::find() should be compatible with Think\Model::find($options = Array) D:\xampp\htdocs\php\tinycms\Application\Common\Model\MenuModel.class.php 第 5 行.
SQL: SHOW COLUMNS FROM `cms_menu` [ RunTime:0.0263s ]
SQL: SELECT * FROM `cms_menu` WHERE `status` <> -1 AND `type` = 0 ORDER BY listorder desc, menu_id desc  [ RunTime:0.0008s ]
INFO: [ view_parse ] --START--
INFO: [ template_filter ] --START--
INFO: Run Behavior\ContentReplaceBehavior [ RunTime:0.000082s ]
INFO: [ template_filter ] --END-- [ RunTime:0.000143s ]
SQL: SELECT * FROM `cms_menu` WHERE `status` <> -1 AND `type` = 1 ORDER BY listorder desc, menu_id desc  [ RunTime:0.0012s ]
NOTIC: [8] Undefined index: a D:\xampp\htdocs\php\tinycms\Application\Common\Common\function.php 第 33 行.
NOTIC: [8] Undefined index: a D:\xampp\htdocs\php\tinycms\Application\Common\Common\function.php 第 33 行.
NOTIC: [8] Undefined index: a D:\xampp\htdocs\php\tinycms\Application\Common\Common\function.php 第 33 行.
NOTIC: [8] Undefined index: a D:\xampp\htdocs\php\tinycms\Application\Common\Common\function.php 第 33 行.
NOTIC: [8] Undefined index: a D:\xampp\htdocs\php\tinycms\Application\Common\Common\function.php 第 33 行.
NOTIC: [8] Undefined index: a D:\xampp\htdocs\php\tinycms\Application\Common\Common\function.php 第 33 行.
NOTIC: [8] Undefined index: Menu_id D:\xampp\htdocs\php\tinycms\Application\Runtime\Cache\Admin\e2744aea2724da3a85f9df759ede898a.php 第 146 行.
NOTIC: [8] Undefined index: Menu_id D:\xampp\htdocs\php\tinycms\Application\Runtime\Cache\Admin\e2744aea2724da3a85f9df759ede898a.php 第 146 行.
NOTIC: [8] Undefined index: Menu_id D:\xampp\htdocs\php\tinycms\Application\Runtime\Cache\Admin\e2744aea2724da3a85f9df759ede898a.php 第 146 行.
INFO: Run Behavior\ParseTemplateBehavior [ RunTime:0.013928s ]
INFO: [ view_parse ] --END-- [ RunTime:0.014007s ]
INFO: [ view_filter ] --START--
INFO: Run Behavior\WriteHtmlCacheBehavior [ RunTime:0.000841s ]
INFO: [ view_filter ] --END-- [ RunTime:0.000905s ]
INFO: [ app_end ] --START--
INFO: Run Behavior\ShowPageTraceBehavior [ RunTime:0.000940s ]
INFO: [ app_end ] --END-- [ RunTime:0.001071s ]

[ 2016-07-11T15:51:11+08:00 ] 127.0.0.1 /admin.php?c=content&a=add
INFO: [ app_init ] --START--
INFO: Run Behavior\BuildLiteBehavior [ RunTime:0.000017s ]
INFO: [ app_init ] --END-- [ RunTime:0.000490s ]
INFO: [ app_begin ] --START--
INFO: Run Behavior\ReadHtmlCacheBehavior [ RunTime:0.001031s ]
INFO: [ app_begin ] --END-- [ RunTime:0.001120s ]
NOTIC: [2048] Declaration of Common\Model\MenuModel::find() should be compatible with Think\Model::find($options = Array) D:\xampp\htdocs\php\tinycms\Application\Common\Model\MenuModel.class.php 第 5 行.
SQL: SHOW COLUMNS FROM `cms_menu` [ RunTime:0.0093s ]
SQL: SELECT * FROM `cms_menu` WHERE `status` <> -1 AND `type` = 0 ORDER BY listorder desc, menu_id desc  [ RunTime:0.0009s ]
INFO: [ view_parse ] --START--
INFO: [ template_filter ] --START--
INFO: Run Behavior\ContentReplaceBehavior [ RunTime:0.000079s ]
INFO: [ template_filter ] --END-- [ RunTime:0.000138s ]
SQL: SELECT * FROM `cms_menu` WHERE `status` <> -1 AND `type` = 1 ORDER BY listorder desc, menu_id desc  [ RunTime:0.0016s ]
NOTIC: [8] Undefined index: a D:\xampp\htdocs\php\tinycms\Application\Common\Common\function.php 第 33 行.
NOTIC: [8] Undefined index: a D:\xampp\htdocs\php\tinycms\Application\Common\Common\function.php 第 33 行.
NOTIC: [8] Undefined index: a D:\xampp\htdocs\php\tinycms\Application\Common\Common\function.php 第 33 行.
NOTIC: [8] Undefined index: a D:\xampp\htdocs\php\tinycms\Application\Common\Common\function.php 第 33 行.
NOTIC: [8] Undefined index: a D:\xampp\htdocs\php\tinycms\Application\Common\Common\function.php 第 33 行.
NOTIC: [8] Undefined index: a D:\xampp\htdocs\php\tinycms\Application\Common\Common\function.php 第 33 行.
NOTIC: [8] Undefined index: Menu_id D:\xampp\htdocs\php\tinycms\Application\Runtime\Cache\Admin\e2744aea2724da3a85f9df759ede898a.php 第 146 行.
NOTIC: [8] Undefined index: Menu_id D:\xampp\htdocs\php\tinycms\Application\Runtime\Cache\Admin\e2744aea2724da3a85f9df759ede898a.php 第 146 行.
NOTIC: [8] Undefined index: Menu_id D:\xampp\htdocs\php\tinycms\Application\Runtime\Cache\Admin\e2744aea2724da3a85f9df759ede898a.php 第 146 行.
INFO: Run Behavior\ParseTemplateBehavior [ RunTime:0.017193s ]
INFO: [ view_parse ] --END-- [ RunTime:0.017269s ]
INFO: [ view_filter ] --START--
INFO: Run Behavior\WriteHtmlCacheBehavior [ RunTime:0.000600s ]
INFO: [ view_filter ] --END-- [ RunTime:0.000655s ]
INFO: [ app_end ] --START--
INFO: Run Behavior\ShowPageTraceBehavior [ RunTime:0.000858s ]
INFO: [ app_end ] --END-- [ RunTime:0.000939s ]

[ 2016-07-11T21:41:11+08:00 ] 127.0.0.1 /admin.php?c=content&a=add
INFO: [ app_init ] --START--
INFO: Run Behavior\BuildLiteBehavior [ RunTime:0.000016s ]
INFO: [ app_init ] --END-- [ RunTime:0.000944s ]
INFO: [ app_begin ] --START--
INFO: Run Behavior\ReadHtmlCacheBehavior [ RunTime:0.023344s ]
INFO: [ app_begin ] --END-- [ RunTime:0.023447s ]

[ 2016-07-11T21:41:12+08:00 ] 127.0.0.1 /admin.php?c=content&a=add
INFO: [ app_init ] --START--
INFO: Run Behavior\BuildLiteBehavior [ RunTime:0.000017s ]
INFO: [ app_init ] --END-- [ RunTime:0.000438s ]
INFO: [ app_begin ] --START--
INFO: Run Behavior\ReadHtmlCacheBehavior [ RunTime:0.000735s ]
INFO: [ app_begin ] --END-- [ RunTime:0.000816s ]

[ 2016-07-11T21:41:13+08:00 ] 127.0.0.1 /admin.php?c=content&a=add
INFO: [ app_init ] --START--
INFO: Run Behavior\BuildLiteBehavior [ RunTime:0.000017s ]
INFO: [ app_init ] --END-- [ RunTime:0.000371s ]
INFO: [ app_begin ] --START--
INFO: Run Behavior\ReadHtmlCacheBehavior [ RunTime:0.000459s ]
INFO: [ app_begin ] --END-- [ RunTime:0.000516s ]

[ 2016-07-11T21:41:13+08:00 ] 127.0.0.1 /admin.php?c=content&a=add
INFO: [ app_init ] --START--
INFO: Run Behavior\BuildLiteBehavior [ RunTime:0.000014s ]
INFO: [ app_init ] --END-- [ RunTime:0.000356s ]
INFO: [ app_begin ] --START--
INFO: Run Behavior\ReadHtmlCacheBehavior [ RunTime:0.000503s ]
INFO: [ app_begin ] --END-- [ RunTime:0.000572s ]

[ 2016-07-11T21:41:13+08:00 ] 127.0.0.1 /admin.php?c=content&a=add
INFO: [ app_init ] --START--
INFO: Run Behavior\BuildLiteBehavior [ RunTime:0.000019s ]
INFO: [ app_init ] --END-- [ RunTime:0.000436s ]
INFO: [ app_begin ] --START--
INFO: Run Behavior\ReadHtmlCacheBehavior [ RunTime:0.000549s ]
INFO: [ app_begin ] --END-- [ RunTime:0.000622s ]

[ 2016-07-11T21:41:14+08:00 ] 127.0.0.1 /admin.php?c=content&a=add
INFO: [ app_init ] --START--
INFO: Run Behavior\BuildLiteBehavior [ RunTime:0.000016s ]
INFO: [ app_init ] --END-- [ RunTime:0.000366s ]
INFO: [ app_begin ] --START--
INFO: Run Behavior\ReadHtmlCacheBehavior [ RunTime:0.000466s ]
INFO: [ app_begin ] --END-- [ RunTime:0.000525s ]

[ 2016-07-11T21:41:14+08:00 ] 127.0.0.1 /admin.php?c=content&a=add
INFO: [ app_init ] --START--
INFO: Run Behavior\BuildLiteBehavior [ RunTime:0.000016s ]
INFO: [ app_init ] --END-- [ RunTime:0.000365s ]
INFO: [ app_begin ] --START--
INFO: Run Behavior\ReadHtmlCacheBehavior [ RunTime:0.000463s ]
INFO: [ app_begin ] --END-- [ RunTime:0.000522s ]

[ 2016-07-11T21:47:05+08:00 ] 127.0.0.1 /admin.php?c=menu
INFO: [ app_init ] --START--
INFO: Run Behavior\BuildLiteBehavior [ RunTime:0.000017s ]
INFO: [ app_init ] --END-- [ RunTime:0.000535s ]
INFO: [ app_begin ] --START--
INFO: Run Behavior\ReadHtmlCacheBehavior [ RunTime:0.000657s ]
INFO: [ app_begin ] --END-- [ RunTime:0.000726s ]
NOTIC: [8] Undefined variable: module D:\xampp\htdocs\php\tinycms\ThinkPHP\Common\functions.php 第 990 行.
NOTIC: [8] Undefined variable: var D:\xampp\htdocs\php\tinycms\ThinkPHP\Common\functions.php 第 990 行.
NOTIC: [2] array_reverse() expects parameter 1 to be array, null given D:\xampp\htdocs\php\tinycms\ThinkPHP\Common\functions.php 第 990 行.
NOTIC: [2] http_build_query(): Parameter 1 expected to be Array or Object.  Incorrect value given D:\xampp\htdocs\php\tinycms\ThinkPHP\Common\functions.php 第 990 行.

[ 2016-07-11T21:47:06+08:00 ] 127.0.0.1 /admin.php?m=&&c=login
INFO: [ app_init ] --START--
INFO: Run Behavior\BuildLiteBehavior [ RunTime:0.000017s ]
INFO: [ app_init ] --END-- [ RunTime:0.000366s ]
INFO: [ app_begin ] --START--
INFO: Run Behavior\ReadHtmlCacheBehavior [ RunTime:0.000471s ]
INFO: [ app_begin ] --END-- [ RunTime:0.000537s ]
INFO: [ view_parse ] --START--
INFO: [ template_filter ] --START--
INFO: Run Behavior\ContentReplaceBehavior [ RunTime:0.000053s ]
INFO: [ template_filter ] --END-- [ RunTime:0.000122s ]
INFO: Run Behavior\ParseTemplateBehavior [ RunTime:0.107745s ]
INFO: [ view_parse ] --END-- [ RunTime:0.107838s ]
INFO: [ view_filter ] --START--
INFO: Run Behavior\WriteHtmlCacheBehavior [ RunTime:0.005032s ]
INFO: [ view_filter ] --END-- [ RunTime:0.005098s ]
INFO: [ app_end ] --START--
INFO: Run Behavior\ShowPageTraceBehavior [ RunTime:0.005650s ]
INFO: [ app_end ] --END-- [ RunTime:0.005723s ]

[ 2016-07-11T21:47:07+08:00 ] 127.0.0.1 /admin.php?m=&&c=login
INFO: [ app_init ] --START--
INFO: Run Behavior\BuildLiteBehavior [ RunTime:0.000027s ]
INFO: [ app_init ] --END-- [ RunTime:0.000635s ]
INFO: [ app_begin ] --START--
INFO: Run Behavior\ReadHtmlCacheBehavior [ RunTime:0.000807s ]
INFO: [ app_begin ] --END-- [ RunTime:0.000890s ]
INFO: [ view_parse ] --START--
INFO: [ template_filter ] --START--
INFO: Run Behavior\ContentReplaceBehavior [ RunTime:0.000053s ]
INFO: [ template_filter ] --END-- [ RunTime:0.000126s ]
INFO: Run Behavior\ParseTemplateBehavior [ RunTime:0.007615s ]
INFO: [ view_parse ] --END-- [ RunTime:0.007698s ]
INFO: [ view_filter ] --START--
INFO: Run Behavior\WriteHtmlCacheBehavior [ RunTime:0.000589s ]
INFO: [ view_filter ] --END-- [ RunTime:0.000649s ]
INFO: [ app_end ] --START--
INFO: Run Behavior\ShowPageTraceBehavior [ RunTime:0.003175s ]
INFO: [ app_end ] --END-- [ RunTime:0.003253s ]

[ 2016-07-11T21:47:18+08:00 ] 127.0.0.1 /index.php?m=admin&c=login&a=check
INFO: [ app_init ] --START--
INFO: Run Behavior\BuildLiteBehavior [ RunTime:0.000021s ]
INFO: [ app_init ] --END-- [ RunTime:0.000721s ]
INFO: [ app_begin ] --START--
INFO: Run Behavior\ReadHtmlCacheBehavior [ RunTime:0.000610s ]
INFO: [ app_begin ] --END-- [ RunTime:0.000673s ]
SQL: SHOW COLUMNS FROM `cms_admin` [ RunTime:0.0053s ]
SQL: SELECT * FROM `cms_admin` WHERE `username` = 'admin' LIMIT 1   [ RunTime:0.0201s ]

[ 2016-07-11T21:47:20+08:00 ] 127.0.0.1 /admin.php?c=index
INFO: [ app_init ] --START--
INFO: Run Behavior\BuildLiteBehavior [ RunTime:0.000017s ]
INFO: [ app_init ] --END-- [ RunTime:0.000486s ]
INFO: [ app_begin ] --START--
INFO: Run Behavior\ReadHtmlCacheBehavior [ RunTime:0.000620s ]
INFO: [ app_begin ] --END-- [ RunTime:0.000691s ]
INFO: [ view_parse ] --START--
INFO: [ template_filter ] --START--
INFO: Run Behavior\ContentReplaceBehavior [ RunTime:0.000070s ]
INFO: [ template_filter ] --END-- [ RunTime:0.000132s ]
NOTIC: [2048] Declaration of Common\Model\MenuModel::find() should be compatible with Think\Model::find($options = Array) D:\xampp\htdocs\php\tinycms\Application\Common\Model\MenuModel.class.php 第 5 行.
SQL: SHOW COLUMNS FROM `cms_menu` [ RunTime:0.0068s ]
SQL: SELECT * FROM `cms_menu` WHERE `status` <> -1 AND `type` = 1 ORDER BY listorder desc, menu_id desc  [ RunTime:0.0036s ]
NOTIC: [8] Undefined index: a D:\xampp\htdocs\php\tinycms\Application\Common\Common\function.php 第 33 行.
NOTIC: [8] Undefined index: a D:\xampp\htdocs\php\tinycms\Application\Common\Common\function.php 第 33 行.
NOTIC: [8] Undefined index: a D:\xampp\htdocs\php\tinycms\Application\Common\Common\function.php 第 33 行.
NOTIC: [8] Undefined index: a D:\xampp\htdocs\php\tinycms\Application\Common\Common\function.php 第 33 行.
NOTIC: [8] Undefined index: a D:\xampp\htdocs\php\tinycms\Application\Common\Common\function.php 第 33 行.
NOTIC: [8] Undefined index: a D:\xampp\htdocs\php\tinycms\Application\Common\Common\function.php 第 33 行.
INFO: Run Behavior\ParseTemplateBehavior [ RunTime:0.139537s ]
INFO: [ view_parse ] --END-- [ RunTime:0.139597s ]
INFO: [ view_filter ] --START--
INFO: Run Behavior\WriteHtmlCacheBehavior [ RunTime:0.000563s ]
INFO: [ view_filter ] --END-- [ RunTime:0.000619s ]
INFO: [ app_end ] --START--
INFO: Run Behavior\ShowPageTraceBehavior [ RunTime:0.000963s ]
INFO: [ app_end ] --END-- [ RunTime:0.001163s ]

[ 2016-07-11T21:47:24+08:00 ] 127.0.0.1 /admin.php?c=menu
INFO: [ app_init ] --START--
INFO: Run Behavior\BuildLiteBehavior [ RunTime:0.000017s ]
INFO: [ app_init ] --END-- [ RunTime:0.000517s ]
INFO: [ app_begin ] --START--
INFO: Run Behavior\ReadHtmlCacheBehavior [ RunTime:0.000935s ]
INFO: [ app_begin ] --END-- [ RunTime:0.001017s ]
NOTIC: [2048] Declaration of Common\Model\MenuModel::find() should be compatible with Think\Model::find($options = Array) D:\xampp\htdocs\php\tinycms\Application\Common\Model\MenuModel.class.php 第 5 行.
SQL: SHOW COLUMNS FROM `cms_menu` [ RunTime:0.0068s ]
SQL: SELECT * FROM `cms_menu` WHERE `status` <> -1 ORDER BY listorder desc, menu_id desc LIMIT 0,3   [ RunTime:0.0007s ]
SQL: SELECT COUNT(*) AS tp_count FROM `cms_menu` WHERE `status` <> -1 LIMIT 1   [ RunTime:0.0020s ]
INFO: [ view_parse ] --START--
INFO: [ template_filter ] --START--
INFO: Run Behavior\ContentReplaceBehavior [ RunTime:0.000078s ]
INFO: [ template_filter ] --END-- [ RunTime:0.000142s ]
SQL: SELECT * FROM `cms_menu` WHERE `status` <> -1 AND `type` = 1 ORDER BY listorder desc, menu_id desc  [ RunTime:0.0008s ]
NOTIC: [8] Undefined index: a D:\xampp\htdocs\php\tinycms\Application\Common\Common\function.php 第 33 行.
NOTIC: [8] Undefined index: a D:\xampp\htdocs\php\tinycms\Application\Common\Common\function.php 第 33 行.
NOTIC: [8] Undefined index: a D:\xampp\htdocs\php\tinycms\Application\Common\Common\function.php 第 33 行.
NOTIC: [8] Undefined index: a D:\xampp\htdocs\php\tinycms\Application\Common\Common\function.php 第 33 行.
NOTIC: [8] Undefined index: a D:\xampp\htdocs\php\tinycms\Application\Common\Common\function.php 第 33 行.
NOTIC: [8] Undefined index: a D:\xampp\htdocs\php\tinycms\Application\Common\Common\function.php 第 33 行.
NOTIC: [8] Array to string conversion D:\xampp\htdocs\php\tinycms\Application\Runtime\Cache\Admin\b956215329b6f9aca22277599a4efdfc.php 第 103 行.
INFO: Run Behavior\ParseTemplateBehavior [ RunTime:0.051150s ]
INFO: [ view_parse ] --END-- [ RunTime:0.051222s ]
INFO: [ view_filter ] --START--
INFO: Run Behavior\WriteHtmlCacheBehavior [ RunTime:0.000713s ]
INFO: [ view_filter ] --END-- [ RunTime:0.000768s ]
INFO: [ app_end ] --START--
INFO: Run Behavior\ShowPageTraceBehavior [ RunTime:0.000996s ]
INFO: [ app_end ] --END-- [ RunTime:0.001085s ]

[ 2016-07-11T21:47:40+08:00 ] 127.0.0.1 /admin.php?c=content
INFO: [ app_init ] --START--
INFO: Run Behavior\BuildLiteBehavior [ RunTime:0.000017s ]
INFO: [ app_init ] --END-- [ RunTime:0.000448s ]
INFO: [ app_begin ] --START--
INFO: Run Behavior\ReadHtmlCacheBehavior [ RunTime:0.001637s ]
INFO: [ app_begin ] --END-- [ RunTime:0.001743s ]

[ 2016-07-11T21:47:42+08:00 ] 127.0.0.1 /admin.php?c=menu
INFO: [ app_init ] --START--
INFO: Run Behavior\BuildLiteBehavior [ RunTime:0.000017s ]
INFO: [ app_init ] --END-- [ RunTime:0.000498s ]
INFO: [ app_begin ] --START--
INFO: Run Behavior\ReadHtmlCacheBehavior [ RunTime:0.000893s ]
INFO: [ app_begin ] --END-- [ RunTime:0.000975s ]
NOTIC: [2048] Declaration of Common\Model\MenuModel::find() should be compatible with Think\Model::find($options = Array) D:\xampp\htdocs\php\tinycms\Application\Common\Model\MenuModel.class.php 第 5 行.
SQL: SHOW COLUMNS FROM `cms_menu` [ RunTime:0.0074s ]
SQL: SELECT * FROM `cms_menu` WHERE `status` <> -1 ORDER BY listorder desc, menu_id desc LIMIT 0,3   [ RunTime:0.0008s ]
SQL: SELECT COUNT(*) AS tp_count FROM `cms_menu` WHERE `status` <> -1 LIMIT 1   [ RunTime:0.0008s ]
INFO: [ view_parse ] --START--
INFO: [ template_filter ] --START--
INFO: Run Behavior\ContentReplaceBehavior [ RunTime:0.000081s ]
INFO: [ template_filter ] --END-- [ RunTime:0.000191s ]
SQL: SELECT * FROM `cms_menu` WHERE `status` <> -1 AND `type` = 1 ORDER BY listorder desc, menu_id desc  [ RunTime:0.0009s ]
NOTIC: [8] Undefined index: a D:\xampp\htdocs\php\tinycms\Application\Common\Common\function.php 第 33 行.
NOTIC: [8] Undefined index: a D:\xampp\htdocs\php\tinycms\Application\Common\Common\function.php 第 33 行.
NOTIC: [8] Undefined index: a D:\xampp\htdocs\php\tinycms\Application\Common\Common\function.php 第 33 行.
NOTIC: [8] Undefined index: a D:\xampp\htdocs\php\tinycms\Application\Common\Common\function.php 第 33 行.
NOTIC: [8] Undefined index: a D:\xampp\htdocs\php\tinycms\Application\Common\Common\function.php 第 33 行.
NOTIC: [8] Undefined index: a D:\xampp\htdocs\php\tinycms\Application\Common\Common\function.php 第 33 行.
NOTIC: [8] Array to string conversion D:\xampp\htdocs\php\tinycms\Application\Runtime\Cache\Admin\b956215329b6f9aca22277599a4efdfc.php 第 103 行.
INFO: Run Behavior\ParseTemplateBehavior [ RunTime:0.018542s ]
INFO: [ view_parse ] --END-- [ RunTime:0.018602s ]
INFO: [ view_filter ] --START--
INFO: Run Behavior\WriteHtmlCacheBehavior [ RunTime:0.000772s ]
INFO: [ view_filter ] --END-- [ RunTime:0.000831s ]
INFO: [ app_end ] --START--
INFO: Run Behavior\ShowPageTraceBehavior [ RunTime:0.000976s ]
INFO: [ app_end ] --END-- [ RunTime:0.001058s ]

[ 2016-07-11T21:47:53+08:00 ] 127.0.0.1 /admin.php?c=content
INFO: [ app_init ] --START--
INFO: Run Behavior\BuildLiteBehavior [ RunTime:0.000043s ]
INFO: [ app_init ] --END-- [ RunTime:0.000795s ]
INFO: [ app_begin ] --START--
INFO: Run Behavior\ReadHtmlCacheBehavior [ RunTime:0.001586s ]
INFO: [ app_begin ] --END-- [ RunTime:0.001688s ]

[ 2016-07-11T21:47:55+08:00 ] 127.0.0.1 /admin.php?c=menu
INFO: [ app_init ] --START--
INFO: Run Behavior\BuildLiteBehavior [ RunTime:0.000016s ]
INFO: [ app_init ] --END-- [ RunTime:0.000417s ]
INFO: [ app_begin ] --START--
INFO: Run Behavior\ReadHtmlCacheBehavior [ RunTime:0.000765s ]
INFO: [ app_begin ] --END-- [ RunTime:0.000847s ]
NOTIC: [2048] Declaration of Common\Model\MenuModel::find() should be compatible with Think\Model::find($options = Array) D:\xampp\htdocs\php\tinycms\Application\Common\Model\MenuModel.class.php 第 5 行.
SQL: SHOW COLUMNS FROM `cms_menu` [ RunTime:0.0053s ]
SQL: SELECT * FROM `cms_menu` WHERE `status` <> -1 ORDER BY listorder desc, menu_id desc LIMIT 0,3   [ RunTime:0.0012s ]
SQL: SELECT COUNT(*) AS tp_count FROM `cms_menu` WHERE `status` <> -1 LIMIT 1   [ RunTime:0.0006s ]
INFO: [ view_parse ] --START--
INFO: [ template_filter ] --START--
INFO: Run Behavior\ContentReplaceBehavior [ RunTime:0.000092s ]
INFO: [ template_filter ] --END-- [ RunTime:0.000172s ]
SQL: SELECT * FROM `cms_menu` WHERE `status` <> -1 AND `type` = 1 ORDER BY listorder desc, menu_id desc  [ RunTime:0.0009s ]
NOTIC: [8] Undefined index: a D:\xampp\htdocs\php\tinycms\Application\Common\Common\function.php 第 33 行.
NOTIC: [8] Undefined index: a D:\xampp\htdocs\php\tinycms\Application\Common\Common\function.php 第 33 行.
NOTIC: [8] Undefined index: a D:\xampp\htdocs\php\tinycms\Application\Common\Common\function.php 第 33 行.
NOTIC: [8] Undefined index: a D:\xampp\htdocs\php\tinycms\Application\Common\Common\function.php 第 33 行.
NOTIC: [8] Undefined index: a D:\xampp\htdocs\php\tinycms\Application\Common\Common\function.php 第 33 行.
NOTIC: [8] Undefined index: a D:\xampp\htdocs\php\tinycms\Application\Common\Common\function.php 第 33 行.
NOTIC: [8] Array to string conversion D:\xampp\htdocs\php\tinycms\Application\Runtime\Cache\Admin\b956215329b6f9aca22277599a4efdfc.php 第 103 行.
INFO: Run Behavior\ParseTemplateBehavior [ RunTime:0.017597s ]
INFO: [ view_parse ] --END-- [ RunTime:0.017655s ]
INFO: [ view_filter ] --START--
INFO: Run Behavior\WriteHtmlCacheBehavior [ RunTime:0.000724s ]
INFO: [ view_filter ] --END-- [ RunTime:0.000781s ]
INFO: [ app_end ] --START--
INFO: Run Behavior\ShowPageTraceBehavior [ RunTime:0.000873s ]
INFO: [ app_end ] --END-- [ RunTime:0.000952s ]

[ 2016-07-11T21:47:59+08:00 ] 127.0.0.1 /admin.php?c=content
INFO: [ app_init ] --START--
INFO: Run Behavior\BuildLiteBehavior [ RunTime:0.000018s ]
INFO: [ app_init ] --END-- [ RunTime:0.000477s ]
INFO: [ app_begin ] --START--
INFO: Run Behavior\ReadHtmlCacheBehavior [ RunTime:0.000871s ]
INFO: [ app_begin ] --END-- [ RunTime:0.000961s ]

[ 2016-07-11T21:48:31+08:00 ] 127.0.0.1 /admin.php?c=content
INFO: [ app_init ] --START--
INFO: Run Behavior\BuildLiteBehavior [ RunTime:0.000023s ]
INFO: [ app_init ] --END-- [ RunTime:0.000556s ]
INFO: [ app_begin ] --START--
INFO: Run Behavior\ReadHtmlCacheBehavior [ RunTime:0.000760s ]
INFO: [ app_begin ] --END-- [ RunTime:0.000831s ]

[ 2016-07-11T21:48:42+08:00 ] 127.0.0.1 /admin.php?c=menu
INFO: [ app_init ] --START--
INFO: Run Behavior\BuildLiteBehavior [ RunTime:0.000017s ]
INFO: [ app_init ] --END-- [ RunTime:0.000506s ]
INFO: [ app_begin ] --START--
INFO: Run Behavior\ReadHtmlCacheBehavior [ RunTime:0.000713s ]
INFO: [ app_begin ] --END-- [ RunTime:0.000825s ]
NOTIC: [2048] Declaration of Common\Model\MenuModel::find() should be compatible with Think\Model::find($options = Array) D:\xampp\htdocs\php\tinycms\Application\Common\Model\MenuModel.class.php 第 5 行.
SQL: SHOW COLUMNS FROM `cms_menu` [ RunTime:0.0042s ]
SQL: SELECT * FROM `cms_menu` WHERE `status` <> -1 ORDER BY listorder desc, menu_id desc LIMIT 0,3   [ RunTime:0.0006s ]
SQL: SELECT COUNT(*) AS tp_count FROM `cms_menu` WHERE `status` <> -1 LIMIT 1   [ RunTime:0.0003s ]
INFO: [ view_parse ] --START--
INFO: [ template_filter ] --START--
INFO: Run Behavior\ContentReplaceBehavior [ RunTime:0.000086s ]
INFO: [ template_filter ] --END-- [ RunTime:0.000181s ]
SQL: SELECT * FROM `cms_menu` WHERE `status` <> -1 AND `type` = 1 ORDER BY listorder desc, menu_id desc  [ RunTime:0.0010s ]
NOTIC: [8] Undefined index: a D:\xampp\htdocs\php\tinycms\Application\Common\Common\function.php 第 33 行.
NOTIC: [8] Undefined index: a D:\xampp\htdocs\php\tinycms\Application\Common\Common\function.php 第 33 行.
NOTIC: [8] Undefined index: a D:\xampp\htdocs\php\tinycms\Application\Common\Common\function.php 第 33 行.
NOTIC: [8] Undefined index: a D:\xampp\htdocs\php\tinycms\Application\Common\Common\function.php 第 33 行.
NOTIC: [8] Undefined index: a D:\xampp\htdocs\php\tinycms\Application\Common\Common\function.php 第 33 行.
NOTIC: [8] Undefined index: a D:\xampp\htdocs\php\tinycms\Application\Common\Common\function.php 第 33 行.
NOTIC: [8] Array to string conversion D:\xampp\htdocs\php\tinycms\Application\Runtime\Cache\Admin\b956215329b6f9aca22277599a4efdfc.php 第 103 行.
INFO: Run Behavior\ParseTemplateBehavior [ RunTime:0.014802s ]
INFO: [ view_parse ] --END-- [ RunTime:0.014876s ]
INFO: [ view_filter ] --START--
INFO: Run Behavior\WriteHtmlCacheBehavior [ RunTime:0.000654s ]
INFO: [ view_filter ] --END-- [ RunTime:0.000713s ]
INFO: [ app_end ] --START--
INFO: Run Behavior\ShowPageTraceBehavior [ RunTime:0.001136s ]
INFO: [ app_end ] --END-- [ RunTime:0.001226s ]

[ 2016-07-11T21:48:45+08:00 ] 127.0.0.1 /admin.php?c=content
INFO: [ app_init ] --START--
INFO: Run Behavior\BuildLiteBehavior [ RunTime:0.000019s ]
INFO: [ app_init ] --END-- [ RunTime:0.000505s ]
INFO: [ app_begin ] --START--
INFO: Run Behavior\ReadHtmlCacheBehavior [ RunTime:0.000678s ]
INFO: [ app_begin ] --END-- [ RunTime:0.000754s ]

[ 2016-07-11T21:48:59+08:00 ] 127.0.0.1 /admin.php?c=content
INFO: [ app_init ] --START--
INFO: Run Behavior\BuildLiteBehavior [ RunTime:0.000020s ]
INFO: [ app_init ] --END-- [ RunTime:0.000552s ]
INFO: [ app_begin ] --START--
INFO: Run Behavior\ReadHtmlCacheBehavior [ RunTime:0.000799s ]
INFO: [ app_begin ] --END-- [ RunTime:0.000890s ]
INFO: [ view_parse ] --START--
INFO: [ template_filter ] --START--
INFO: Run Behavior\ContentReplaceBehavior [ RunTime:0.000071s ]
INFO: [ template_filter ] --END-- [ RunTime:0.006382s ]
NOTIC: [2048] Declaration of Common\Model\MenuModel::find() should be compatible with Think\Model::find($options = Array) D:\xampp\htdocs\php\tinycms\Application\Common\Model\MenuModel.class.php 第 5 行.
SQL: SHOW COLUMNS FROM `cms_menu` [ RunTime:0.0092s ]
SQL: SELECT * FROM `cms_menu` WHERE `status` <> -1 AND `type` = 1 ORDER BY listorder desc, menu_id desc  [ RunTime:0.0007s ]
NOTIC: [8] Undefined index: a D:\xampp\htdocs\php\tinycms\Application\Common\Common\function.php 第 33 行.
NOTIC: [8] Undefined index: a D:\xampp\htdocs\php\tinycms\Application\Common\Common\function.php 第 33 行.
NOTIC: [8] Undefined index: a D:\xampp\htdocs\php\tinycms\Application\Common\Common\function.php 第 33 行.
NOTIC: [8] Undefined index: a D:\xampp\htdocs\php\tinycms\Application\Common\Common\function.php 第 33 行.
NOTIC: [8] Undefined index: a D:\xampp\htdocs\php\tinycms\Application\Common\Common\function.php 第 33 行.
NOTIC: [8] Undefined index: a D:\xampp\htdocs\php\tinycms\Application\Common\Common\function.php 第 33 行.
NOTIC: [8] Undefined variable: new D:\xampp\htdocs\php\tinycms\Application\Runtime\Cache\Admin\ccc9ced3ad798311a07cb47b740981c5.php 第 157 行.
INFO: Run Behavior\ParseTemplateBehavior [ RunTime:0.059605s ]
INFO: [ view_parse ] --END-- [ RunTime:0.059658s ]
INFO: [ view_filter ] --START--
INFO: Run Behavior\WriteHtmlCacheBehavior [ RunTime:0.000569s ]
INFO: [ view_filter ] --END-- [ RunTime:0.000627s ]
INFO: [ app_end ] --START--
INFO: Run Behavior\ShowPageTraceBehavior [ RunTime:0.000684s ]
INFO: [ app_end ] --END-- [ RunTime:0.000737s ]

[ 2016-07-11T21:49:07+08:00 ] 127.0.0.1 /admin.php?c=menu
INFO: [ app_init ] --START--
INFO: Run Behavior\BuildLiteBehavior [ RunTime:0.000018s ]
INFO: [ app_init ] --END-- [ RunTime:0.000562s ]
INFO: [ app_begin ] --START--
INFO: Run Behavior\ReadHtmlCacheBehavior [ RunTime:0.000686s ]
INFO: [ app_begin ] --END-- [ RunTime:0.000768s ]
NOTIC: [2048] Declaration of Common\Model\MenuModel::find() should be compatible with Think\Model::find($options = Array) D:\xampp\htdocs\php\tinycms\Application\Common\Model\MenuModel.class.php 第 5 行.
SQL: SHOW COLUMNS FROM `cms_menu` [ RunTime:0.0087s ]
SQL: SELECT * FROM `cms_menu` WHERE `status` <> -1 ORDER BY listorder desc, menu_id desc LIMIT 0,3   [ RunTime:0.0008s ]
SQL: SELECT COUNT(*) AS tp_count FROM `cms_menu` WHERE `status` <> -1 LIMIT 1   [ RunTime:0.0015s ]
INFO: [ view_parse ] --START--
INFO: [ template_filter ] --START--
INFO: Run Behavior\ContentReplaceBehavior [ RunTime:0.000077s ]
INFO: [ template_filter ] --END-- [ RunTime:0.000139s ]
SQL: SELECT * FROM `cms_menu` WHERE `status` <> -1 AND `type` = 1 ORDER BY listorder desc, menu_id desc  [ RunTime:0.0010s ]
NOTIC: [8] Undefined index: a D:\xampp\htdocs\php\tinycms\Application\Common\Common\function.php 第 33 行.
NOTIC: [8] Undefined index: a D:\xampp\htdocs\php\tinycms\Application\Common\Common\function.php 第 33 行.
NOTIC: [8] Undefined index: a D:\xampp\htdocs\php\tinycms\Application\Common\Common\function.php 第 33 行.
NOTIC: [8] Undefined index: a D:\xampp\htdocs\php\tinycms\Application\Common\Common\function.php 第 33 行.
NOTIC: [8] Undefined index: a D:\xampp\htdocs\php\tinycms\Application\Common\Common\function.php 第 33 行.
NOTIC: [8] Undefined index: a D:\xampp\htdocs\php\tinycms\Application\Common\Common\function.php 第 33 行.
NOTIC: [8] Array to string conversion D:\xampp\htdocs\php\tinycms\Application\Runtime\Cache\Admin\b956215329b6f9aca22277599a4efdfc.php 第 103 行.
INFO: Run Behavior\ParseTemplateBehavior [ RunTime:0.016308s ]
INFO: [ view_parse ] --END-- [ RunTime:0.016370s ]
INFO: [ view_filter ] --START--
INFO: Run Behavior\WriteHtmlCacheBehavior [ RunTime:0.001848s ]
INFO: [ view_filter ] --END-- [ RunTime:0.001931s ]
INFO: [ app_end ] --START--
INFO: Run Behavior\ShowPageTraceBehavior [ RunTime:0.000811s ]
INFO: [ app_end ] --END-- [ RunTime:0.000904s ]

[ 2016-07-11T21:49:13+08:00 ] 127.0.0.1 /admin.php?c=menu&a=add
INFO: [ app_init ] --START--
INFO: Run Behavior\BuildLiteBehavior [ RunTime:0.000016s ]
INFO: [ app_init ] --END-- [ RunTime:0.000517s ]
INFO: [ app_begin ] --START--
INFO: Run Behavior\ReadHtmlCacheBehavior [ RunTime:0.000766s ]
INFO: [ app_begin ] --END-- [ RunTime:0.000915s ]
INFO: [ view_parse ] --START--
INFO: [ template_filter ] --START--
INFO: Run Behavior\ContentReplaceBehavior [ RunTime:0.000074s ]
INFO: [ template_filter ] --END-- [ RunTime:0.000137s ]
NOTIC: [2048] Declaration of Common\Model\MenuModel::find() should be compatible with Think\Model::find($options = Array) D:\xampp\htdocs\php\tinycms\Application\Common\Model\MenuModel.class.php 第 5 行.
SQL: SHOW COLUMNS FROM `cms_menu` [ RunTime:0.0043s ]
SQL: SELECT * FROM `cms_menu` WHERE `status` <> -1 AND `type` = 1 ORDER BY listorder desc, menu_id desc  [ RunTime:0.0008s ]
NOTIC: [8] Undefined index: a D:\xampp\htdocs\php\tinycms\Application\Common\Common\function.php 第 33 行.
NOTIC: [8] Undefined index: a D:\xampp\htdocs\php\tinycms\Application\Common\Common\function.php 第 33 行.
NOTIC: [8] Undefined index: a D:\xampp\htdocs\php\tinycms\Application\Common\Common\function.php 第 33 行.
NOTIC: [8] Undefined index: a D:\xampp\htdocs\php\tinycms\Application\Common\Common\function.php 第 33 行.
NOTIC: [8] Undefined index: a D:\xampp\htdocs\php\tinycms\Application\Common\Common\function.php 第 33 行.
NOTIC: [8] Undefined index: a D:\xampp\htdocs\php\tinycms\Application\Common\Common\function.php 第 33 行.
NOTIC: [8] Undefined variable: menus D:\xampp\htdocs\php\tinycms\Application\Runtime\Cache\Admin\31553d7bb41170a30982ff9dddd5d67e.php 第 125 行.
INFO: Run Behavior\ParseTemplateBehavior [ RunTime:0.068933s ]
INFO: [ view_parse ] --END-- [ RunTime:0.068989s ]
INFO: [ view_filter ] --START--
INFO: Run Behavior\WriteHtmlCacheBehavior [ RunTime:0.000641s ]
INFO: [ view_filter ] --END-- [ RunTime:0.000708s ]
INFO: [ app_end ] --START--
INFO: Run Behavior\ShowPageTraceBehavior [ RunTime:0.001063s ]
INFO: [ app_end ] --END-- [ RunTime:0.001150s ]

[ 2016-07-11T21:49:20+08:00 ] 127.0.0.1 /admin.php?c=menu
INFO: [ app_init ] --START--
INFO: Run Behavior\BuildLiteBehavior [ RunTime:0.000018s ]
INFO: [ app_init ] --END-- [ RunTime:0.000515s ]
INFO: [ app_begin ] --START--
INFO: Run Behavior\ReadHtmlCacheBehavior [ RunTime:0.000814s ]
INFO: [ app_begin ] --END-- [ RunTime:0.000892s ]
NOTIC: [2048] Declaration of Common\Model\MenuModel::find() should be compatible with Think\Model::find($options = Array) D:\xampp\htdocs\php\tinycms\Application\Common\Model\MenuModel.class.php 第 5 行.
SQL: SHOW COLUMNS FROM `cms_menu` [ RunTime:0.0043s ]
SQL: SELECT * FROM `cms_menu` WHERE `status` <> -1 ORDER BY listorder desc, menu_id desc LIMIT 0,3   [ RunTime:0.0007s ]
SQL: SELECT COUNT(*) AS tp_count FROM `cms_menu` WHERE `status` <> -1 LIMIT 1   [ RunTime:0.0006s ]
INFO: [ view_parse ] --START--
INFO: [ template_filter ] --START--
INFO: Run Behavior\ContentReplaceBehavior [ RunTime:0.000081s ]
INFO: [ template_filter ] --END-- [ RunTime:0.000149s ]
SQL: SELECT * FROM `cms_menu` WHERE `status` <> -1 AND `type` = 1 ORDER BY listorder desc, menu_id desc  [ RunTime:0.0018s ]
NOTIC: [8] Undefined index: a D:\xampp\htdocs\php\tinycms\Application\Common\Common\function.php 第 33 行.
NOTIC: [8] Undefined index: a D:\xampp\htdocs\php\tinycms\Application\Common\Common\function.php 第 33 行.
NOTIC: [8] Undefined index: a D:\xampp\htdocs\php\tinycms\Application\Common\Common\function.php 第 33 行.
NOTIC: [8] Undefined index: a D:\xampp\htdocs\php\tinycms\Application\Common\Common\function.php 第 33 行.
NOTIC: [8] Undefined index: a D:\xampp\htdocs\php\tinycms\Application\Common\Common\function.php 第 33 行.
NOTIC: [8] Undefined index: a D:\xampp\htdocs\php\tinycms\Application\Common\Common\function.php 第 33 行.
NOTIC: [8] Array to string conversion D:\xampp\htdocs\php\tinycms\Application\Runtime\Cache\Admin\b956215329b6f9aca22277599a4efdfc.php 第 103 行.
INFO: Run Behavior\ParseTemplateBehavior [ RunTime:0.017028s ]
INFO: [ view_parse ] --END-- [ RunTime:0.017090s ]
INFO: [ view_filter ] --START--
INFO: Run Behavior\WriteHtmlCacheBehavior [ RunTime:0.000799s ]
INFO: [ view_filter ] --END-- [ RunTime:0.000857s ]
INFO: [ app_end ] --START--
INFO: Run Behavior\ShowPageTraceBehavior [ RunTime:0.000914s ]
INFO: [ app_end ] --END-- [ RunTime:0.000992s ]

[ 2016-07-11T21:49:27+08:00 ] 127.0.0.1 /admin.php?c=menu&a=index&type=1
INFO: [ app_init ] --START--
INFO: Run Behavior\BuildLiteBehavior [ RunTime:0.000019s ]
INFO: [ app_init ] --END-- [ RunTime:0.000761s ]
INFO: [ app_begin ] --START--
INFO: Run Behavior\ReadHtmlCacheBehavior [ RunTime:0.000790s ]
INFO: [ app_begin ] --END-- [ RunTime:0.000868s ]
NOTIC: [2048] Declaration of Common\Model\MenuModel::find() should be compatible with Think\Model::find($options = Array) D:\xampp\htdocs\php\tinycms\Application\Common\Model\MenuModel.class.php 第 5 行.
SQL: SHOW COLUMNS FROM `cms_menu` [ RunTime:0.0078s ]
SQL: SELECT * FROM `cms_menu` WHERE `type` = 1 AND `status` <> -1 ORDER BY listorder desc, menu_id desc LIMIT 0,3   [ RunTime:0.0007s ]
SQL: SELECT COUNT(*) AS tp_count FROM `cms_menu` WHERE `type` = 1 AND `status` <> -1 LIMIT 1   [ RunTime:0.0009s ]
INFO: [ view_parse ] --START--
INFO: [ template_filter ] --START--
INFO: Run Behavior\ContentReplaceBehavior [ RunTime:0.000082s ]
INFO: [ template_filter ] --END-- [ RunTime:0.000138s ]
SQL: SELECT * FROM `cms_menu` WHERE `status` <> -1 AND `type` = 1 ORDER BY listorder desc, menu_id desc  [ RunTime:0.0008s ]
NOTIC: [8] Undefined index: a D:\xampp\htdocs\php\tinycms\Application\Common\Common\function.php 第 33 行.
NOTIC: [8] Undefined index: a D:\xampp\htdocs\php\tinycms\Application\Common\Common\function.php 第 33 行.
NOTIC: [8] Undefined index: a D:\xampp\htdocs\php\tinycms\Application\Common\Common\function.php 第 33 行.
NOTIC: [8] Undefined index: a D:\xampp\htdocs\php\tinycms\Application\Common\Common\function.php 第 33 行.
NOTIC: [8] Undefined index: a D:\xampp\htdocs\php\tinycms\Application\Common\Common\function.php 第 33 行.
NOTIC: [8] Undefined index: a D:\xampp\htdocs\php\tinycms\Application\Common\Common\function.php 第 33 行.
NOTIC: [8] Array to string conversion D:\xampp\htdocs\php\tinycms\Application\Runtime\Cache\Admin\b956215329b6f9aca22277599a4efdfc.php 第 103 行.
INFO: Run Behavior\ParseTemplateBehavior [ RunTime:0.014393s ]
INFO: [ view_parse ] --END-- [ RunTime:0.014575s ]
INFO: [ view_filter ] --START--
INFO: Run Behavior\WriteHtmlCacheBehavior [ RunTime:0.001177s ]
INFO: [ view_filter ] --END-- [ RunTime:0.001237s ]
INFO: [ app_end ] --START--
INFO: Run Behavior\ShowPageTraceBehavior [ RunTime:0.000875s ]
INFO: [ app_end ] --END-- [ RunTime:0.000955s ]

[ 2016-07-11T21:49:28+08:00 ] 127.0.0.1 /admin.php?c=menu&a=index&type=1
INFO: [ app_init ] --START--
INFO: Run Behavior\BuildLiteBehavior [ RunTime:0.000019s ]
INFO: [ app_init ] --END-- [ RunTime:0.000690s ]
INFO: [ app_begin ] --START--
INFO: Run Behavior\ReadHtmlCacheBehavior [ RunTime:0.000836s ]
INFO: [ app_begin ] --END-- [ RunTime:0.000947s ]
NOTIC: [2048] Declaration of Common\Model\MenuModel::find() should be compatible with Think\Model::find($options = Array) D:\xampp\htdocs\php\tinycms\Application\Common\Model\MenuModel.class.php 第 5 行.
SQL: SHOW COLUMNS FROM `cms_menu` [ RunTime:0.0059s ]
SQL: SELECT * FROM `cms_menu` WHERE `type` = 1 AND `status` <> -1 ORDER BY listorder desc, menu_id desc LIMIT 0,3   [ RunTime:0.0008s ]
SQL: SELECT COUNT(*) AS tp_count FROM `cms_menu` WHERE `type` = 1 AND `status` <> -1 LIMIT 1   [ RunTime:0.0007s ]
INFO: [ view_parse ] --START--
INFO: [ template_filter ] --START--
INFO: Run Behavior\ContentReplaceBehavior [ RunTime:0.000081s ]
INFO: [ template_filter ] --END-- [ RunTime:0.000142s ]
SQL: SELECT * FROM `cms_menu` WHERE `status` <> -1 AND `type` = 1 ORDER BY listorder desc, menu_id desc  [ RunTime:0.0008s ]
NOTIC: [8] Undefined index: a D:\xampp\htdocs\php\tinycms\Application\Common\Common\function.php 第 33 行.
NOTIC: [8] Undefined index: a D:\xampp\htdocs\php\tinycms\Application\Common\Common\function.php 第 33 行.
NOTIC: [8] Undefined index: a D:\xampp\htdocs\php\tinycms\Application\Common\Common\function.php 第 33 行.
NOTIC: [8] Undefined index: a D:\xampp\htdocs\php\tinycms\Application\Common\Common\function.php 第 33 行.
NOTIC: [8] Undefined index: a D:\xampp\htdocs\php\tinycms\Application\Common\Common\function.php 第 33 行.
NOTIC: [8] Undefined index: a D:\xampp\htdocs\php\tinycms\Application\Common\Common\function.php 第 33 行.
NOTIC: [8] Array to string conversion D:\xampp\htdocs\php\tinycms\Application\Runtime\Cache\Admin\b956215329b6f9aca22277599a4efdfc.php 第 103 行.
INFO: Run Behavior\ParseTemplateBehavior [ RunTime:0.015023s ]
INFO: [ view_parse ] --END-- [ RunTime:0.015078s ]
INFO: [ view_filter ] --START--
INFO: Run Behavior\WriteHtmlCacheBehavior [ RunTime:0.000665s ]
INFO: [ view_filter ] --END-- [ RunTime:0.000722s ]
INFO: [ app_end ] --START--
INFO: Run Behavior\ShowPageTraceBehavior [ RunTime:0.001031s ]
INFO: [ app_end ] --END-- [ RunTime:0.001114s ]

[ 2016-07-11T21:49:32+08:00 ] 127.0.0.1 /admin.php?c=menu&a=index&type=2
INFO: [ app_init ] --START--
INFO: Run Behavior\BuildLiteBehavior [ RunTime:0.000018s ]
INFO: [ app_init ] --END-- [ RunTime:0.000679s ]
INFO: [ app_begin ] --START--
INFO: Run Behavior\ReadHtmlCacheBehavior [ RunTime:0.000858s ]
INFO: [ app_begin ] --END-- [ RunTime:0.000931s ]
NOTIC: [2048] Declaration of Common\Model\MenuModel::find() should be compatible with Think\Model::find($options = Array) D:\xampp\htdocs\php\tinycms\Application\Common\Model\MenuModel.class.php 第 5 行.
SQL: SHOW COLUMNS FROM `cms_menu` [ RunTime:0.0042s ]
SQL: SELECT * FROM `cms_menu` WHERE `status` <> -1 ORDER BY listorder desc, menu_id desc LIMIT 0,3   [ RunTime:0.0006s ]
SQL: SELECT COUNT(*) AS tp_count FROM `cms_menu` WHERE `status` <> -1 LIMIT 1   [ RunTime:0.0005s ]
INFO: [ view_parse ] --START--
INFO: [ template_filter ] --START--
INFO: Run Behavior\ContentReplaceBehavior [ RunTime:0.000089s ]
INFO: [ template_filter ] --END-- [ RunTime:0.000147s ]
SQL: SELECT * FROM `cms_menu` WHERE `status` <> -1 AND `type` = 1 ORDER BY listorder desc, menu_id desc  [ RunTime:0.0011s ]
NOTIC: [8] Undefined index: a D:\xampp\htdocs\php\tinycms\Application\Common\Common\function.php 第 33 行.
NOTIC: [8] Undefined index: a D:\xampp\htdocs\php\tinycms\Application\Common\Common\function.php 第 33 行.
NOTIC: [8] Undefined index: a D:\xampp\htdocs\php\tinycms\Application\Common\Common\function.php 第 33 行.
NOTIC: [8] Undefined index: a D:\xampp\htdocs\php\tinycms\Application\Common\Common\function.php 第 33 行.
NOTIC: [8] Undefined index: a D:\xampp\htdocs\php\tinycms\Application\Common\Common\function.php 第 33 行.
NOTIC: [8] Undefined index: a D:\xampp\htdocs\php\tinycms\Application\Common\Common\function.php 第 33 行.
NOTIC: [8] Array to string conversion D:\xampp\htdocs\php\tinycms\Application\Runtime\Cache\Admin\b956215329b6f9aca22277599a4efdfc.php 第 103 行.
INFO: Run Behavior\ParseTemplateBehavior [ RunTime:0.014778s ]
INFO: [ view_parse ] --END-- [ RunTime:0.014831s ]
INFO: [ view_filter ] --START--
INFO: Run Behavior\WriteHtmlCacheBehavior [ RunTime:0.000720s ]
INFO: [ view_filter ] --END-- [ RunTime:0.000771s ]
INFO: [ app_end ] --START--
INFO: Run Behavior\ShowPageTraceBehavior [ RunTime:0.000991s ]
INFO: [ app_end ] --END-- [ RunTime:0.001073s ]

[ 2016-07-11T21:49:32+08:00 ] 127.0.0.1 /admin.php?c=menu&a=index&type=2
INFO: [ app_init ] --START--
INFO: Run Behavior\BuildLiteBehavior [ RunTime:0.000023s ]
INFO: [ app_init ] --END-- [ RunTime:0.000487s ]
INFO: [ app_begin ] --START--
INFO: Run Behavior\ReadHtmlCacheBehavior [ RunTime:0.000835s ]
INFO: [ app_begin ] --END-- [ RunTime:0.001096s ]
NOTIC: [2048] Declaration of Common\Model\MenuModel::find() should be compatible with Think\Model::find($options = Array) D:\xampp\htdocs\php\tinycms\Application\Common\Model\MenuModel.class.php 第 5 行.
SQL: SHOW COLUMNS FROM `cms_menu` [ RunTime:0.0046s ]
SQL: SELECT * FROM `cms_menu` WHERE `status` <> -1 ORDER BY listorder desc, menu_id desc LIMIT 0,3   [ RunTime:0.0006s ]
SQL: SELECT COUNT(*) AS tp_count FROM `cms_menu` WHERE `status` <> -1 LIMIT 1   [ RunTime:0.0003s ]
INFO: [ view_parse ] --START--
INFO: [ template_filter ] --START--
INFO: Run Behavior\ContentReplaceBehavior [ RunTime:0.000085s ]
INFO: [ template_filter ] --END-- [ RunTime:0.000147s ]
SQL: SELECT * FROM `cms_menu` WHERE `status` <> -1 AND `type` = 1 ORDER BY listorder desc, menu_id desc  [ RunTime:0.0016s ]
NOTIC: [8] Undefined index: a D:\xampp\htdocs\php\tinycms\Application\Common\Common\function.php 第 33 行.
NOTIC: [8] Undefined index: a D:\xampp\htdocs\php\tinycms\Application\Common\Common\function.php 第 33 行.
NOTIC: [8] Undefined index: a D:\xampp\htdocs\php\tinycms\Application\Common\Common\function.php 第 33 行.
NOTIC: [8] Undefined index: a D:\xampp\htdocs\php\tinycms\Application\Common\Common\function.php 第 33 行.
NOTIC: [8] Undefined index: a D:\xampp\htdocs\php\tinycms\Application\Common\Common\function.php 第 33 行.
NOTIC: [8] Undefined index: a D:\xampp\htdocs\php\tinycms\Application\Common\Common\function.php 第 33 行.
NOTIC: [8] Array to string conversion D:\xampp\htdocs\php\tinycms\Application\Runtime\Cache\Admin\b956215329b6f9aca22277599a4efdfc.php 第 103 行.
INFO: Run Behavior\ParseTemplateBehavior [ RunTime:0.015615s ]
INFO: [ view_parse ] --END-- [ RunTime:0.015671s ]
INFO: [ view_filter ] --START--
INFO: Run Behavior\WriteHtmlCacheBehavior [ RunTime:0.000716s ]
INFO: [ view_filter ] --END-- [ RunTime:0.000768s ]
INFO: [ app_end ] --START--
INFO: Run Behavior\ShowPageTraceBehavior [ RunTime:0.000988s ]
INFO: [ app_end ] --END-- [ RunTime:0.001081s ]

[ 2016-07-11T21:49:45+08:00 ] 127.0.0.1 /admin.php
INFO: [ app_init ] --START--
INFO: Run Behavior\BuildLiteBehavior [ RunTime:0.000014s ]
INFO: [ app_init ] --END-- [ RunTime:0.000331s ]
INFO: [ app_begin ] --START--
INFO: Run Behavior\ReadHtmlCacheBehavior [ RunTime:0.000433s ]
INFO: [ app_begin ] --END-- [ RunTime:0.000486s ]
INFO: [ view_parse ] --START--
INFO: [ template_filter ] --START--
INFO: Run Behavior\ContentReplaceBehavior [ RunTime:0.000070s ]
INFO: [ template_filter ] --END-- [ RunTime:0.000136s ]
NOTIC: [2048] Declaration of Common\Model\MenuModel::find() should be compatible with Think\Model::find($options = Array) D:\xampp\htdocs\php\tinycms\Application\Common\Model\MenuModel.class.php 第 5 行.
SQL: SHOW COLUMNS FROM `cms_menu` [ RunTime:0.0045s ]
SQL: SELECT * FROM `cms_menu` WHERE `status` <> -1 AND `type` = 1 ORDER BY listorder desc, menu_id desc  [ RunTime:0.0005s ]
NOTIC: [8] Undefined index: a D:\xampp\htdocs\php\tinycms\Application\Common\Common\function.php 第 33 行.
NOTIC: [8] Undefined index: a D:\xampp\htdocs\php\tinycms\Application\Common\Common\function.php 第 33 行.
NOTIC: [8] Undefined index: a D:\xampp\htdocs\php\tinycms\Application\Common\Common\function.php 第 33 行.
NOTIC: [8] Undefined index: a D:\xampp\htdocs\php\tinycms\Application\Common\Common\function.php 第 33 行.
NOTIC: [8] Undefined index: a D:\xampp\htdocs\php\tinycms\Application\Common\Common\function.php 第 33 行.
NOTIC: [8] Undefined index: a D:\xampp\htdocs\php\tinycms\Application\Common\Common\function.php 第 33 行.
INFO: Run Behavior\ParseTemplateBehavior [ RunTime:0.026221s ]
INFO: [ view_parse ] --END-- [ RunTime:0.026271s ]
INFO: [ view_filter ] --START--
INFO: Run Behavior\WriteHtmlCacheBehavior [ RunTime:0.000334s ]
INFO: [ view_filter ] --END-- [ RunTime:0.000376s ]
INFO: [ app_end ] --START--
INFO: Run Behavior\ShowPageTraceBehavior [ RunTime:0.000845s ]
INFO: [ app_end ] --END-- [ RunTime:0.000921s ]

[ 2016-07-11T21:49:48+08:00 ] 127.0.0.1 /admin.php?c=menu
INFO: [ app_init ] --START--
INFO: Run Behavior\BuildLiteBehavior [ RunTime:0.000026s ]
INFO: [ app_init ] --END-- [ RunTime:0.000686s ]
INFO: [ app_begin ] --START--
INFO: Run Behavior\ReadHtmlCacheBehavior [ RunTime:0.001171s ]
INFO: [ app_begin ] --END-- [ RunTime:0.001306s ]
NOTIC: [2048] Declaration of Common\Model\MenuModel::find() should be compatible with Think\Model::find($options = Array) D:\xampp\htdocs\php\tinycms\Application\Common\Model\MenuModel.class.php 第 5 行.
SQL: SHOW COLUMNS FROM `cms_menu` [ RunTime:0.0035s ]
SQL: SELECT * FROM `cms_menu` WHERE `status` <> -1 ORDER BY listorder desc, menu_id desc LIMIT 0,3   [ RunTime:0.0005s ]
SQL: SELECT COUNT(*) AS tp_count FROM `cms_menu` WHERE `status` <> -1 LIMIT 1   [ RunTime:0.0004s ]
INFO: [ view_parse ] --START--
INFO: [ template_filter ] --START--
INFO: Run Behavior\ContentReplaceBehavior [ RunTime:0.000080s ]
INFO: [ template_filter ] --END-- [ RunTime:0.000143s ]
SQL: SELECT * FROM `cms_menu` WHERE `status` <> -1 AND `type` = 1 ORDER BY listorder desc, menu_id desc  [ RunTime:0.0007s ]
NOTIC: [8] Undefined index: a D:\xampp\htdocs\php\tinycms\Application\Common\Common\function.php 第 33 行.
NOTIC: [8] Undefined index: a D:\xampp\htdocs\php\tinycms\Application\Common\Common\function.php 第 33 行.
NOTIC: [8] Undefined index: a D:\xampp\htdocs\php\tinycms\Application\Common\Common\function.php 第 33 行.
NOTIC: [8] Undefined index: a D:\xampp\htdocs\php\tinycms\Application\Common\Common\function.php 第 33 行.
NOTIC: [8] Undefined index: a D:\xampp\htdocs\php\tinycms\Application\Common\Common\function.php 第 33 行.
NOTIC: [8] Undefined index: a D:\xampp\htdocs\php\tinycms\Application\Common\Common\function.php 第 33 行.
NOTIC: [8] Array to string conversion D:\xampp\htdocs\php\tinycms\Application\Runtime\Cache\Admin\b956215329b6f9aca22277599a4efdfc.php 第 103 行.
INFO: Run Behavior\ParseTemplateBehavior [ RunTime:0.016325s ]
INFO: [ view_parse ] --END-- [ RunTime:0.016377s ]
INFO: [ view_filter ] --START--
INFO: Run Behavior\WriteHtmlCacheBehavior [ RunTime:0.000652s ]
INFO: [ view_filter ] --END-- [ RunTime:0.000700s ]
INFO: [ app_end ] --START--
INFO: Run Behavior\ShowPageTraceBehavior [ RunTime:0.000946s ]
INFO: [ app_end ] --END-- [ RunTime:0.001081s ]

[ 2016-07-11T21:49:52+08:00 ] 127.0.0.1 /admin.php?c=content
INFO: [ app_init ] --START--
INFO: Run Behavior\BuildLiteBehavior [ RunTime:0.000020s ]
INFO: [ app_init ] --END-- [ RunTime:0.000482s ]
INFO: [ app_begin ] --START--
INFO: Run Behavior\ReadHtmlCacheBehavior [ RunTime:0.000583s ]
INFO: [ app_begin ] --END-- [ RunTime:0.000668s ]
INFO: [ view_parse ] --START--
INFO: [ template_filter ] --START--
INFO: Run Behavior\ContentReplaceBehavior [ RunTime:0.000076s ]
INFO: [ template_filter ] --END-- [ RunTime:0.000140s ]
NOTIC: [2048] Declaration of Common\Model\MenuModel::find() should be compatible with Think\Model::find($options = Array) D:\xampp\htdocs\php\tinycms\Application\Common\Model\MenuModel.class.php 第 5 行.
SQL: SHOW COLUMNS FROM `cms_menu` [ RunTime:0.0042s ]
SQL: SELECT * FROM `cms_menu` WHERE `status` <> -1 AND `type` = 1 ORDER BY listorder desc, menu_id desc  [ RunTime:0.0007s ]
NOTIC: [8] Undefined index: a D:\xampp\htdocs\php\tinycms\Application\Common\Common\function.php 第 33 行.
NOTIC: [8] Undefined index: a D:\xampp\htdocs\php\tinycms\Application\Common\Common\function.php 第 33 行.
NOTIC: [8] Undefined index: a D:\xampp\htdocs\php\tinycms\Application\Common\Common\function.php 第 33 行.
NOTIC: [8] Undefined index: a D:\xampp\htdocs\php\tinycms\Application\Common\Common\function.php 第 33 行.
NOTIC: [8] Undefined index: a D:\xampp\htdocs\php\tinycms\Application\Common\Common\function.php 第 33 行.
NOTIC: [8] Undefined index: a D:\xampp\htdocs\php\tinycms\Application\Common\Common\function.php 第 33 行.
NOTIC: [8] Undefined variable: new D:\xampp\htdocs\php\tinycms\Application\Runtime\Cache\Admin\ccc9ced3ad798311a07cb47b740981c5.php 第 157 行.
INFO: Run Behavior\ParseTemplateBehavior [ RunTime:0.027530s ]
INFO: [ view_parse ] --END-- [ RunTime:0.027585s ]
INFO: [ view_filter ] --START--
INFO: Run Behavior\WriteHtmlCacheBehavior [ RunTime:0.000334s ]
INFO: [ view_filter ] --END-- [ RunTime:0.000375s ]
INFO: [ app_end ] --START--
INFO: Run Behavior\ShowPageTraceBehavior [ RunTime:0.000431s ]
INFO: [ app_end ] --END-- [ RunTime:0.000474s ]

[ 2016-07-11T21:50:08+08:00 ] 127.0.0.1 /admin.php?c=admin
INFO: [ app_init ] --START--
INFO: Run Behavior\BuildLiteBehavior [ RunTime:0.000014s ]
INFO: [ app_init ] --END-- [ RunTime:0.000392s ]
INFO: [ app_begin ] --START--
INFO: Run Behavior\ReadHtmlCacheBehavior [ RunTime:0.001490s ]
INFO: [ app_begin ] --END-- [ RunTime:0.001570s ]
ERR: 无法加载控制器:Admin

[ 2016-07-11T21:50:11+08:00 ] 127.0.0.1 /admin.php?c=content
INFO: [ app_init ] --START--
INFO: Run Behavior\BuildLiteBehavior [ RunTime:0.000015s ]
INFO: [ app_init ] --END-- [ RunTime:0.000391s ]
INFO: [ app_begin ] --START--
INFO: Run Behavior\ReadHtmlCacheBehavior [ RunTime:0.000651s ]
INFO: [ app_begin ] --END-- [ RunTime:0.000731s ]
INFO: [ view_parse ] --START--
INFO: [ template_filter ] --START--
INFO: Run Behavior\ContentReplaceBehavior [ RunTime:0.000068s ]
INFO: [ template_filter ] --END-- [ RunTime:0.000139s ]
NOTIC: [2048] Declaration of Common\Model\MenuModel::find() should be compatible with Think\Model::find($options = Array) D:\xampp\htdocs\php\tinycms\Application\Common\Model\MenuModel.class.php 第 5 行.
SQL: SHOW COLUMNS FROM `cms_menu` [ RunTime:0.0037s ]
SQL: SELECT * FROM `cms_menu` WHERE `status` <> -1 AND `type` = 1 ORDER BY listorder desc, menu_id desc  [ RunTime:0.0006s ]
NOTIC: [8] Undefined index: a D:\xampp\htdocs\php\tinycms\Application\Common\Common\function.php 第 33 行.
NOTIC: [8] Undefined index: a D:\xampp\htdocs\php\tinycms\Application\Common\Common\function.php 第 33 行.
NOTIC: [8] Undefined index: a D:\xampp\htdocs\php\tinycms\Application\Common\Common\function.php 第 33 行.
NOTIC: [8] Undefined index: a D:\xampp\htdocs\php\tinycms\Application\Common\Common\function.php 第 33 行.
NOTIC: [8] Undefined index: a D:\xampp\htdocs\php\tinycms\Application\Common\Common\function.php 第 33 行.
NOTIC: [8] Undefined index: a D:\xampp\htdocs\php\tinycms\Application\Common\Common\function.php 第 33 行.
NOTIC: [8] Undefined variable: new D:\xampp\htdocs\php\tinycms\Application\Runtime\Cache\Admin\ccc9ced3ad798311a07cb47b740981c5.php 第 157 行.
INFO: Run Behavior\ParseTemplateBehavior [ RunTime:0.027182s ]
INFO: [ view_parse ] --END-- [ RunTime:0.027229s ]
INFO: [ view_filter ] --START--
INFO: Run Behavior\WriteHtmlCacheBehavior [ RunTime:0.000529s ]
INFO: [ view_filter ] --END-- [ RunTime:0.000571s ]
INFO: [ app_end ] --START--
INFO: Run Behavior\ShowPageTraceBehavior [ RunTime:0.000608s ]
INFO: [ app_end ] --END-- [ RunTime:0.000654s ]

[ 2016-07-11T21:50:14+08:00 ] 127.0.0.1 /admin.php?c=position
INFO: [ app_init ] --START--
INFO: Run Behavior\BuildLiteBehavior [ RunTime:0.000016s ]
INFO: [ app_init ] --END-- [ RunTime:0.000435s ]
INFO: [ app_begin ] --START--
INFO: Run Behavior\ReadHtmlCacheBehavior [ RunTime:0.000873s ]
INFO: [ app_begin ] --END-- [ RunTime:0.000953s ]
ERR: 无法加载控制器:Position

[ 2016-07-11T21:50:15+08:00 ] 127.0.0.1 /admin.php?c=content
INFO: [ app_init ] --START--
INFO: Run Behavior\BuildLiteBehavior [ RunTime:0.000018s ]
INFO: [ app_init ] --END-- [ RunTime:0.000402s ]
INFO: [ app_begin ] --START--
INFO: Run Behavior\ReadHtmlCacheBehavior [ RunTime:0.000680s ]
INFO: [ app_begin ] --END-- [ RunTime:0.000744s ]
INFO: [ view_parse ] --START--
INFO: [ template_filter ] --START--
INFO: Run Behavior\ContentReplaceBehavior [ RunTime:0.000067s ]
INFO: [ template_filter ] --END-- [ RunTime:0.000124s ]
NOTIC: [2048] Declaration of Common\Model\MenuModel::find() should be compatible with Think\Model::find($options = Array) D:\xampp\htdocs\php\tinycms\Application\Common\Model\MenuModel.class.php 第 5 行.
SQL: SHOW COLUMNS FROM `cms_menu` [ RunTime:0.0037s ]
SQL: SELECT * FROM `cms_menu` WHERE `status` <> -1 AND `type` = 1 ORDER BY listorder desc, menu_id desc  [ RunTime:0.0005s ]
NOTIC: [8] Undefined index: a D:\xampp\htdocs\php\tinycms\Application\Common\Common\function.php 第 33 行.
NOTIC: [8] Undefined index: a D:\xampp\htdocs\php\tinycms\Application\Common\Common\function.php 第 33 行.
NOTIC: [8] Undefined index: a D:\xampp\htdocs\php\tinycms\Application\Common\Common\function.php 第 33 行.
NOTIC: [8] Undefined index: a D:\xampp\htdocs\php\tinycms\Application\Common\Common\function.php 第 33 行.
NOTIC: [8] Undefined index: a D:\xampp\htdocs\php\tinycms\Application\Common\Common\function.php 第 33 行.
NOTIC: [8] Undefined index: a D:\xampp\htdocs\php\tinycms\Application\Common\Common\function.php 第 33 行.
NOTIC: [8] Undefined variable: new D:\xampp\htdocs\php\tinycms\Application\Runtime\Cache\Admin\ccc9ced3ad798311a07cb47b740981c5.php 第 157 行.
INFO: Run Behavior\ParseTemplateBehavior [ RunTime:0.028927s ]
INFO: [ view_parse ] --END-- [ RunTime:0.028974s ]
INFO: [ view_filter ] --START--
INFO: Run Behavior\WriteHtmlCacheBehavior [ RunTime:0.000633s ]
INFO: [ view_filter ] --END-- [ RunTime:0.000677s ]
INFO: [ app_end ] --START--
INFO: Run Behavior\ShowPageTraceBehavior [ RunTime:0.000710s ]
INFO: [ app_end ] --END-- [ RunTime:0.000757s ]

[ 2016-07-11T21:50:17+08:00 ] 127.0.0.1 /admin.php?c=positioncontent
INFO: [ app_init ] --START--
INFO: Run Behavior\BuildLiteBehavior [ RunTime:0.000017s ]
INFO: [ app_init ] --END-- [ RunTime:0.000452s ]
INFO: [ app_begin ] --START--
INFO: Run Behavior\ReadHtmlCacheBehavior [ RunTime:0.000702s ]
INFO: [ app_begin ] --END-- [ RunTime:0.000770s ]
ERR: 无法加载控制器:Positioncontent

[ 2016-07-11T21:50:18+08:00 ] 127.0.0.1 /admin.php?c=content
INFO: [ app_init ] --START--
INFO: Run Behavior\BuildLiteBehavior [ RunTime:0.000016s ]
INFO: [ app_init ] --END-- [ RunTime:0.000428s ]
INFO: [ app_begin ] --START--
INFO: Run Behavior\ReadHtmlCacheBehavior [ RunTime:0.000639s ]
INFO: [ app_begin ] --END-- [ RunTime:0.000705s ]
INFO: [ view_parse ] --START--
INFO: [ template_filter ] --START--
INFO: Run Behavior\ContentReplaceBehavior [ RunTime:0.000068s ]
INFO: [ template_filter ] --END-- [ RunTime:0.000128s ]
NOTIC: [2048] Declaration of Common\Model\MenuModel::find() should be compatible with Think\Model::find($options = Array) D:\xampp\htdocs\php\tinycms\Application\Common\Model\MenuModel.class.php 第 5 行.
SQL: SHOW COLUMNS FROM `cms_menu` [ RunTime:0.0170s ]
SQL: SELECT * FROM `cms_menu` WHERE `status` <> -1 AND `type` = 1 ORDER BY listorder desc, menu_id desc  [ RunTime:0.0006s ]
NOTIC: [8] Undefined index: a D:\xampp\htdocs\php\tinycms\Application\Common\Common\function.php 第 33 行.
NOTIC: [8] Undefined index: a D:\xampp\htdocs\php\tinycms\Application\Common\Common\function.php 第 33 行.
NOTIC: [8] Undefined index: a D:\xampp\htdocs\php\tinycms\Application\Common\Common\function.php 第 33 行.
NOTIC: [8] Undefined index: a D:\xampp\htdocs\php\tinycms\Application\Common\Common\function.php 第 33 行.
NOTIC: [8] Undefined index: a D:\xampp\htdocs\php\tinycms\Application\Common\Common\function.php 第 33 行.
NOTIC: [8] Undefined index: a D:\xampp\htdocs\php\tinycms\Application\Common\Common\function.php 第 33 行.
NOTIC: [8] Undefined variable: new D:\xampp\htdocs\php\tinycms\Application\Runtime\Cache\Admin\ccc9ced3ad798311a07cb47b740981c5.php 第 157 行.
INFO: Run Behavior\ParseTemplateBehavior [ RunTime:0.040233s ]
INFO: [ view_parse ] --END-- [ RunTime:0.040283s ]
INFO: [ view_filter ] --START--
INFO: Run Behavior\WriteHtmlCacheBehavior [ RunTime:0.000823s ]
INFO: [ view_filter ] --END-- [ RunTime:0.000884s ]
INFO: [ app_end ] --START--
INFO: Run Behavior\ShowPageTraceBehavior [ RunTime:0.000717s ]
INFO: [ app_end ] --END-- [ RunTime:0.000767s ]

[ 2016-07-11T21:50:20+08:00 ] 127.0.0.1 /admin.php?c=menu
INFO: [ app_init ] --START--
INFO: Run Behavior\BuildLiteBehavior [ RunTime:0.000018s ]
INFO: [ app_init ] --END-- [ RunTime:0.000519s ]
INFO: [ app_begin ] --START--
INFO: Run Behavior\ReadHtmlCacheBehavior [ RunTime:0.000817s ]
INFO: [ app_begin ] --END-- [ RunTime:0.000912s ]
NOTIC: [2048] Declaration of Common\Model\MenuModel::find() should be compatible with Think\Model::find($options = Array) D:\xampp\htdocs\php\tinycms\Application\Common\Model\MenuModel.class.php 第 5 行.
SQL: SHOW COLUMNS FROM `cms_menu` [ RunTime:0.0076s ]
SQL: SELECT * FROM `cms_menu` WHERE `status` <> -1 ORDER BY listorder desc, menu_id desc LIMIT 0,3   [ RunTime:0.0007s ]
SQL: SELECT COUNT(*) AS tp_count FROM `cms_menu` WHERE `status` <> -1 LIMIT 1   [ RunTime:0.0007s ]
INFO: [ view_parse ] --START--
INFO: [ template_filter ] --START--
INFO: Run Behavior\ContentReplaceBehavior [ RunTime:0.000091s ]
INFO: [ template_filter ] --END-- [ RunTime:0.000162s ]
SQL: SELECT * FROM `cms_menu` WHERE `status` <> -1 AND `type` = 1 ORDER BY listorder desc, menu_id desc  [ RunTime:0.0019s ]
NOTIC: [8] Undefined index: a D:\xampp\htdocs\php\tinycms\Application\Common\Common\function.php 第 33 行.
NOTIC: [8] Undefined index: a D:\xampp\htdocs\php\tinycms\Application\Common\Common\function.php 第 33 行.
NOTIC: [8] Undefined index: a D:\xampp\htdocs\php\tinycms\Application\Common\Common\function.php 第 33 行.
NOTIC: [8] Undefined index: a D:\xampp\htdocs\php\tinycms\Application\Common\Common\function.php 第 33 行.
NOTIC: [8] Undefined index: a D:\xampp\htdocs\php\tinycms\Application\Common\Common\function.php 第 33 行.
NOTIC: [8] Undefined index: a D:\xampp\htdocs\php\tinycms\Application\Common\Common\function.php 第 33 行.
NOTIC: [8] Array to string conversion D:\xampp\htdocs\php\tinycms\Application\Runtime\Cache\Admin\b956215329b6f9aca22277599a4efdfc.php 第 103 行.
INFO: Run Behavior\ParseTemplateBehavior [ RunTime:0.016743s ]
INFO: [ view_parse ] --END-- [ RunTime:0.016806s ]
INFO: [ view_filter ] --START--
INFO: Run Behavior\WriteHtmlCacheBehavior [ RunTime:0.001787s ]
INFO: [ view_filter ] --END-- [ RunTime:0.001855s ]
INFO: [ app_end ] --START--
INFO: Run Behavior\ShowPageTraceBehavior [ RunTime:0.001146s ]
INFO: [ app_end ] --END-- [ RunTime:0.001217s ]

[ 2016-07-11T21:50:25+08:00 ] 127.0.0.1 /admin.php?c=menu&a=edit&id=1
INFO: [ app_init ] --START--
INFO: Run Behavior\BuildLiteBehavior [ RunTime:0.000017s ]
INFO: [ app_init ] --END-- [ RunTime:0.000509s ]
INFO: [ app_begin ] --START--
INFO: Run Behavior\ReadHtmlCacheBehavior [ RunTime:0.000782s ]
INFO: [ app_begin ] --END-- [ RunTime:0.000858s ]
NOTIC: [2048] Declaration of Common\Model\MenuModel::find() should be compatible with Think\Model::find($options = Array) D:\xampp\htdocs\php\tinycms\Application\Common\Model\MenuModel.class.php 第 5 行.
SQL: SHOW COLUMNS FROM `cms_menu` [ RunTime:0.0041s ]
SQL: SELECT * FROM `cms_menu` WHERE `menu_id` = 1 LIMIT 1   [ RunTime:0.0005s ]
INFO: [ view_parse ] --START--
INFO: [ template_filter ] --START--
INFO: Run Behavior\ContentReplaceBehavior [ RunTime:0.000077s ]
INFO: [ template_filter ] --END-- [ RunTime:0.000151s ]
SQL: SELECT * FROM `cms_menu` WHERE `status` <> -1 AND `type` = 1 ORDER BY listorder desc, menu_id desc  [ RunTime:0.0008s ]
NOTIC: [8] Undefined index: a D:\xampp\htdocs\php\tinycms\Application\Common\Common\function.php 第 33 行.
NOTIC: [8] Undefined index: a D:\xampp\htdocs\php\tinycms\Application\Common\Common\function.php 第 33 行.
NOTIC: [8] Undefined index: a D:\xampp\htdocs\php\tinycms\Application\Common\Common\function.php 第 33 行.
NOTIC: [8] Undefined index: a D:\xampp\htdocs\php\tinycms\Application\Common\Common\function.php 第 33 行.
NOTIC: [8] Undefined index: a D:\xampp\htdocs\php\tinycms\Application\Common\Common\function.php 第 33 行.
NOTIC: [8] Undefined index: a D:\xampp\htdocs\php\tinycms\Application\Common\Common\function.php 第 33 行.
INFO: Run Behavior\ParseTemplateBehavior [ RunTime:0.059059s ]
INFO: [ view_parse ] --END-- [ RunTime:0.059109s ]
INFO: [ view_filter ] --START--
INFO: Run Behavior\WriteHtmlCacheBehavior [ RunTime:0.000591s ]
INFO: [ view_filter ] --END-- [ RunTime:0.000641s ]
INFO: [ app_end ] --START--
INFO: Run Behavior\ShowPageTraceBehavior [ RunTime:0.000698s ]
INFO: [ app_end ] --END-- [ RunTime:0.000753s ]

[ 2016-07-11T21:50:29+08:00 ] 127.0.0.1 /admin.php?c=menu
INFO: [ app_init ] --START--
INFO: Run Behavior\BuildLiteBehavior [ RunTime:0.000020s ]
INFO: [ app_init ] --END-- [ RunTime:0.000844s ]
INFO: [ app_begin ] --START--
INFO: Run Behavior\ReadHtmlCacheBehavior [ RunTime:0.000767s ]
INFO: [ app_begin ] --END-- [ RunTime:0.000844s ]
NOTIC: [2048] Declaration of Common\Model\MenuModel::find() should be compatible with Think\Model::find($options = Array) D:\xampp\htdocs\php\tinycms\Application\Common\Model\MenuModel.class.php 第 5 行.
SQL: SHOW COLUMNS FROM `cms_menu` [ RunTime:0.0048s ]
SQL: SELECT * FROM `cms_menu` WHERE `status` <> -1 ORDER BY listorder desc, menu_id desc LIMIT 0,3   [ RunTime:0.0005s ]
SQL: SELECT COUNT(*) AS tp_count FROM `cms_menu` WHERE `status` <> -1 LIMIT 1   [ RunTime:0.0003s ]
INFO: [ view_parse ] --START--
INFO: [ template_filter ] --START--
INFO: Run Behavior\ContentReplaceBehavior [ RunTime:0.000081s ]
INFO: [ template_filter ] --END-- [ RunTime:0.000152s ]
SQL: SELECT * FROM `cms_menu` WHERE `status` <> -1 AND `type` = 1 ORDER BY listorder desc, menu_id desc  [ RunTime:0.0022s ]
NOTIC: [8] Undefined index: a D:\xampp\htdocs\php\tinycms\Application\Common\Common\function.php 第 33 行.
NOTIC: [8] Undefined index: a D:\xampp\htdocs\php\tinycms\Application\Common\Common\function.php 第 33 行.
NOTIC: [8] Undefined index: a D:\xampp\htdocs\php\tinycms\Application\Common\Common\function.php 第 33 行.
NOTIC: [8] Undefined index: a D:\xampp\htdocs\php\tinycms\Application\Common\Common\function.php 第 33 行.
NOTIC: [8] Undefined index: a D:\xampp\htdocs\php\tinycms\Application\Common\Common\function.php 第 33 行.
NOTIC: [8] Undefined index: a D:\xampp\htdocs\php\tinycms\Application\Common\Common\function.php 第 33 行.
NOTIC: [8] Array to string conversion D:\xampp\htdocs\php\tinycms\Application\Runtime\Cache\Admin\b956215329b6f9aca22277599a4efdfc.php 第 103 行.
INFO: Run Behavior\ParseTemplateBehavior [ RunTime:0.014936s ]
INFO: [ view_parse ] --END-- [ RunTime:0.014993s ]
INFO: [ view_filter ] --START--
INFO: Run Behavior\WriteHtmlCacheBehavior [ RunTime:0.000667s ]
INFO: [ view_filter ] --END-- [ RunTime:0.000720s ]
INFO: [ app_end ] --START--
INFO: Run Behavior\ShowPageTraceBehavior [ RunTime:0.000998s ]
INFO: [ app_end ] --END-- [ RunTime:0.001080s ]

[ 2016-07-11T21:50:40+08:00 ] 127.0.0.1 /admin.php?c=menu&a=add
INFO: [ app_init ] --START--
INFO: Run Behavior\BuildLiteBehavior [ RunTime:0.000017s ]
INFO: [ app_init ] --END-- [ RunTime:0.000433s ]
INFO: [ app_begin ] --START--
INFO: Run Behavior\ReadHtmlCacheBehavior [ RunTime:0.000528s ]
INFO: [ app_begin ] --END-- [ RunTime:0.000602s ]
INFO: [ view_parse ] --START--
INFO: [ template_filter ] --START--
INFO: Run Behavior\ContentReplaceBehavior [ RunTime:0.000079s ]
INFO: [ template_filter ] --END-- [ RunTime:0.000149s ]
NOTIC: [2048] Declaration of Common\Model\MenuModel::find() should be compatible with Think\Model::find($options = Array) D:\xampp\htdocs\php\tinycms\Application\Common\Model\MenuModel.class.php 第 5 行.
SQL: SHOW COLUMNS FROM `cms_menu` [ RunTime:0.0044s ]
SQL: SELECT * FROM `cms_menu` WHERE `status` <> -1 AND `type` = 1 ORDER BY listorder desc, menu_id desc  [ RunTime:0.0006s ]
NOTIC: [8] Undefined index: a D:\xampp\htdocs\php\tinycms\Application\Common\Common\function.php 第 33 行.
NOTIC: [8] Undefined index: a D:\xampp\htdocs\php\tinycms\Application\Common\Common\function.php 第 33 行.
NOTIC: [8] Undefined index: a D:\xampp\htdocs\php\tinycms\Application\Common\Common\function.php 第 33 行.
NOTIC: [8] Undefined index: a D:\xampp\htdocs\php\tinycms\Application\Common\Common\function.php 第 33 行.
NOTIC: [8] Undefined index: a D:\xampp\htdocs\php\tinycms\Application\Common\Common\function.php 第 33 行.
NOTIC: [8] Undefined index: a D:\xampp\htdocs\php\tinycms\Application\Common\Common\function.php 第 33 行.
NOTIC: [8] Undefined variable: menus D:\xampp\htdocs\php\tinycms\Application\Runtime\Cache\Admin\31553d7bb41170a30982ff9dddd5d67e.php 第 125 行.
INFO: Run Behavior\ParseTemplateBehavior [ RunTime:0.028094s ]
INFO: [ view_parse ] --END-- [ RunTime:0.028148s ]
INFO: [ view_filter ] --START--
INFO: Run Behavior\WriteHtmlCacheBehavior [ RunTime:0.000349s ]
INFO: [ view_filter ] --END-- [ RunTime:0.000398s ]
INFO: [ app_end ] --START--
INFO: Run Behavior\ShowPageTraceBehavior [ RunTime:0.000808s ]
INFO: [ app_end ] --END-- [ RunTime:0.000874s ]

[ 2016-07-11T21:51:20+08:00 ] 127.0.0.1 /admin.php?c=content
INFO: [ app_init ] --START--
INFO: Run Behavior\BuildLiteBehavior [ RunTime:0.000015s ]
INFO: [ app_init ] --END-- [ RunTime:0.000402s ]
INFO: [ app_begin ] --START--
INFO: Run Behavior\ReadHtmlCacheBehavior [ RunTime:0.000560s ]
INFO: [ app_begin ] --END-- [ RunTime:0.000624s ]
INFO: [ view_parse ] --START--
INFO: [ template_filter ] --START--
INFO: Run Behavior\ContentReplaceBehavior [ RunTime:0.000075s ]
INFO: [ template_filter ] --END-- [ RunTime:0.000156s ]
NOTIC: [2048] Declaration of Common\Model\MenuModel::find() should be compatible with Think\Model::find($options = Array) D:\xampp\htdocs\php\tinycms\Application\Common\Model\MenuModel.class.php 第 5 行.
SQL: SHOW COLUMNS FROM `cms_menu` [ RunTime:0.0036s ]
SQL: SELECT * FROM `cms_menu` WHERE `status` <> -1 AND `type` = 1 ORDER BY listorder desc, menu_id desc  [ RunTime:0.0005s ]
NOTIC: [8] Undefined index: a D:\xampp\htdocs\php\tinycms\Application\Common\Common\function.php 第 33 行.
NOTIC: [8] Undefined index: a D:\xampp\htdocs\php\tinycms\Application\Common\Common\function.php 第 33 行.
NOTIC: [8] Undefined index: a D:\xampp\htdocs\php\tinycms\Application\Common\Common\function.php 第 33 行.
NOTIC: [8] Undefined index: a D:\xampp\htdocs\php\tinycms\Application\Common\Common\function.php 第 33 行.
NOTIC: [8] Undefined index: a D:\xampp\htdocs\php\tinycms\Application\Common\Common\function.php 第 33 行.
NOTIC: [8] Undefined index: a D:\xampp\htdocs\php\tinycms\Application\Common\Common\function.php 第 33 行.
NOTIC: [8] Undefined variable: new D:\xampp\htdocs\php\tinycms\Application\Runtime\Cache\Admin\ccc9ced3ad798311a07cb47b740981c5.php 第 157 行.
INFO: Run Behavior\ParseTemplateBehavior [ RunTime:0.029572s ]
INFO: [ view_parse ] --END-- [ RunTime:0.029624s ]
INFO: [ view_filter ] --START--
INFO: Run Behavior\WriteHtmlCacheBehavior [ RunTime:0.000486s ]
INFO: [ view_filter ] --END-- [ RunTime:0.000528s ]
INFO: [ app_end ] --START--
INFO: Run Behavior\ShowPageTraceBehavior [ RunTime:0.000615s ]
INFO: [ app_end ] --END-- [ RunTime:0.000661s ]

[ 2016-07-11T21:51:24+08:00 ] 127.0.0.1 /admin.php?c=content&a=add
INFO: [ app_init ] --START--
INFO: Run Behavior\BuildLiteBehavior [ RunTime:0.000020s ]
INFO: [ app_init ] --END-- [ RunTime:0.000583s ]
INFO: [ app_begin ] --START--
INFO: Run Behavior\ReadHtmlCacheBehavior [ RunTime:0.000837s ]
INFO: [ app_begin ] --END-- [ RunTime:0.000937s ]
NOTIC: [2048] Declaration of Common\Model\MenuModel::find() should be compatible with Think\Model::find($options = Array) D:\xampp\htdocs\php\tinycms\Application\Common\Model\MenuModel.class.php 第 5 行.
SQL: SHOW COLUMNS FROM `cms_menu` [ RunTime:0.0049s ]
SQL: SELECT * FROM `cms_menu` WHERE `status` <> -1 AND `type` = 0 ORDER BY listorder desc, menu_id desc  [ RunTime:0.0006s ]
INFO: [ view_parse ] --START--
INFO: [ template_filter ] --START--
INFO: Run Behavior\ContentReplaceBehavior [ RunTime:0.000071s ]
INFO: [ template_filter ] --END-- [ RunTime:0.000126s ]
SQL: SELECT * FROM `cms_menu` WHERE `status` <> -1 AND `type` = 1 ORDER BY listorder desc, menu_id desc  [ RunTime:0.0006s ]
NOTIC: [8] Undefined index: a D:\xampp\htdocs\php\tinycms\Application\Common\Common\function.php 第 33 行.
NOTIC: [8] Undefined index: a D:\xampp\htdocs\php\tinycms\Application\Common\Common\function.php 第 33 行.
NOTIC: [8] Undefined index: a D:\xampp\htdocs\php\tinycms\Application\Common\Common\function.php 第 33 行.
NOTIC: [8] Undefined index: a D:\xampp\htdocs\php\tinycms\Application\Common\Common\function.php 第 33 行.
NOTIC: [8] Undefined index: a D:\xampp\htdocs\php\tinycms\Application\Common\Common\function.php 第 33 行.
NOTIC: [8] Undefined index: a D:\xampp\htdocs\php\tinycms\Application\Common\Common\function.php 第 33 行.
NOTIC: [8] Undefined index: Menu_id D:\xampp\htdocs\php\tinycms\Application\Runtime\Cache\Admin\e2744aea2724da3a85f9df759ede898a.php 第 146 行.
NOTIC: [8] Undefined index: Menu_id D:\xampp\htdocs\php\tinycms\Application\Runtime\Cache\Admin\e2744aea2724da3a85f9df759ede898a.php 第 146 行.
NOTIC: [8] Undefined index: Menu_id D:\xampp\htdocs\php\tinycms\Application\Runtime\Cache\Admin\e2744aea2724da3a85f9df759ede898a.php 第 146 行.
INFO: Run Behavior\ParseTemplateBehavior [ RunTime:0.012983s ]
INFO: [ view_parse ] --END-- [ RunTime:0.013073s ]
INFO: [ view_filter ] --START--
INFO: Run Behavior\WriteHtmlCacheBehavior [ RunTime:0.000507s ]
INFO: [ view_filter ] --END-- [ RunTime:0.000555s ]
INFO: [ app_end ] --START--
INFO: Run Behavior\ShowPageTraceBehavior [ RunTime:0.001434s ]
INFO: [ app_end ] --END-- [ RunTime:0.001523s ]

