[ 2016-07-05T16:54:39+08:00 ] 127.0.0.1 /admin.php?type=0&c=menu&a=index
INFO: [ app_init ] --START--
INFO: Run Behavior\BuildLiteBehavior [ RunTime:0.000019s ]
INFO: [ app_init ] --END-- [ RunTime:0.027448s ]
INFO: [ app_begin ] --START--
INFO: Run Behavior\ReadHtmlCacheBehavior [ RunTime:0.001122s ]
INFO: [ app_begin ] --END-- [ RunTime:0.001205s ]
SQL: SHOW COLUMNS FROM `cms_menu` [ RunTime:0.1188s ]
SQL: SELECT * FROM `cms_menu` WHERE `type` = 0 AND `status` <> -1 ORDER BY menu_id desc LIMIT 0,3   [ RunTime:0.0135s ]
SQL: SELECT COUNT(*) AS tp_count FROM `cms_menu` WHERE `type` = 0 AND `status` <> -1 LIMIT 1   [ RunTime:0.0030s ]
INFO: [ view_parse ] --START--
INFO: [ template_filter ] --START--
INFO: Run Behavior\ContentReplaceBehavior [ RunTime:0.024583s ]
INFO: [ template_filter ] --END-- [ RunTime:0.024669s ]
NOTIC: [8] Undefined variable: nav D:\xampp\htdocs\php\tinycms\Application\Runtime\Cache\Admin\b956215329b6f9aca22277599a4efdfc.php 第 100 行.
INFO: Run Behavior\ParseTemplateBehavior [ RunTime:0.215019s ]
INFO: [ view_parse ] --END-- [ RunTime:0.215195s ]
INFO: [ view_filter ] --START--
INFO: Run Behavior\WriteHtmlCacheBehavior [ RunTime:0.032112s ]
INFO: [ view_filter ] --END-- [ RunTime:0.032187s ]
INFO: [ app_end ] --START--
INFO: Run Behavior\ShowPageTraceBehavior [ RunTime:0.018649s ]
INFO: [ app_end ] --END-- [ RunTime:0.018881s ]

[ 2016-07-05T16:54:46+08:00 ] 127.0.0.1 /admin.php?type=0&c=menu&a=index
INFO: [ app_init ] --START--
INFO: Run Behavior\BuildLiteBehavior [ RunTime:0.000016s ]
INFO: [ app_init ] --END-- [ RunTime:0.000428s ]
INFO: [ app_begin ] --START--
INFO: Run Behavior\ReadHtmlCacheBehavior [ RunTime:0.000656s ]
INFO: [ app_begin ] --END-- [ RunTime:0.000729s ]
SQL: SHOW COLUMNS FROM `cms_menu` [ RunTime:0.0330s ]
SQL: SELECT * FROM `cms_menu` WHERE `type` = 0 AND `status` <> -1 ORDER BY menu_id desc LIMIT 0,3   [ RunTime:0.0007s ]
SQL: SELECT COUNT(*) AS tp_count FROM `cms_menu` WHERE `type` = 0 AND `status` <> -1 LIMIT 1   [ RunTime:0.0005s ]
INFO: [ view_parse ] --START--
INFO: [ template_filter ] --START--
INFO: Run Behavior\ContentReplaceBehavior [ RunTime:0.000085s ]
INFO: [ template_filter ] --END-- [ RunTime:0.000165s ]
NOTIC: [8] Undefined variable: nav D:\xampp\htdocs\php\tinycms\Application\Runtime\Cache\Admin\b956215329b6f9aca22277599a4efdfc.php 第 100 行.
INFO: Run Behavior\ParseTemplateBehavior [ RunTime:0.012020s ]
INFO: [ view_parse ] --END-- [ RunTime:0.012083s ]
INFO: [ view_filter ] --START--
INFO: Run Behavior\WriteHtmlCacheBehavior [ RunTime:0.000392s ]
INFO: [ view_filter ] --END-- [ RunTime:0.000441s ]
INFO: [ app_end ] --START--
INFO: Run Behavior\ShowPageTraceBehavior [ RunTime:0.003096s ]
INFO: [ app_end ] --END-- [ RunTime:0.003175s ]

[ 2016-07-05T16:54:49+08:00 ] 127.0.0.1 /admin.php?
INFO: [ app_init ] --START--
INFO: Run Behavior\BuildLiteBehavior [ RunTime:0.000015s ]
INFO: [ app_init ] --END-- [ RunTime:0.000393s ]
INFO: [ app_begin ] --START--
INFO: Run Behavior\ReadHtmlCacheBehavior [ RunTime:0.000516s ]
INFO: [ app_begin ] --END-- [ RunTime:0.000587s ]
INFO: [ view_parse ] --START--
INFO: [ template_filter ] --START--
INFO: Run Behavior\ContentReplaceBehavior [ RunTime:0.000082s ]
INFO: [ template_filter ] --END-- [ RunTime:0.000163s ]
INFO: Run Behavior\ParseTemplateBehavior [ RunTime:0.009889s ]
INFO: [ view_parse ] --END-- [ RunTime:0.009966s ]
INFO: [ view_filter ] --START--
INFO: Run Behavior\WriteHtmlCacheBehavior [ RunTime:0.000259s ]
INFO: [ view_filter ] --END-- [ RunTime:0.000303s ]
INFO: [ app_end ] --START--
INFO: Run Behavior\ShowPageTraceBehavior [ RunTime:0.000487s ]
INFO: [ app_end ] --END-- [ RunTime:0.000540s ]

[ 2016-07-05T16:54:49+08:00 ] 127.0.0.1 /index.php?m=admin&c=index
INFO: [ app_init ] --START--
INFO: Run Behavior\BuildLiteBehavior [ RunTime:0.000019s ]
INFO: [ app_init ] --END-- [ RunTime:0.000465s ]
INFO: [ app_begin ] --START--
INFO: Run Behavior\ReadHtmlCacheBehavior [ RunTime:0.000559s ]
INFO: [ app_begin ] --END-- [ RunTime:0.000634s ]
INFO: [ view_parse ] --START--
INFO: [ template_filter ] --START--
INFO: Run Behavior\ContentReplaceBehavior [ RunTime:0.000077s ]
INFO: [ template_filter ] --END-- [ RunTime:0.000157s ]
INFO: Run Behavior\ParseTemplateBehavior [ RunTime:0.008084s ]
INFO: [ view_parse ] --END-- [ RunTime:0.008166s ]
INFO: [ view_filter ] --START--
INFO: Run Behavior\WriteHtmlCacheBehavior [ RunTime:0.000380s ]
INFO: [ view_filter ] --END-- [ RunTime:0.000432s ]
INFO: [ app_end ] --START--
INFO: Run Behavior\ShowPageTraceBehavior [ RunTime:0.000587s ]
INFO: [ app_end ] --END-- [ RunTime:0.000651s ]

[ 2016-07-05T16:54:50+08:00 ] 127.0.0.1 /index.php/admin/index
INFO: [ app_init ] --START--
INFO: Run Behavior\BuildLiteBehavior [ RunTime:0.000016s ]
INFO: [ app_init ] --END-- [ RunTime:0.000398s ]
INFO: [ app_begin ] --START--
INFO: Run Behavior\ReadHtmlCacheBehavior [ RunTime:0.000606s ]
INFO: [ app_begin ] --END-- [ RunTime:0.000680s ]
INFO: [ view_parse ] --START--
INFO: [ template_filter ] --START--
INFO: Run Behavior\ContentReplaceBehavior [ RunTime:0.000082s ]
INFO: [ template_filter ] --END-- [ RunTime:0.000171s ]
INFO: Run Behavior\ParseTemplateBehavior [ RunTime:0.009216s ]
INFO: [ view_parse ] --END-- [ RunTime:0.009299s ]
INFO: [ view_filter ] --START--
INFO: Run Behavior\WriteHtmlCacheBehavior [ RunTime:0.000652s ]
INFO: [ view_filter ] --END-- [ RunTime:0.000714s ]
INFO: [ app_end ] --START--
INFO: Run Behavior\ShowPageTraceBehavior [ RunTime:0.000687s ]
INFO: [ app_end ] --END-- [ RunTime:0.000761s ]

[ 2016-07-05T17:30:56+08:00 ] 127.0.0.1 /admin.php?type=0&c=menu&a=index
INFO: [ app_init ] --START--
INFO: Run Behavior\BuildLiteBehavior [ RunTime:0.000024s ]
INFO: [ app_init ] --END-- [ RunTime:0.000963s ]
INFO: [ app_begin ] --START--
INFO: Run Behavior\ReadHtmlCacheBehavior [ RunTime:0.026476s ]
INFO: [ app_begin ] --END-- [ RunTime:0.026559s ]
SQL: SHOW COLUMNS FROM `cms_menu` [ RunTime:0.0294s ]
SQL: SELECT * FROM `cms_menu` WHERE `type` = 0 AND `status` <> -1 ORDER BY menu_id desc LIMIT 0,3   [ RunTime:0.0014s ]
SQL: SELECT COUNT(*) AS tp_count FROM `cms_menu` WHERE `type` = 0 AND `status` <> -1 LIMIT 1   [ RunTime:0.0005s ]
INFO: [ view_parse ] --START--
INFO: [ template_filter ] --START--
INFO: Run Behavior\ContentReplaceBehavior [ RunTime:0.000105s ]
INFO: [ template_filter ] --END-- [ RunTime:0.000175s ]
NOTIC: [8] Undefined variable: nav D:\xampp\htdocs\php\tinycms\Application\Runtime\Cache\Admin\b956215329b6f9aca22277599a4efdfc.php 第 100 行.
INFO: Run Behavior\ParseTemplateBehavior [ RunTime:0.064499s ]
INFO: [ view_parse ] --END-- [ RunTime:0.064651s ]
INFO: [ view_filter ] --START--
INFO: Run Behavior\WriteHtmlCacheBehavior [ RunTime:0.001569s ]
INFO: [ view_filter ] --END-- [ RunTime:0.001636s ]
INFO: [ app_end ] --START--
INFO: Run Behavior\ShowPageTraceBehavior [ RunTime:0.031443s ]
INFO: [ app_end ] --END-- [ RunTime:0.031538s ]

[ 2016-07-05T17:30:59+08:00 ] 127.0.0.1 /admin.php?type=1&c=menu&a=index
INFO: [ app_init ] --START--
INFO: Run Behavior\BuildLiteBehavior [ RunTime:0.000018s ]
INFO: [ app_init ] --END-- [ RunTime:0.000461s ]
INFO: [ app_begin ] --START--
INFO: Run Behavior\ReadHtmlCacheBehavior [ RunTime:0.000585s ]
INFO: [ app_begin ] --END-- [ RunTime:0.000667s ]
SQL: SHOW COLUMNS FROM `cms_menu` [ RunTime:0.0105s ]
SQL: SELECT * FROM `cms_menu` WHERE `type` = 1 AND `status` <> -1 ORDER BY menu_id desc LIMIT 0,3   [ RunTime:0.0015s ]
SQL: SELECT COUNT(*) AS tp_count FROM `cms_menu` WHERE `type` = 1 AND `status` <> -1 LIMIT 1   [ RunTime:0.0005s ]
INFO: [ view_parse ] --START--
INFO: [ template_filter ] --START--
INFO: Run Behavior\ContentReplaceBehavior [ RunTime:0.000086s ]
INFO: [ template_filter ] --END-- [ RunTime:0.000411s ]
NOTIC: [8] Undefined variable: nav D:\xampp\htdocs\php\tinycms\Application\Runtime\Cache\Admin\b956215329b6f9aca22277599a4efdfc.php 第 100 行.
INFO: Run Behavior\ParseTemplateBehavior [ RunTime:0.014216s ]
INFO: [ view_parse ] --END-- [ RunTime:0.014274s ]
INFO: [ view_filter ] --START--
INFO: Run Behavior\WriteHtmlCacheBehavior [ RunTime:0.000267s ]
INFO: [ view_filter ] --END-- [ RunTime:0.000312s ]
INFO: [ app_end ] --START--
INFO: Run Behavior\ShowPageTraceBehavior [ RunTime:0.000680s ]
INFO: [ app_end ] --END-- [ RunTime:0.000764s ]

[ 2016-07-05T17:37:08+08:00 ] 127.0.0.1 /admin.php?type=1&c=menu&a=index
INFO: [ app_init ] --START--
INFO: Run Behavior\BuildLiteBehavior [ RunTime:0.000017s ]
INFO: [ app_init ] --END-- [ RunTime:0.000511s ]
INFO: [ app_begin ] --START--
INFO: Run Behavior\ReadHtmlCacheBehavior [ RunTime:0.000653s ]
INFO: [ app_begin ] --END-- [ RunTime:0.000722s ]
SQL: SHOW COLUMNS FROM `cms_menu` [ RunTime:0.0317s ]
SQL: SELECT * FROM `cms_menu` WHERE `type` = 1 AND `status` <> -1 ORDER BY menu_id desc LIMIT 0,3   [ RunTime:0.0019s ]
SQL: SELECT COUNT(*) AS tp_count FROM `cms_menu` WHERE `type` = 1 AND `status` <> -1 LIMIT 1   [ RunTime:0.0009s ]
INFO: [ view_parse ] --START--
INFO: [ template_filter ] --START--
INFO: Run Behavior\ContentReplaceBehavior [ RunTime:0.000081s ]
INFO: [ template_filter ] --END-- [ RunTime:0.000153s ]
NOTIC: [8] Undefined variable: nav D:\xampp\htdocs\php\tinycms\Application\Runtime\Cache\Admin\b956215329b6f9aca22277599a4efdfc.php 第 100 行.
INFO: Run Behavior\ParseTemplateBehavior [ RunTime:0.011975s ]
INFO: [ view_parse ] --END-- [ RunTime:0.012044s ]
INFO: [ view_filter ] --START--
INFO: Run Behavior\WriteHtmlCacheBehavior [ RunTime:0.000477s ]
INFO: [ view_filter ] --END-- [ RunTime:0.000532s ]
INFO: [ app_end ] --START--
INFO: Run Behavior\ShowPageTraceBehavior [ RunTime:0.000827s ]
INFO: [ app_end ] --END-- [ RunTime:0.000919s ]

[ 2016-07-05T17:37:45+08:00 ] 127.0.0.1 /admin.php?type=1&c=menu&a=index
INFO: [ app_init ] --START--
INFO: Run Behavior\BuildLiteBehavior [ RunTime:0.000016s ]
INFO: [ app_init ] --END-- [ RunTime:0.000470s ]
INFO: [ app_begin ] --START--
INFO: Run Behavior\ReadHtmlCacheBehavior [ RunTime:0.000545s ]
INFO: [ app_begin ] --END-- [ RunTime:0.000612s ]
SQL: SHOW COLUMNS FROM `cms_menu` [ RunTime:0.0037s ]
SQL: SELECT * FROM `cms_menu` WHERE `type` = 1 AND `status` <> -1 ORDER BY menu_id desc LIMIT 0,3   [ RunTime:0.0005s ]
SQL: SELECT COUNT(*) AS tp_count FROM `cms_menu` WHERE `type` = 1 AND `status` <> -1 LIMIT 1   [ RunTime:0.0003s ]
INFO: [ view_parse ] --START--
INFO: [ template_filter ] --START--
INFO: Run Behavior\ContentReplaceBehavior [ RunTime:0.000087s ]
INFO: [ template_filter ] --END-- [ RunTime:0.000281s ]
NOTIC: [8] Undefined variable: nav D:\xampp\htdocs\php\tinycms\Application\Runtime\Cache\Admin\b956215329b6f9aca22277599a4efdfc.php 第 100 行.
INFO: Run Behavior\ParseTemplateBehavior [ RunTime:0.011951s ]
INFO: [ view_parse ] --END-- [ RunTime:0.012008s ]
INFO: [ view_filter ] --START--
INFO: Run Behavior\WriteHtmlCacheBehavior [ RunTime:0.000378s ]
INFO: [ view_filter ] --END-- [ RunTime:0.000423s ]
INFO: [ app_end ] --START--
INFO: Run Behavior\ShowPageTraceBehavior [ RunTime:0.001231s ]
INFO: [ app_end ] --END-- [ RunTime:0.001305s ]

[ 2016-07-05T17:39:15+08:00 ] 127.0.0.1 /admin.php?type=1&c=menu&a=index
INFO: [ app_init ] --START--
INFO: Run Behavior\BuildLiteBehavior [ RunTime:0.000016s ]
INFO: [ app_init ] --END-- [ RunTime:0.000455s ]
INFO: [ app_begin ] --START--
INFO: Run Behavior\ReadHtmlCacheBehavior [ RunTime:0.000612s ]
INFO: [ app_begin ] --END-- [ RunTime:0.000672s ]
SQL: SHOW COLUMNS FROM `cms_menu` [ RunTime:0.0038s ]
SQL: SELECT * FROM `cms_menu` WHERE `type` = 1 AND `status` <> -1 ORDER BY menu_id desc LIMIT 0,3   [ RunTime:0.0006s ]
SQL: SELECT COUNT(*) AS tp_count FROM `cms_menu` WHERE `type` = 1 AND `status` <> -1 LIMIT 1   [ RunTime:0.0004s ]
INFO: [ view_parse ] --START--
INFO: [ template_filter ] --START--
INFO: Run Behavior\ContentReplaceBehavior [ RunTime:0.000073s ]
INFO: [ template_filter ] --END-- [ RunTime:0.000136s ]
NOTIC: [8] Undefined variable: nav D:\xampp\htdocs\php\tinycms\Application\Runtime\Cache\Admin\b956215329b6f9aca22277599a4efdfc.php 第 100 行.
INFO: Run Behavior\ParseTemplateBehavior [ RunTime:0.010418s ]
INFO: [ view_parse ] --END-- [ RunTime:0.010955s ]
INFO: [ view_filter ] --START--
INFO: Run Behavior\WriteHtmlCacheBehavior [ RunTime:0.000639s ]
INFO: [ view_filter ] --END-- [ RunTime:0.000741s ]
INFO: [ app_end ] --START--
INFO: Run Behavior\ShowPageTraceBehavior [ RunTime:0.001199s ]
INFO: [ app_end ] --END-- [ RunTime:0.001285s ]

[ 2016-07-05T17:39:25+08:00 ] 127.0.0.1 /admin.php?type=1&c=menu&a=index
INFO: [ app_init ] --START--
INFO: Run Behavior\BuildLiteBehavior [ RunTime:0.000017s ]
INFO: [ app_init ] --END-- [ RunTime:0.000501s ]
INFO: [ app_begin ] --START--
INFO: Run Behavior\ReadHtmlCacheBehavior [ RunTime:0.000759s ]
INFO: [ app_begin ] --END-- [ RunTime:0.000849s ]
SQL: SHOW COLUMNS FROM `cms_menu` [ RunTime:0.0043s ]
SQL: SELECT * FROM `cms_menu` WHERE `type` = 1 AND `status` <> -1 ORDER BY menu_id desc LIMIT 0,3   [ RunTime:0.0005s ]
SQL: SELECT COUNT(*) AS tp_count FROM `cms_menu` WHERE `type` = 1 AND `status` <> -1 LIMIT 1   [ RunTime:0.0003s ]
INFO: [ view_parse ] --START--
INFO: [ template_filter ] --START--
INFO: Run Behavior\ContentReplaceBehavior [ RunTime:0.000080s ]
INFO: [ template_filter ] --END-- [ RunTime:0.000158s ]
NOTIC: [8] Undefined variable: nav D:\xampp\htdocs\php\tinycms\Application\Runtime\Cache\Admin\b956215329b6f9aca22277599a4efdfc.php 第 100 行.
INFO: Run Behavior\ParseTemplateBehavior [ RunTime:0.012631s ]
INFO: [ view_parse ] --END-- [ RunTime:0.012691s ]
INFO: [ view_filter ] --START--
INFO: Run Behavior\WriteHtmlCacheBehavior [ RunTime:0.000485s ]
INFO: [ view_filter ] --END-- [ RunTime:0.000543s ]
INFO: [ app_end ] --START--
INFO: Run Behavior\ShowPageTraceBehavior [ RunTime:0.002549s ]
INFO: [ app_end ] --END-- [ RunTime:0.002755s ]

[ 2016-07-05T17:39:57+08:00 ] 127.0.0.1 /admin.php?type=1&c=menu&a=index
INFO: [ app_init ] --START--
INFO: Run Behavior\BuildLiteBehavior [ RunTime:0.000015s ]
INFO: [ app_init ] --END-- [ RunTime:0.000361s ]
INFO: [ app_begin ] --START--
INFO: Run Behavior\ReadHtmlCacheBehavior [ RunTime:0.000633s ]
INFO: [ app_begin ] --END-- [ RunTime:0.001382s ]
SQL: SHOW COLUMNS FROM `cms_menu` [ RunTime:0.0039s ]
SQL: SELECT * FROM `cms_menu` WHERE `type` = 1 AND `status` <> -1 ORDER BY menu_id desc LIMIT 0,3   [ RunTime:0.0010s ]
SQL: SELECT COUNT(*) AS tp_count FROM `cms_menu` WHERE `type` = 1 AND `status` <> -1 LIMIT 1   [ RunTime:0.0005s ]
INFO: [ view_parse ] --START--
INFO: [ template_filter ] --START--
INFO: Run Behavior\ContentReplaceBehavior [ RunTime:0.000078s ]
INFO: [ template_filter ] --END-- [ RunTime:0.000147s ]
NOTIC: [8] Undefined variable: nav D:\xampp\htdocs\php\tinycms\Application\Runtime\Cache\Admin\b956215329b6f9aca22277599a4efdfc.php 第 100 行.
INFO: Run Behavior\ParseTemplateBehavior [ RunTime:0.008825s ]
INFO: [ view_parse ] --END-- [ RunTime:0.008885s ]
INFO: [ view_filter ] --START--
INFO: Run Behavior\WriteHtmlCacheBehavior [ RunTime:0.000249s ]
INFO: [ view_filter ] --END-- [ RunTime:0.000294s ]
INFO: [ app_end ] --START--
INFO: Run Behavior\ShowPageTraceBehavior [ RunTime:0.000977s ]
INFO: [ app_end ] --END-- [ RunTime:0.001057s ]

[ 2016-07-05T17:40:06+08:00 ] 127.0.0.1 /admin.php?type=1&c=menu&a=index
INFO: [ app_init ] --START--
INFO: Run Behavior\BuildLiteBehavior [ RunTime:0.000023s ]
INFO: [ app_init ] --END-- [ RunTime:0.000517s ]
INFO: [ app_begin ] --START--
INFO: Run Behavior\ReadHtmlCacheBehavior [ RunTime:0.000642s ]
INFO: [ app_begin ] --END-- [ RunTime:0.000731s ]
SQL: SHOW COLUMNS FROM `cms_menu` [ RunTime:0.0050s ]
SQL: SELECT * FROM `cms_menu` WHERE `type` = 1 AND `status` <> -1 ORDER BY menu_id desc LIMIT 0,3   [ RunTime:0.0005s ]
SQL: SELECT COUNT(*) AS tp_count FROM `cms_menu` WHERE `type` = 1 AND `status` <> -1 LIMIT 1   [ RunTime:0.0004s ]
INFO: [ view_parse ] --START--
INFO: [ template_filter ] --START--
INFO: Run Behavior\ContentReplaceBehavior [ RunTime:0.000079s ]
INFO: [ template_filter ] --END-- [ RunTime:0.000149s ]
NOTIC: [8] Undefined variable: nav D:\xampp\htdocs\php\tinycms\Application\Runtime\Cache\Admin\b956215329b6f9aca22277599a4efdfc.php 第 100 行.
INFO: Run Behavior\ParseTemplateBehavior [ RunTime:0.009308s ]
INFO: [ view_parse ] --END-- [ RunTime:0.009366s ]
INFO: [ view_filter ] --START--
INFO: Run Behavior\WriteHtmlCacheBehavior [ RunTime:0.000222s ]
INFO: [ view_filter ] --END-- [ RunTime:0.000263s ]
INFO: [ app_end ] --START--
INFO: Run Behavior\ShowPageTraceBehavior [ RunTime:0.000801s ]
INFO: [ app_end ] --END-- [ RunTime:0.000884s ]

[ 2016-07-05T17:57:57+08:00 ] 127.0.0.1 /admin.php?type=1&c=menu&a=index
INFO: [ app_init ] --START--
INFO: Run Behavior\BuildLiteBehavior [ RunTime:0.000016s ]
INFO: [ app_init ] --END-- [ RunTime:0.000470s ]
INFO: [ app_begin ] --START--
INFO: Run Behavior\ReadHtmlCacheBehavior [ RunTime:0.000615s ]
INFO: [ app_begin ] --END-- [ RunTime:0.000679s ]
SQL: SHOW COLUMNS FROM `cms_menu` [ RunTime:0.0051s ]
SQL: SELECT * FROM `cms_menu` WHERE `type` = 1 AND `status` <> -1 ORDER BY menu_id desc LIMIT 0,3   [ RunTime:0.0010s ]
SQL: SELECT COUNT(*) AS tp_count FROM `cms_menu` WHERE `type` = 1 AND `status` <> -1 LIMIT 1   [ RunTime:0.0007s ]
INFO: [ view_parse ] --START--
INFO: [ template_filter ] --START--
INFO: Run Behavior\ContentReplaceBehavior [ RunTime:0.000089s ]
INFO: [ template_filter ] --END-- [ RunTime:0.000153s ]
NOTIC: [8] Undefined variable: nav D:\xampp\htdocs\php\tinycms\Application\Runtime\Cache\Admin\b956215329b6f9aca22277599a4efdfc.php 第 100 行.
INFO: Run Behavior\ParseTemplateBehavior [ RunTime:0.011614s ]
INFO: [ view_parse ] --END-- [ RunTime:0.011676s ]
INFO: [ view_filter ] --START--
INFO: Run Behavior\WriteHtmlCacheBehavior [ RunTime:0.000344s ]
INFO: [ view_filter ] --END-- [ RunTime:0.000392s ]
INFO: [ app_end ] --START--
INFO: Run Behavior\ShowPageTraceBehavior [ RunTime:0.000906s ]
INFO: [ app_end ] --END-- [ RunTime:0.000984s ]

[ 2016-07-05T17:58:06+08:00 ] 127.0.0.1 /admin.php?type=1&c=menu&a=index
INFO: [ app_init ] --START--
INFO: Run Behavior\BuildLiteBehavior [ RunTime:0.000021s ]
INFO: [ app_init ] --END-- [ RunTime:0.000593s ]
INFO: [ app_begin ] --START--
INFO: Run Behavior\ReadHtmlCacheBehavior [ RunTime:0.000747s ]
INFO: [ app_begin ] --END-- [ RunTime:0.000834s ]
SQL: SHOW COLUMNS FROM `cms_menu` [ RunTime:0.0051s ]
SQL: SELECT * FROM `cms_menu` WHERE `type` = 1 AND `status` <> -1 ORDER BY menu_id desc LIMIT 0,3   [ RunTime:0.0007s ]
SQL: SELECT COUNT(*) AS tp_count FROM `cms_menu` WHERE `type` = 1 AND `status` <> -1 LIMIT 1   [ RunTime:0.0005s ]
INFO: [ view_parse ] --START--
INFO: [ template_filter ] --START--
INFO: Run Behavior\ContentReplaceBehavior [ RunTime:0.000084s ]
INFO: [ template_filter ] --END-- [ RunTime:0.000145s ]
NOTIC: [8] Undefined variable: nav D:\xampp\htdocs\php\tinycms\Application\Runtime\Cache\Admin\b956215329b6f9aca22277599a4efdfc.php 第 100 行.
INFO: Run Behavior\ParseTemplateBehavior [ RunTime:0.009800s ]
INFO: [ view_parse ] --END-- [ RunTime:0.009863s ]
INFO: [ view_filter ] --START--
INFO: Run Behavior\WriteHtmlCacheBehavior [ RunTime:0.001278s ]
INFO: [ view_filter ] --END-- [ RunTime:0.001351s ]
INFO: [ app_end ] --START--
INFO: Run Behavior\ShowPageTraceBehavior [ RunTime:0.001003s ]
INFO: [ app_end ] --END-- [ RunTime:0.001087s ]

[ 2016-07-05T17:58:24+08:00 ] 127.0.0.1 /admin.php?type=1&c=menu&a=index
INFO: [ app_init ] --START--
INFO: Run Behavior\BuildLiteBehavior [ RunTime:0.000014s ]
INFO: [ app_init ] --END-- [ RunTime:0.000376s ]
INFO: [ app_begin ] --START--
INFO: Run Behavior\ReadHtmlCacheBehavior [ RunTime:0.002830s ]
INFO: [ app_begin ] --END-- [ RunTime:0.002902s ]
SQL: SHOW COLUMNS FROM `cms_menu` [ RunTime:0.0036s ]
SQL: SELECT * FROM `cms_menu` WHERE `type` = 1 AND `status` <> -1 ORDER BY menu_id desc LIMIT 0,3   [ RunTime:0.0010s ]
SQL: SELECT COUNT(*) AS tp_count FROM `cms_menu` WHERE `type` = 1 AND `status` <> -1 LIMIT 1   [ RunTime:0.0003s ]
INFO: [ view_parse ] --START--
INFO: [ template_filter ] --START--
INFO: Run Behavior\ContentReplaceBehavior [ RunTime:0.000071s ]
INFO: [ template_filter ] --END-- [ RunTime:0.000129s ]
NOTIC: [8] Undefined variable: nav D:\xampp\htdocs\php\tinycms\Application\Runtime\Cache\Admin\b956215329b6f9aca22277599a4efdfc.php 第 100 行.
INFO: Run Behavior\ParseTemplateBehavior [ RunTime:0.009229s ]
INFO: [ view_parse ] --END-- [ RunTime:0.009681s ]
INFO: [ view_filter ] --START--
INFO: Run Behavior\WriteHtmlCacheBehavior [ RunTime:0.000426s ]
INFO: [ view_filter ] --END-- [ RunTime:0.000470s ]
INFO: [ app_end ] --START--
INFO: Run Behavior\ShowPageTraceBehavior [ RunTime:0.000849s ]
INFO: [ app_end ] --END-- [ RunTime:0.000940s ]

[ 2016-07-05T18:02:09+08:00 ] 127.0.0.1 /admin.php?type=1&c=menu&a=index
INFO: [ app_init ] --START--
INFO: Run Behavior\BuildLiteBehavior [ RunTime:0.000018s ]
INFO: [ app_init ] --END-- [ RunTime:0.000504s ]
INFO: [ app_begin ] --START--
INFO: Run Behavior\ReadHtmlCacheBehavior [ RunTime:0.000702s ]
INFO: [ app_begin ] --END-- [ RunTime:0.000782s ]
SQL: SHOW COLUMNS FROM `cms_menu` [ RunTime:0.0242s ]
SQL: SELECT * FROM `cms_menu` WHERE `type` = 1 AND `status` <> -1 ORDER BY menu_id desc LIMIT 0,3   [ RunTime:0.0015s ]
SQL: SELECT COUNT(*) AS tp_count FROM `cms_menu` WHERE `type` = 1 AND `status` <> -1 LIMIT 1   [ RunTime:0.0006s ]
INFO: [ view_parse ] --START--
INFO: [ template_filter ] --START--
INFO: Run Behavior\ContentReplaceBehavior [ RunTime:0.000085s ]
INFO: [ template_filter ] --END-- [ RunTime:0.000171s ]
NOTIC: [8] Undefined variable: nav D:\xampp\htdocs\php\tinycms\Application\Runtime\Cache\Admin\b956215329b6f9aca22277599a4efdfc.php 第 100 行.
INFO: Run Behavior\ParseTemplateBehavior [ RunTime:0.010948s ]
INFO: [ view_parse ] --END-- [ RunTime:0.011011s ]
INFO: [ view_filter ] --START--
INFO: Run Behavior\WriteHtmlCacheBehavior [ RunTime:0.000485s ]
INFO: [ view_filter ] --END-- [ RunTime:0.000544s ]
INFO: [ app_end ] --START--
INFO: Run Behavior\ShowPageTraceBehavior [ RunTime:0.001364s ]
INFO: [ app_end ] --END-- [ RunTime:0.001458s ]

[ 2016-07-05T18:02:21+08:00 ] 127.0.0.1 /admin.php?type=1&c=menu&a=index
INFO: [ app_init ] --START--
INFO: Run Behavior\BuildLiteBehavior [ RunTime:0.000017s ]
INFO: [ app_init ] --END-- [ RunTime:0.000429s ]
INFO: [ app_begin ] --START--
INFO: Run Behavior\ReadHtmlCacheBehavior [ RunTime:0.000614s ]
INFO: [ app_begin ] --END-- [ RunTime:0.000683s ]
SQL: SHOW COLUMNS FROM `cms_menu` [ RunTime:0.0041s ]
SQL: SELECT * FROM `cms_menu` WHERE `type` = 1 AND `status` <> -1 ORDER BY menu_id desc LIMIT 0,3   [ RunTime:0.0010s ]
SQL: SELECT COUNT(*) AS tp_count FROM `cms_menu` WHERE `type` = 1 AND `status` <> -1 LIMIT 1   [ RunTime:0.0005s ]
INFO: [ view_parse ] --START--
INFO: [ template_filter ] --START--
INFO: Run Behavior\ContentReplaceBehavior [ RunTime:0.000074s ]
INFO: [ template_filter ] --END-- [ RunTime:0.000140s ]
NOTIC: [8] Undefined variable: nav D:\xampp\htdocs\php\tinycms\Application\Runtime\Cache\Admin\b956215329b6f9aca22277599a4efdfc.php 第 100 行.
INFO: Run Behavior\ParseTemplateBehavior [ RunTime:0.014552s ]
INFO: [ view_parse ] --END-- [ RunTime:0.014622s ]
INFO: [ view_filter ] --START--
INFO: Run Behavior\WriteHtmlCacheBehavior [ RunTime:0.000516s ]
INFO: [ view_filter ] --END-- [ RunTime:0.000574s ]
INFO: [ app_end ] --START--
INFO: Run Behavior\ShowPageTraceBehavior [ RunTime:0.000756s ]
INFO: [ app_end ] --END-- [ RunTime:0.000846s ]

[ 2016-07-05T18:02:36+08:00 ] 127.0.0.1 /admin.php?type=1&c=menu&a=index
INFO: [ app_init ] --START--
INFO: Run Behavior\BuildLiteBehavior [ RunTime:0.000021s ]
INFO: [ app_init ] --END-- [ RunTime:0.000578s ]
INFO: [ app_begin ] --START--
INFO: Run Behavior\ReadHtmlCacheBehavior [ RunTime:0.000779s ]
INFO: [ app_begin ] --END-- [ RunTime:0.000859s ]
SQL: SHOW COLUMNS FROM `cms_menu` [ RunTime:0.0036s ]
SQL: SELECT * FROM `cms_menu` WHERE `type` = 1 AND `status` <> -1 ORDER BY menu_id desc LIMIT 0,3   [ RunTime:0.0006s ]
SQL: SELECT COUNT(*) AS tp_count FROM `cms_menu` WHERE `type` = 1 AND `status` <> -1 LIMIT 1   [ RunTime:0.0004s ]
INFO: [ view_parse ] --START--
INFO: [ template_filter ] --START--
INFO: Run Behavior\ContentReplaceBehavior [ RunTime:0.000074s ]
INFO: [ template_filter ] --END-- [ RunTime:0.000136s ]
NOTIC: [8] Undefined variable: nav D:\xampp\htdocs\php\tinycms\Application\Runtime\Cache\Admin\b956215329b6f9aca22277599a4efdfc.php 第 100 行.
INFO: Run Behavior\ParseTemplateBehavior [ RunTime:0.010831s ]
INFO: [ view_parse ] --END-- [ RunTime:0.010898s ]
INFO: [ view_filter ] --START--
INFO: Run Behavior\WriteHtmlCacheBehavior [ RunTime:0.000296s ]
INFO: [ view_filter ] --END-- [ RunTime:0.000343s ]
INFO: [ app_end ] --START--
INFO: Run Behavior\ShowPageTraceBehavior [ RunTime:0.000908s ]
INFO: [ app_end ] --END-- [ RunTime:0.001261s ]

[ 2016-07-05T20:42:27+08:00 ] 127.0.0.1 /admin.php?type=1&c=menu&a=index
INFO: [ app_init ] --START--
INFO: Run Behavior\BuildLiteBehavior [ RunTime:0.000017s ]
INFO: [ app_init ] --END-- [ RunTime:0.000784s ]
INFO: [ app_begin ] --START--
INFO: Run Behavior\ReadHtmlCacheBehavior [ RunTime:0.001333s ]
INFO: [ app_begin ] --END-- [ RunTime:0.001442s ]
SQL: SHOW COLUMNS FROM `cms_menu` [ RunTime:0.0046s ]
SQL: SELECT * FROM `cms_menu` WHERE `type` = 1 AND `status` <> -1 ORDER BY menu_id desc LIMIT 0,3   [ RunTime:0.0311s ]
SQL: SELECT COUNT(*) AS tp_count FROM `cms_menu` WHERE `type` = 1 AND `status` <> -1 LIMIT 1   [ RunTime:0.0006s ]
NOTIC: [8] Array to string conversion D:\xampp\htdocs\php\tinycms\Application\Admin\Controller\MenuController.class.php 第 18 行.
INFO: [ app_end ] --START--
INFO: Run Behavior\ShowPageTraceBehavior [ RunTime:0.001115s ]
INFO: [ app_end ] --END-- [ RunTime:0.001183s ]

[ 2016-07-05T20:42:43+08:00 ] 127.0.0.1 /admin.php?type=1&c=menu&a=index
INFO: [ app_init ] --START--
INFO: Run Behavior\BuildLiteBehavior [ RunTime:0.000019s ]
INFO: [ app_init ] --END-- [ RunTime:0.000486s ]
INFO: [ app_begin ] --START--
INFO: Run Behavior\ReadHtmlCacheBehavior [ RunTime:0.000523s ]
INFO: [ app_begin ] --END-- [ RunTime:0.000594s ]
SQL: SHOW COLUMNS FROM `cms_menu` [ RunTime:0.0108s ]
SQL: SELECT * FROM `cms_menu` WHERE `type` = 1 AND `status` <> -1 ORDER BY menu_id desc LIMIT 0,3   [ RunTime:0.0018s ]
SQL: SELECT COUNT(*) AS tp_count FROM `cms_menu` WHERE `type` = 1 AND `status` <> -1 LIMIT 1   [ RunTime:0.0007s ]
INFO: [ app_end ] --START--
INFO: Run Behavior\ShowPageTraceBehavior [ RunTime:0.000613s ]
INFO: [ app_end ] --END-- [ RunTime:0.000706s ]

[ 2016-07-05T20:42:49+08:00 ] 127.0.0.1 /admin.php?type=1&c=menu&a=index
INFO: [ app_init ] --START--
INFO: Run Behavior\BuildLiteBehavior [ RunTime:0.000016s ]
INFO: [ app_init ] --END-- [ RunTime:0.000453s ]
INFO: [ app_begin ] --START--
INFO: Run Behavior\ReadHtmlCacheBehavior [ RunTime:0.000815s ]
INFO: [ app_begin ] --END-- [ RunTime:0.000917s ]
SQL: SHOW COLUMNS FROM `cms_menu` [ RunTime:0.0080s ]
SQL: SELECT * FROM `cms_menu` WHERE `type` = 1 AND `status` <> -1 ORDER BY menu_id desc LIMIT 0,3   [ RunTime:0.0076s ]
SQL: SELECT COUNT(*) AS tp_count FROM `cms_menu` WHERE `type` = 1 AND `status` <> -1 LIMIT 1   [ RunTime:0.0007s ]
INFO: [ app_end ] --START--
INFO: Run Behavior\ShowPageTraceBehavior [ RunTime:0.000776s ]
INFO: [ app_end ] --END-- [ RunTime:0.000863s ]

[ 2016-07-05T20:57:43+08:00 ] 127.0.0.1 /admin.php?type=1&c=menu&a=index
INFO: [ app_init ] --START--
INFO: Run Behavior\BuildLiteBehavior [ RunTime:0.000017s ]
INFO: [ app_init ] --END-- [ RunTime:0.000472s ]
INFO: [ app_begin ] --START--
INFO: Run Behavior\ReadHtmlCacheBehavior [ RunTime:0.000688s ]
INFO: [ app_begin ] --END-- [ RunTime:0.000764s ]
SQL: SHOW COLUMNS FROM `cms_menu` [ RunTime:0.0047s ]
SQL: SELECT * FROM `cms_menu` WHERE `type` = 1 AND `status` <> -1 ORDER BY menu_id desc LIMIT 0,3   [ RunTime:0.0008s ]
SQL: SELECT COUNT(*) AS tp_count FROM `cms_menu` WHERE `type` = 1 AND `status` <> -1 LIMIT 1   [ RunTime:0.0005s ]
INFO: [ view_parse ] --START--
INFO: [ template_filter ] --START--
INFO: Run Behavior\ContentReplaceBehavior [ RunTime:0.000094s ]
INFO: [ template_filter ] --END-- [ RunTime:0.000160s ]
NOTIC: [8] Undefined variable: nav D:\xampp\htdocs\php\tinycms\Application\Runtime\Cache\Admin\b956215329b6f9aca22277599a4efdfc.php 第 100 行.
INFO: Run Behavior\ParseTemplateBehavior [ RunTime:0.177201s ]
INFO: [ view_parse ] --END-- [ RunTime:0.177263s ]
INFO: [ view_filter ] --START--
INFO: Run Behavior\WriteHtmlCacheBehavior [ RunTime:0.007322s ]
INFO: [ view_filter ] --END-- [ RunTime:0.007389s ]
INFO: [ app_end ] --START--
INFO: Run Behavior\ShowPageTraceBehavior [ RunTime:0.000806s ]
INFO: [ app_end ] --END-- [ RunTime:0.000891s ]

[ 2016-07-05T21:03:28+08:00 ] 127.0.0.1 /admin.php?type=1&c=menu&a=index
INFO: [ app_init ] --START--
INFO: Run Behavior\BuildLiteBehavior [ RunTime:0.000016s ]
INFO: [ app_init ] --END-- [ RunTime:0.000421s ]
INFO: [ app_begin ] --START--
INFO: Run Behavior\ReadHtmlCacheBehavior [ RunTime:0.000730s ]
INFO: [ app_begin ] --END-- [ RunTime:0.000803s ]
SQL: SHOW COLUMNS FROM `cms_menu` [ RunTime:0.0054s ]
SQL: SELECT * FROM `cms_menu` WHERE `type` = 1 AND `status` <> -1 ORDER BY menu_id desc LIMIT 0,3   [ RunTime:0.0007s ]
SQL: SELECT COUNT(*) AS tp_count FROM `cms_menu` WHERE `type` = 1 AND `status` <> -1 LIMIT 1   [ RunTime:0.0004s ]
INFO: [ view_parse ] --START--
INFO: [ template_filter ] --START--
INFO: Run Behavior\ContentReplaceBehavior [ RunTime:0.000069s ]
INFO: [ template_filter ] --END-- [ RunTime:0.000129s ]
NOTIC: [8] Undefined variable: nav D:\xampp\htdocs\php\tinycms\Application\Runtime\Cache\Admin\b956215329b6f9aca22277599a4efdfc.php 第 100 行.
INFO: Run Behavior\ParseTemplateBehavior [ RunTime:0.013793s ]
INFO: [ view_parse ] --END-- [ RunTime:0.013854s ]
INFO: [ view_filter ] --START--
INFO: Run Behavior\WriteHtmlCacheBehavior [ RunTime:0.000390s ]
INFO: [ view_filter ] --END-- [ RunTime:0.000438s ]
INFO: [ app_end ] --START--
INFO: Run Behavior\ShowPageTraceBehavior [ RunTime:0.000920s ]
INFO: [ app_end ] --END-- [ RunTime:0.001017s ]

[ 2016-07-05T21:03:36+08:00 ] 127.0.0.1 /admin.php?type=0&c=menu&a=index
INFO: [ app_init ] --START--
INFO: Run Behavior\BuildLiteBehavior [ RunTime:0.000020s ]
INFO: [ app_init ] --END-- [ RunTime:0.002930s ]
INFO: [ app_begin ] --START--
INFO: Run Behavior\ReadHtmlCacheBehavior [ RunTime:0.000503s ]
INFO: [ app_begin ] --END-- [ RunTime:0.000564s ]
SQL: SHOW COLUMNS FROM `cms_menu` [ RunTime:0.0050s ]
SQL: SELECT * FROM `cms_menu` WHERE `type` = 0 AND `status` <> -1 ORDER BY menu_id desc LIMIT 0,3   [ RunTime:0.0007s ]
SQL: SELECT COUNT(*) AS tp_count FROM `cms_menu` WHERE `type` = 0 AND `status` <> -1 LIMIT 1   [ RunTime:0.0005s ]
INFO: [ view_parse ] --START--
INFO: [ template_filter ] --START--
INFO: Run Behavior\ContentReplaceBehavior [ RunTime:0.000197s ]
INFO: [ template_filter ] --END-- [ RunTime:0.000267s ]
NOTIC: [8] Undefined variable: nav D:\xampp\htdocs\php\tinycms\Application\Runtime\Cache\Admin\b956215329b6f9aca22277599a4efdfc.php 第 100 行.
INFO: Run Behavior\ParseTemplateBehavior [ RunTime:0.013550s ]
INFO: [ view_parse ] --END-- [ RunTime:0.013613s ]
INFO: [ view_filter ] --START--
INFO: Run Behavior\WriteHtmlCacheBehavior [ RunTime:0.002670s ]
INFO: [ view_filter ] --END-- [ RunTime:0.002735s ]
INFO: [ app_end ] --START--
INFO: Run Behavior\ShowPageTraceBehavior [ RunTime:0.003187s ]
INFO: [ app_end ] --END-- [ RunTime:0.003278s ]

[ 2016-07-05T21:03:42+08:00 ] 127.0.0.1 /admin.php?type=1&c=menu&a=index
INFO: [ app_init ] --START--
INFO: Run Behavior\BuildLiteBehavior [ RunTime:0.000017s ]
INFO: [ app_init ] --END-- [ RunTime:0.000466s ]
INFO: [ app_begin ] --START--
INFO: Run Behavior\ReadHtmlCacheBehavior [ RunTime:0.000803s ]
INFO: [ app_begin ] --END-- [ RunTime:0.000873s ]
SQL: SHOW COLUMNS FROM `cms_menu` [ RunTime:0.0060s ]
SQL: SELECT * FROM `cms_menu` WHERE `type` = 1 AND `status` <> -1 ORDER BY menu_id desc LIMIT 0,3   [ RunTime:0.0006s ]
SQL: SELECT COUNT(*) AS tp_count FROM `cms_menu` WHERE `type` = 1 AND `status` <> -1 LIMIT 1   [ RunTime:0.0004s ]
INFO: [ view_parse ] --START--
INFO: [ template_filter ] --START--
INFO: Run Behavior\ContentReplaceBehavior [ RunTime:0.000071s ]
INFO: [ template_filter ] --END-- [ RunTime:0.000134s ]
NOTIC: [8] Undefined variable: nav D:\xampp\htdocs\php\tinycms\Application\Runtime\Cache\Admin\b956215329b6f9aca22277599a4efdfc.php 第 100 行.
INFO: Run Behavior\ParseTemplateBehavior [ RunTime:0.010418s ]
INFO: [ view_parse ] --END-- [ RunTime:0.010484s ]
INFO: [ view_filter ] --START--
INFO: Run Behavior\WriteHtmlCacheBehavior [ RunTime:0.000388s ]
INFO: [ view_filter ] --END-- [ RunTime:0.000437s ]
INFO: [ app_end ] --START--
INFO: Run Behavior\ShowPageTraceBehavior [ RunTime:0.000817s ]
INFO: [ app_end ] --END-- [ RunTime:0.000910s ]

[ 2016-07-05T21:04:14+08:00 ] 127.0.0.1 /admin.php?type=1&c=menu&a=index
INFO: [ app_init ] --START--
INFO: Run Behavior\BuildLiteBehavior [ RunTime:0.000017s ]
INFO: [ app_init ] --END-- [ RunTime:0.000396s ]
INFO: [ app_begin ] --START--
INFO: Run Behavior\ReadHtmlCacheBehavior [ RunTime:0.000520s ]
INFO: [ app_begin ] --END-- [ RunTime:0.000585s ]
SQL: SHOW COLUMNS FROM `cms_menu` [ RunTime:0.0054s ]
SQL: SELECT * FROM `cms_menu` WHERE `type` = 1 AND `status` <> -1 ORDER BY menu_id desc LIMIT 0,3   [ RunTime:0.0023s ]
SQL: SELECT COUNT(*) AS tp_count FROM `cms_menu` WHERE `type` = 1 AND `status` <> -1 LIMIT 1   [ RunTime:0.0005s ]
INFO: [ view_parse ] --START--
INFO: [ template_filter ] --START--
INFO: Run Behavior\ContentReplaceBehavior [ RunTime:0.000426s ]
INFO: [ template_filter ] --END-- [ RunTime:0.000543s ]
NOTIC: [8] Undefined variable: nav D:\xampp\htdocs\php\tinycms\Application\Runtime\Cache\Admin\b956215329b6f9aca22277599a4efdfc.php 第 100 行.
INFO: Run Behavior\ParseTemplateBehavior [ RunTime:0.012853s ]
INFO: [ view_parse ] --END-- [ RunTime:0.012918s ]
INFO: [ view_filter ] --START--
INFO: Run Behavior\WriteHtmlCacheBehavior [ RunTime:0.000724s ]
INFO: [ view_filter ] --END-- [ RunTime:0.000786s ]
INFO: [ app_end ] --START--
INFO: Run Behavior\ShowPageTraceBehavior [ RunTime:0.000626s ]
INFO: [ app_end ] --END-- [ RunTime:0.000706s ]

[ 2016-07-05T21:04:25+08:00 ] 127.0.0.1 /admin.php?type=0&c=menu&a=index
INFO: [ app_init ] --START--
INFO: Run Behavior\BuildLiteBehavior [ RunTime:0.000017s ]
INFO: [ app_init ] --END-- [ RunTime:0.000475s ]
INFO: [ app_begin ] --START--
INFO: Run Behavior\ReadHtmlCacheBehavior [ RunTime:0.006777s ]
INFO: [ app_begin ] --END-- [ RunTime:0.006855s ]
SQL: SHOW COLUMNS FROM `cms_menu` [ RunTime:0.0052s ]
SQL: SELECT * FROM `cms_menu` WHERE `type` = 0 AND `status` <> -1 ORDER BY menu_id desc LIMIT 0,3   [ RunTime:0.0008s ]
SQL: SELECT COUNT(*) AS tp_count FROM `cms_menu` WHERE `type` = 0 AND `status` <> -1 LIMIT 1   [ RunTime:0.0005s ]
INFO: [ view_parse ] --START--
INFO: [ template_filter ] --START--
INFO: Run Behavior\ContentReplaceBehavior [ RunTime:0.000075s ]
INFO: [ template_filter ] --END-- [ RunTime:0.000140s ]
NOTIC: [8] Undefined variable: nav D:\xampp\htdocs\php\tinycms\Application\Runtime\Cache\Admin\b956215329b6f9aca22277599a4efdfc.php 第 100 行.
INFO: Run Behavior\ParseTemplateBehavior [ RunTime:0.016400s ]
INFO: [ view_parse ] --END-- [ RunTime:0.016473s ]
INFO: [ view_filter ] --START--
INFO: Run Behavior\WriteHtmlCacheBehavior [ RunTime:0.002271s ]
INFO: [ view_filter ] --END-- [ RunTime:0.002339s ]
INFO: [ app_end ] --START--
INFO: Run Behavior\ShowPageTraceBehavior [ RunTime:0.095236s ]
INFO: [ app_end ] --END-- [ RunTime:0.095329s ]

[ 2016-07-05T21:04:28+08:00 ] 127.0.0.1 /admin.php?type=0&c=menu&a=index
INFO: [ app_init ] --START--
INFO: Run Behavior\BuildLiteBehavior [ RunTime:0.000015s ]
INFO: [ app_init ] --END-- [ RunTime:0.000406s ]
INFO: [ app_begin ] --START--
INFO: Run Behavior\ReadHtmlCacheBehavior [ RunTime:0.000649s ]
INFO: [ app_begin ] --END-- [ RunTime:0.000723s ]
SQL: SHOW COLUMNS FROM `cms_menu` [ RunTime:0.0060s ]
SQL: SELECT * FROM `cms_menu` WHERE `type` = 0 AND `status` <> -1 ORDER BY menu_id desc LIMIT 0,3   [ RunTime:0.0008s ]
SQL: SELECT COUNT(*) AS tp_count FROM `cms_menu` WHERE `type` = 0 AND `status` <> -1 LIMIT 1   [ RunTime:0.0006s ]
INFO: [ view_parse ] --START--
INFO: [ template_filter ] --START--
INFO: Run Behavior\ContentReplaceBehavior [ RunTime:0.000072s ]
INFO: [ template_filter ] --END-- [ RunTime:0.000131s ]
NOTIC: [8] Undefined variable: nav D:\xampp\htdocs\php\tinycms\Application\Runtime\Cache\Admin\b956215329b6f9aca22277599a4efdfc.php 第 100 行.
INFO: Run Behavior\ParseTemplateBehavior [ RunTime:0.011253s ]
INFO: [ view_parse ] --END-- [ RunTime:0.011320s ]
INFO: [ view_filter ] --START--
INFO: Run Behavior\WriteHtmlCacheBehavior [ RunTime:0.000431s ]
INFO: [ view_filter ] --END-- [ RunTime:0.000479s ]
INFO: [ app_end ] --START--
INFO: Run Behavior\ShowPageTraceBehavior [ RunTime:0.000828s ]
INFO: [ app_end ] --END-- [ RunTime:0.000918s ]

[ 2016-07-05T21:05:34+08:00 ] 127.0.0.1 /admin.php?type=0&c=menu&a=index
INFO: [ app_init ] --START--
INFO: Run Behavior\BuildLiteBehavior [ RunTime:0.000017s ]
INFO: [ app_init ] --END-- [ RunTime:0.000376s ]
INFO: [ app_begin ] --START--
INFO: Run Behavior\ReadHtmlCacheBehavior [ RunTime:0.000667s ]
INFO: [ app_begin ] --END-- [ RunTime:0.000741s ]

[ 2016-07-05T21:05:48+08:00 ] 127.0.0.1 /admin.php?type=0&c=menu&a=index
INFO: [ app_init ] --START--
INFO: Run Behavior\BuildLiteBehavior [ RunTime:0.000016s ]
INFO: [ app_init ] --END-- [ RunTime:0.000442s ]
INFO: [ app_begin ] --START--
INFO: Run Behavior\ReadHtmlCacheBehavior [ RunTime:0.000631s ]
INFO: [ app_begin ] --END-- [ RunTime:0.000697s ]
SQL: SHOW COLUMNS FROM `cms_menu` [ RunTime:0.0039s ]
SQL: SELECT * FROM `cms_menu` WHERE `type` = 0 AND `status` <> -1 ORDER BY menu_id desc LIMIT 0,3   [ RunTime:0.0009s ]
SQL: SELECT COUNT(*) AS tp_count FROM `cms_menu` WHERE `type` = 0 AND `status` <> -1 LIMIT 1   [ RunTime:0.0006s ]
INFO: [ view_parse ] --START--
INFO: [ template_filter ] --START--
INFO: Run Behavior\ContentReplaceBehavior [ RunTime:0.001736s ]
INFO: [ template_filter ] --END-- [ RunTime:0.001822s ]
NOTIC: [8] Undefined variable: nav D:\xampp\htdocs\php\tinycms\Application\Runtime\Cache\Admin\b956215329b6f9aca22277599a4efdfc.php 第 100 行.
INFO: Run Behavior\ParseTemplateBehavior [ RunTime:0.013089s ]
INFO: [ view_parse ] --END-- [ RunTime:0.013161s ]
INFO: [ view_filter ] --START--
INFO: Run Behavior\WriteHtmlCacheBehavior [ RunTime:0.000422s ]
INFO: [ view_filter ] --END-- [ RunTime:0.000476s ]
INFO: [ app_end ] --START--
INFO: Run Behavior\ShowPageTraceBehavior [ RunTime:0.001108s ]
INFO: [ app_end ] --END-- [ RunTime:0.001190s ]

[ 2016-07-05T21:05:53+08:00 ] 127.0.0.1 /admin.php?type=0&c=menu&a=index
INFO: [ app_init ] --START--
INFO: Run Behavior\BuildLiteBehavior [ RunTime:0.000020s ]
INFO: [ app_init ] --END-- [ RunTime:0.000536s ]
INFO: [ app_begin ] --START--
INFO: Run Behavior\ReadHtmlCacheBehavior [ RunTime:0.000719s ]
INFO: [ app_begin ] --END-- [ RunTime:0.000805s ]
SQL: SHOW COLUMNS FROM `cms_menu` [ RunTime:0.0055s ]
SQL: SELECT * FROM `cms_menu` WHERE `type` = 0 AND `status` <> -1 ORDER BY menu_id desc LIMIT 0,3   [ RunTime:0.0009s ]
SQL: SELECT COUNT(*) AS tp_count FROM `cms_menu` WHERE `type` = 0 AND `status` <> -1 LIMIT 1   [ RunTime:0.0006s ]
INFO: [ view_parse ] --START--
INFO: [ template_filter ] --START--
INFO: Run Behavior\ContentReplaceBehavior [ RunTime:0.000078s ]
INFO: [ template_filter ] --END-- [ RunTime:0.000141s ]
NOTIC: [8] Undefined variable: nav D:\xampp\htdocs\php\tinycms\Application\Runtime\Cache\Admin\b956215329b6f9aca22277599a4efdfc.php 第 100 行.
INFO: Run Behavior\ParseTemplateBehavior [ RunTime:0.011909s ]
INFO: [ view_parse ] --END-- [ RunTime:0.011985s ]
INFO: [ view_filter ] --START--
INFO: Run Behavior\WriteHtmlCacheBehavior [ RunTime:0.000649s ]
INFO: [ view_filter ] --END-- [ RunTime:0.000710s ]
INFO: [ app_end ] --START--
INFO: Run Behavior\ShowPageTraceBehavior [ RunTime:0.001002s ]
INFO: [ app_end ] --END-- [ RunTime:0.001098s ]

[ 2016-07-05T21:06:37+08:00 ] 127.0.0.1 /admin.php?type=0&c=menu&a=index
INFO: [ app_init ] --START--
INFO: Run Behavior\BuildLiteBehavior [ RunTime:0.000018s ]
INFO: [ app_init ] --END-- [ RunTime:0.000506s ]
INFO: [ app_begin ] --START--
INFO: Run Behavior\ReadHtmlCacheBehavior [ RunTime:0.001082s ]
INFO: [ app_begin ] --END-- [ RunTime:0.001167s ]
SQL: SHOW COLUMNS FROM `cms_menu` [ RunTime:0.0065s ]
SQL: SELECT * FROM `cms_menu` WHERE `type` = 0 AND `status` <> -1 ORDER BY menu_id desc LIMIT 0,3   [ RunTime:0.0007s ]
SQL: SELECT COUNT(*) AS tp_count FROM `cms_menu` WHERE `type` = 0 AND `status` <> -1 LIMIT 1   [ RunTime:0.0005s ]
INFO: [ view_parse ] --START--
INFO: [ template_filter ] --START--
INFO: Run Behavior\ContentReplaceBehavior [ RunTime:0.000074s ]
INFO: [ template_filter ] --END-- [ RunTime:0.000140s ]
NOTIC: [8] Undefined variable: nav D:\xampp\htdocs\php\tinycms\Application\Runtime\Cache\Admin\b956215329b6f9aca22277599a4efdfc.php 第 100 行.
INFO: Run Behavior\ParseTemplateBehavior [ RunTime:0.017740s ]
INFO: [ view_parse ] --END-- [ RunTime:0.017957s ]
INFO: [ view_filter ] --START--
INFO: Run Behavior\WriteHtmlCacheBehavior [ RunTime:0.000600s ]
INFO: [ view_filter ] --END-- [ RunTime:0.000661s ]
INFO: [ app_end ] --START--
INFO: Run Behavior\ShowPageTraceBehavior [ RunTime:0.000996s ]
INFO: [ app_end ] --END-- [ RunTime:0.001090s ]

[ 2016-07-05T21:06:44+08:00 ] 127.0.0.1 /admin.php?type=1&c=menu&a=index
INFO: [ app_init ] --START--
INFO: Run Behavior\BuildLiteBehavior [ RunTime:0.000019s ]
INFO: [ app_init ] --END-- [ RunTime:0.000518s ]
INFO: [ app_begin ] --START--
INFO: Run Behavior\ReadHtmlCacheBehavior [ RunTime:0.000916s ]
INFO: [ app_begin ] --END-- [ RunTime:0.001004s ]
SQL: SHOW COLUMNS FROM `cms_menu` [ RunTime:0.0063s ]
SQL: SELECT * FROM `cms_menu` WHERE `type` = 1 AND `status` <> -1 ORDER BY menu_id desc LIMIT 0,3   [ RunTime:0.0008s ]
SQL: SELECT COUNT(*) AS tp_count FROM `cms_menu` WHERE `type` = 1 AND `status` <> -1 LIMIT 1   [ RunTime:0.0006s ]
INFO: [ view_parse ] --START--
INFO: [ template_filter ] --START--
INFO: Run Behavior\ContentReplaceBehavior [ RunTime:0.000076s ]
INFO: [ template_filter ] --END-- [ RunTime:0.000145s ]
NOTIC: [8] Undefined variable: nav D:\xampp\htdocs\php\tinycms\Application\Runtime\Cache\Admin\b956215329b6f9aca22277599a4efdfc.php 第 100 行.
INFO: Run Behavior\ParseTemplateBehavior [ RunTime:0.016998s ]
INFO: [ view_parse ] --END-- [ RunTime:0.017068s ]
INFO: [ view_filter ] --START--
INFO: Run Behavior\WriteHtmlCacheBehavior [ RunTime:0.000591s ]
INFO: [ view_filter ] --END-- [ RunTime:0.000646s ]
INFO: [ app_end ] --START--
INFO: Run Behavior\ShowPageTraceBehavior [ RunTime:0.000773s ]
INFO: [ app_end ] --END-- [ RunTime:0.000859s ]

[ 2016-07-05T21:06:47+08:00 ] 127.0.0.1 /admin.php?type=1&c=menu&a=index
INFO: [ app_init ] --START--
INFO: Run Behavior\BuildLiteBehavior [ RunTime:0.000021s ]
INFO: [ app_init ] --END-- [ RunTime:0.000595s ]
INFO: [ app_begin ] --START--
INFO: Run Behavior\ReadHtmlCacheBehavior [ RunTime:0.000622s ]
INFO: [ app_begin ] --END-- [ RunTime:0.000699s ]
SQL: SHOW COLUMNS FROM `cms_menu` [ RunTime:0.0117s ]
SQL: SELECT * FROM `cms_menu` WHERE `type` = 1 AND `status` <> -1 ORDER BY menu_id desc LIMIT 0,3   [ RunTime:0.0009s ]
SQL: SELECT COUNT(*) AS tp_count FROM `cms_menu` WHERE `type` = 1 AND `status` <> -1 LIMIT 1   [ RunTime:0.0006s ]
INFO: [ view_parse ] --START--
INFO: [ template_filter ] --START--
INFO: Run Behavior\ContentReplaceBehavior [ RunTime:0.000074s ]
INFO: [ template_filter ] --END-- [ RunTime:0.000142s ]
NOTIC: [8] Undefined variable: nav D:\xampp\htdocs\php\tinycms\Application\Runtime\Cache\Admin\b956215329b6f9aca22277599a4efdfc.php 第 100 行.
INFO: Run Behavior\ParseTemplateBehavior [ RunTime:0.013066s ]
INFO: [ view_parse ] --END-- [ RunTime:0.013140s ]
INFO: [ view_filter ] --START--
INFO: Run Behavior\WriteHtmlCacheBehavior [ RunTime:0.000340s ]
INFO: [ view_filter ] --END-- [ RunTime:0.000390s ]
INFO: [ app_end ] --START--
INFO: Run Behavior\ShowPageTraceBehavior [ RunTime:0.000678s ]
INFO: [ app_end ] --END-- [ RunTime:0.000761s ]

[ 2016-07-05T21:08:52+08:00 ] 127.0.0.1 /admin.php?type=1&c=menu&a=index
INFO: [ app_init ] --START--
INFO: Run Behavior\BuildLiteBehavior [ RunTime:0.000025s ]
INFO: [ app_init ] --END-- [ RunTime:0.000771s ]
INFO: [ app_begin ] --START--
INFO: Run Behavior\ReadHtmlCacheBehavior [ RunTime:0.001831s ]
INFO: [ app_begin ] --END-- [ RunTime:0.001982s ]
SQL: SHOW COLUMNS FROM `cms_menu` [ RunTime:0.0072s ]
SQL: SELECT * FROM `cms_menu` WHERE `status` <> -1 ORDER BY menu_id desc LIMIT 0,3   [ RunTime:0.0020s ]
SQL: SELECT COUNT(*) AS tp_count FROM `cms_menu` WHERE `status` <> -1 LIMIT 1   [ RunTime:0.0011s ]
INFO: [ view_parse ] --START--
INFO: [ template_filter ] --START--
INFO: Run Behavior\ContentReplaceBehavior [ RunTime:0.000077s ]
INFO: [ template_filter ] --END-- [ RunTime:0.000141s ]
NOTIC: [8] Undefined variable: nav D:\xampp\htdocs\php\tinycms\Application\Runtime\Cache\Admin\b956215329b6f9aca22277599a4efdfc.php 第 100 行.
NOTIC: [8] Undefined variable: type D:\xampp\htdocs\php\tinycms\Application\Runtime\Cache\Admin\b956215329b6f9aca22277599a4efdfc.php 第 112 行.
NOTIC: [8] Undefined variable: type D:\xampp\htdocs\php\tinycms\Application\Runtime\Cache\Admin\b956215329b6f9aca22277599a4efdfc.php 第 113 行.
INFO: Run Behavior\ParseTemplateBehavior [ RunTime:0.013143s ]
INFO: [ view_parse ] --END-- [ RunTime:0.013212s ]
INFO: [ view_filter ] --START--
INFO: Run Behavior\WriteHtmlCacheBehavior [ RunTime:0.000731s ]
INFO: [ view_filter ] --END-- [ RunTime:0.000799s ]
INFO: [ app_end ] --START--
INFO: Run Behavior\ShowPageTraceBehavior [ RunTime:0.001260s ]
INFO: [ app_end ] --END-- [ RunTime:0.001372s ]

[ 2016-07-05T21:08:56+08:00 ] 127.0.0.1 /admin.php?type=1&c=menu&a=index
INFO: [ app_init ] --START--
INFO: Run Behavior\BuildLiteBehavior [ RunTime:0.000018s ]
INFO: [ app_init ] --END-- [ RunTime:0.000485s ]
INFO: [ app_begin ] --START--
INFO: Run Behavior\ReadHtmlCacheBehavior [ RunTime:0.000627s ]
INFO: [ app_begin ] --END-- [ RunTime:0.000692s ]
SQL: SHOW COLUMNS FROM `cms_menu` [ RunTime:0.0041s ]
SQL: SELECT * FROM `cms_menu` WHERE `status` <> -1 ORDER BY menu_id desc LIMIT 0,3   [ RunTime:0.0008s ]
SQL: SELECT COUNT(*) AS tp_count FROM `cms_menu` WHERE `status` <> -1 LIMIT 1   [ RunTime:0.0006s ]
INFO: [ view_parse ] --START--
INFO: [ template_filter ] --START--
INFO: Run Behavior\ContentReplaceBehavior [ RunTime:0.000105s ]
INFO: [ template_filter ] --END-- [ RunTime:0.000641s ]
NOTIC: [8] Undefined variable: nav D:\xampp\htdocs\php\tinycms\Application\Runtime\Cache\Admin\b956215329b6f9aca22277599a4efdfc.php 第 100 行.
NOTIC: [8] Undefined variable: type D:\xampp\htdocs\php\tinycms\Application\Runtime\Cache\Admin\b956215329b6f9aca22277599a4efdfc.php 第 112 行.
NOTIC: [8] Undefined variable: type D:\xampp\htdocs\php\tinycms\Application\Runtime\Cache\Admin\b956215329b6f9aca22277599a4efdfc.php 第 113 行.
INFO: Run Behavior\ParseTemplateBehavior [ RunTime:0.014809s ]
INFO: [ view_parse ] --END-- [ RunTime:0.015052s ]
INFO: [ view_filter ] --START--
INFO: Run Behavior\WriteHtmlCacheBehavior [ RunTime:0.000617s ]
INFO: [ view_filter ] --END-- [ RunTime:0.000680s ]
INFO: [ app_end ] --START--
INFO: Run Behavior\ShowPageTraceBehavior [ RunTime:0.000864s ]
INFO: [ app_end ] --END-- [ RunTime:0.001305s ]

[ 2016-07-05T21:09:01+08:00 ] 127.0.0.1 /admin.php?c=menu&a=add
INFO: [ app_init ] --START--
INFO: Run Behavior\BuildLiteBehavior [ RunTime:0.000026s ]
INFO: [ app_init ] --END-- [ RunTime:0.000903s ]
INFO: [ app_begin ] --START--
INFO: Run Behavior\ReadHtmlCacheBehavior [ RunTime:0.000803s ]
INFO: [ app_begin ] --END-- [ RunTime:0.000899s ]
INFO: [ view_parse ] --START--
INFO: [ template_filter ] --START--
INFO: Run Behavior\ContentReplaceBehavior [ RunTime:0.000073s ]
INFO: [ template_filter ] --END-- [ RunTime:0.000138s ]
NOTIC: [8] Undefined variable: menus D:\xampp\htdocs\php\tinycms\Application\Runtime\Cache\Admin\31553d7bb41170a30982ff9dddd5d67e.php 第 122 行.
INFO: Run Behavior\ParseTemplateBehavior [ RunTime:0.046292s ]
INFO: [ view_parse ] --END-- [ RunTime:0.046358s ]
INFO: [ view_filter ] --START--
INFO: Run Behavior\WriteHtmlCacheBehavior [ RunTime:0.000524s ]
INFO: [ view_filter ] --END-- [ RunTime:0.000579s ]
INFO: [ app_end ] --START--
INFO: Run Behavior\ShowPageTraceBehavior [ RunTime:0.000904s ]
INFO: [ app_end ] --END-- [ RunTime:0.000970s ]

[ 2016-07-05T21:09:05+08:00 ] 127.0.0.1 /admin.php?type=1&c=menu&a=index
INFO: [ app_init ] --START--
INFO: Run Behavior\BuildLiteBehavior [ RunTime:0.000017s ]
INFO: [ app_init ] --END-- [ RunTime:0.000433s ]
INFO: [ app_begin ] --START--
INFO: Run Behavior\ReadHtmlCacheBehavior [ RunTime:0.000575s ]
INFO: [ app_begin ] --END-- [ RunTime:0.000652s ]
SQL: SHOW COLUMNS FROM `cms_menu` [ RunTime:0.0050s ]
SQL: SELECT * FROM `cms_menu` WHERE `status` <> -1 ORDER BY menu_id desc LIMIT 0,3   [ RunTime:0.0007s ]
SQL: SELECT COUNT(*) AS tp_count FROM `cms_menu` WHERE `status` <> -1 LIMIT 1   [ RunTime:0.0008s ]
INFO: [ view_parse ] --START--
INFO: [ template_filter ] --START--
INFO: Run Behavior\ContentReplaceBehavior [ RunTime:0.000072s ]
INFO: [ template_filter ] --END-- [ RunTime:0.000135s ]
NOTIC: [8] Undefined variable: nav D:\xampp\htdocs\php\tinycms\Application\Runtime\Cache\Admin\b956215329b6f9aca22277599a4efdfc.php 第 100 行.
NOTIC: [8] Undefined variable: type D:\xampp\htdocs\php\tinycms\Application\Runtime\Cache\Admin\b956215329b6f9aca22277599a4efdfc.php 第 112 行.
NOTIC: [8] Undefined variable: type D:\xampp\htdocs\php\tinycms\Application\Runtime\Cache\Admin\b956215329b6f9aca22277599a4efdfc.php 第 113 行.
INFO: Run Behavior\ParseTemplateBehavior [ RunTime:0.010654s ]
INFO: [ view_parse ] --END-- [ RunTime:0.010720s ]
INFO: [ view_filter ] --START--
INFO: Run Behavior\WriteHtmlCacheBehavior [ RunTime:0.000460s ]
INFO: [ view_filter ] --END-- [ RunTime:0.000515s ]
INFO: [ app_end ] --START--
INFO: Run Behavior\ShowPageTraceBehavior [ RunTime:0.000658s ]
INFO: [ app_end ] --END-- [ RunTime:0.000744s ]

[ 2016-07-05T21:09:10+08:00 ] 127.0.0.1 /admin.php?type=1&c=menu&a=index
INFO: [ app_init ] --START--
INFO: Run Behavior\BuildLiteBehavior [ RunTime:0.000017s ]
INFO: [ app_init ] --END-- [ RunTime:0.000465s ]
INFO: [ app_begin ] --START--
INFO: Run Behavior\ReadHtmlCacheBehavior [ RunTime:0.000665s ]
INFO: [ app_begin ] --END-- [ RunTime:0.000735s ]
SQL: SHOW COLUMNS FROM `cms_menu` [ RunTime:0.0047s ]
SQL: SELECT * FROM `cms_menu` WHERE `status` <> -1 ORDER BY menu_id desc LIMIT 0,3   [ RunTime:0.0008s ]
SQL: SELECT COUNT(*) AS tp_count FROM `cms_menu` WHERE `status` <> -1 LIMIT 1   [ RunTime:0.0006s ]
INFO: [ view_parse ] --START--
INFO: [ template_filter ] --START--
INFO: Run Behavior\ContentReplaceBehavior [ RunTime:0.000079s ]
INFO: [ template_filter ] --END-- [ RunTime:0.000340s ]
NOTIC: [8] Undefined variable: nav D:\xampp\htdocs\php\tinycms\Application\Runtime\Cache\Admin\b956215329b6f9aca22277599a4efdfc.php 第 100 行.
NOTIC: [8] Undefined variable: type D:\xampp\htdocs\php\tinycms\Application\Runtime\Cache\Admin\b956215329b6f9aca22277599a4efdfc.php 第 112 行.
NOTIC: [8] Undefined variable: type D:\xampp\htdocs\php\tinycms\Application\Runtime\Cache\Admin\b956215329b6f9aca22277599a4efdfc.php 第 113 行.
INFO: Run Behavior\ParseTemplateBehavior [ RunTime:0.016333s ]
INFO: [ view_parse ] --END-- [ RunTime:0.016397s ]
INFO: [ view_filter ] --START--
INFO: Run Behavior\WriteHtmlCacheBehavior [ RunTime:0.000429s ]
INFO: [ view_filter ] --END-- [ RunTime:0.000476s ]
INFO: [ app_end ] --START--
INFO: Run Behavior\ShowPageTraceBehavior [ RunTime:0.000748s ]
INFO: [ app_end ] --END-- [ RunTime:0.000830s ]

[ 2016-07-05T21:09:13+08:00 ] 127.0.0.1 /admin.php?type=1&c=menu&a=index
INFO: [ app_init ] --START--
INFO: Run Behavior\BuildLiteBehavior [ RunTime:0.000016s ]
INFO: [ app_init ] --END-- [ RunTime:0.000498s ]
INFO: [ app_begin ] --START--
INFO: Run Behavior\ReadHtmlCacheBehavior [ RunTime:0.000619s ]
INFO: [ app_begin ] --END-- [ RunTime:0.000680s ]
SQL: SHOW COLUMNS FROM `cms_menu` [ RunTime:0.0061s ]
SQL: SELECT * FROM `cms_menu` WHERE `status` <> -1 ORDER BY menu_id desc LIMIT 0,3   [ RunTime:0.0008s ]
SQL: SELECT COUNT(*) AS tp_count FROM `cms_menu` WHERE `status` <> -1 LIMIT 1   [ RunTime:0.0007s ]
INFO: [ view_parse ] --START--
INFO: [ template_filter ] --START--
INFO: Run Behavior\ContentReplaceBehavior [ RunTime:0.000074s ]
INFO: [ template_filter ] --END-- [ RunTime:0.000137s ]
NOTIC: [8] Undefined variable: nav D:\xampp\htdocs\php\tinycms\Application\Runtime\Cache\Admin\b956215329b6f9aca22277599a4efdfc.php 第 100 行.
NOTIC: [8] Undefined variable: type D:\xampp\htdocs\php\tinycms\Application\Runtime\Cache\Admin\b956215329b6f9aca22277599a4efdfc.php 第 112 行.
NOTIC: [8] Undefined variable: type D:\xampp\htdocs\php\tinycms\Application\Runtime\Cache\Admin\b956215329b6f9aca22277599a4efdfc.php 第 113 行.
INFO: Run Behavior\ParseTemplateBehavior [ RunTime:0.010726s ]
INFO: [ view_parse ] --END-- [ RunTime:0.010795s ]
INFO: [ view_filter ] --START--
INFO: Run Behavior\WriteHtmlCacheBehavior [ RunTime:0.000360s ]
INFO: [ view_filter ] --END-- [ RunTime:0.000404s ]
INFO: [ app_end ] --START--
INFO: Run Behavior\ShowPageTraceBehavior [ RunTime:0.000825s ]
INFO: [ app_end ] --END-- [ RunTime:0.000936s ]

[ 2016-07-05T21:09:17+08:00 ] 127.0.0.1 /admin.php?type=0&c=menu&a=index
INFO: [ app_init ] --START--
INFO: Run Behavior\BuildLiteBehavior [ RunTime:0.000016s ]
INFO: [ app_init ] --END-- [ RunTime:0.000423s ]
INFO: [ app_begin ] --START--
INFO: Run Behavior\ReadHtmlCacheBehavior [ RunTime:0.000553s ]
INFO: [ app_begin ] --END-- [ RunTime:0.000625s ]
SQL: SHOW COLUMNS FROM `cms_menu` [ RunTime:0.0065s ]
SQL: SELECT * FROM `cms_menu` WHERE `status` <> -1 ORDER BY menu_id desc LIMIT 0,3   [ RunTime:0.0007s ]
SQL: SELECT COUNT(*) AS tp_count FROM `cms_menu` WHERE `status` <> -1 LIMIT 1   [ RunTime:0.0006s ]
INFO: [ view_parse ] --START--
INFO: [ template_filter ] --START--
INFO: Run Behavior\ContentReplaceBehavior [ RunTime:0.000070s ]
INFO: [ template_filter ] --END-- [ RunTime:0.000134s ]
NOTIC: [8] Undefined variable: nav D:\xampp\htdocs\php\tinycms\Application\Runtime\Cache\Admin\b956215329b6f9aca22277599a4efdfc.php 第 100 行.
NOTIC: [8] Undefined variable: type D:\xampp\htdocs\php\tinycms\Application\Runtime\Cache\Admin\b956215329b6f9aca22277599a4efdfc.php 第 112 行.
NOTIC: [8] Undefined variable: type D:\xampp\htdocs\php\tinycms\Application\Runtime\Cache\Admin\b956215329b6f9aca22277599a4efdfc.php 第 113 行.
INFO: Run Behavior\ParseTemplateBehavior [ RunTime:0.016562s ]
INFO: [ view_parse ] --END-- [ RunTime:0.016747s ]
INFO: [ view_filter ] --START--
INFO: Run Behavior\WriteHtmlCacheBehavior [ RunTime:0.000321s ]
INFO: [ view_filter ] --END-- [ RunTime:0.000367s ]
INFO: [ app_end ] --START--
INFO: Run Behavior\ShowPageTraceBehavior [ RunTime:0.001175s ]
INFO: [ app_end ] --END-- [ RunTime:0.001447s ]

[ 2016-07-05T21:12:17+08:00 ] 127.0.0.1 /admin.php?type=0&c=menu&a=index
INFO: [ app_init ] --START--
INFO: Run Behavior\BuildLiteBehavior [ RunTime:0.000021s ]
INFO: [ app_init ] --END-- [ RunTime:0.001858s ]
INFO: [ app_begin ] --START--
INFO: Run Behavior\ReadHtmlCacheBehavior [ RunTime:0.000791s ]
INFO: [ app_begin ] --END-- [ RunTime:0.000885s ]
SQL: SHOW COLUMNS FROM `cms_menu` [ RunTime:0.0044s ]
SQL: SELECT * FROM `cms_menu` WHERE `status` <> -1 ORDER BY menu_id desc LIMIT 0,3   [ RunTime:0.0010s ]
SQL: SELECT COUNT(*) AS tp_count FROM `cms_menu` WHERE `status` <> -1 LIMIT 1   [ RunTime:0.0003s ]
INFO: [ view_parse ] --START--
INFO: [ template_filter ] --START--
INFO: Run Behavior\ContentReplaceBehavior [ RunTime:0.000079s ]
INFO: [ template_filter ] --END-- [ RunTime:0.000148s ]
NOTIC: [8] Undefined variable: nav D:\xampp\htdocs\php\tinycms\Application\Runtime\Cache\Admin\b956215329b6f9aca22277599a4efdfc.php 第 100 行.
NOTIC: [8] Undefined variable: type D:\xampp\htdocs\php\tinycms\Application\Runtime\Cache\Admin\b956215329b6f9aca22277599a4efdfc.php 第 112 行.
NOTIC: [8] Undefined variable: type D:\xampp\htdocs\php\tinycms\Application\Runtime\Cache\Admin\b956215329b6f9aca22277599a4efdfc.php 第 113 行.
INFO: Run Behavior\ParseTemplateBehavior [ RunTime:0.009624s ]
INFO: [ view_parse ] --END-- [ RunTime:0.009684s ]
INFO: [ view_filter ] --START--
INFO: Run Behavior\WriteHtmlCacheBehavior [ RunTime:0.000327s ]
INFO: [ view_filter ] --END-- [ RunTime:0.000368s ]
INFO: [ app_end ] --START--
INFO: Run Behavior\ShowPageTraceBehavior [ RunTime:0.000837s ]
INFO: [ app_end ] --END-- [ RunTime:0.000907s ]

[ 2016-07-05T21:12:20+08:00 ] 127.0.0.1 /admin.php?type=1&c=menu&a=index
INFO: [ app_init ] --START--
INFO: Run Behavior\BuildLiteBehavior [ RunTime:0.000019s ]
INFO: [ app_init ] --END-- [ RunTime:0.000627s ]
INFO: [ app_begin ] --START--
INFO: Run Behavior\ReadHtmlCacheBehavior [ RunTime:0.000740s ]
INFO: [ app_begin ] --END-- [ RunTime:0.000829s ]
SQL: SHOW COLUMNS FROM `cms_menu` [ RunTime:0.0051s ]
SQL: SELECT * FROM `cms_menu` WHERE `status` <> -1 ORDER BY menu_id desc LIMIT 0,3   [ RunTime:0.0007s ]
SQL: SELECT COUNT(*) AS tp_count FROM `cms_menu` WHERE `status` <> -1 LIMIT 1   [ RunTime:0.0006s ]
INFO: [ view_parse ] --START--
INFO: [ template_filter ] --START--
INFO: Run Behavior\ContentReplaceBehavior [ RunTime:0.000070s ]
INFO: [ template_filter ] --END-- [ RunTime:0.000130s ]
NOTIC: [8] Undefined variable: nav D:\xampp\htdocs\php\tinycms\Application\Runtime\Cache\Admin\b956215329b6f9aca22277599a4efdfc.php 第 100 行.
NOTIC: [8] Undefined variable: type D:\xampp\htdocs\php\tinycms\Application\Runtime\Cache\Admin\b956215329b6f9aca22277599a4efdfc.php 第 112 行.
NOTIC: [8] Undefined variable: type D:\xampp\htdocs\php\tinycms\Application\Runtime\Cache\Admin\b956215329b6f9aca22277599a4efdfc.php 第 113 行.
INFO: Run Behavior\ParseTemplateBehavior [ RunTime:0.010732s ]
INFO: [ view_parse ] --END-- [ RunTime:0.010801s ]
INFO: [ view_filter ] --START--
INFO: Run Behavior\WriteHtmlCacheBehavior [ RunTime:0.000370s ]
INFO: [ view_filter ] --END-- [ RunTime:0.000414s ]
INFO: [ app_end ] --START--
INFO: Run Behavior\ShowPageTraceBehavior [ RunTime:0.001144s ]
INFO: [ app_end ] --END-- [ RunTime:0.001226s ]

[ 2016-07-05T21:12:25+08:00 ] 127.0.0.1 /admin.php?type=0&c=menu&a=index
INFO: [ app_init ] --START--
INFO: Run Behavior\BuildLiteBehavior [ RunTime:0.000015s ]
INFO: [ app_init ] --END-- [ RunTime:0.000382s ]
INFO: [ app_begin ] --START--
INFO: Run Behavior\ReadHtmlCacheBehavior [ RunTime:0.000547s ]
INFO: [ app_begin ] --END-- [ RunTime:0.000596s ]
SQL: SHOW COLUMNS FROM `cms_menu` [ RunTime:0.0039s ]
SQL: SELECT * FROM `cms_menu` WHERE `status` <> -1 ORDER BY menu_id desc LIMIT 0,3   [ RunTime:0.0006s ]
SQL: SELECT COUNT(*) AS tp_count FROM `cms_menu` WHERE `status` <> -1 LIMIT 1   [ RunTime:0.0004s ]
INFO: [ view_parse ] --START--
INFO: [ template_filter ] --START--
INFO: Run Behavior\ContentReplaceBehavior [ RunTime:0.000066s ]
INFO: [ template_filter ] --END-- [ RunTime:0.000120s ]
NOTIC: [8] Undefined variable: nav D:\xampp\htdocs\php\tinycms\Application\Runtime\Cache\Admin\b956215329b6f9aca22277599a4efdfc.php 第 100 行.
NOTIC: [8] Undefined variable: type D:\xampp\htdocs\php\tinycms\Application\Runtime\Cache\Admin\b956215329b6f9aca22277599a4efdfc.php 第 112 行.
NOTIC: [8] Undefined variable: type D:\xampp\htdocs\php\tinycms\Application\Runtime\Cache\Admin\b956215329b6f9aca22277599a4efdfc.php 第 113 行.
INFO: Run Behavior\ParseTemplateBehavior [ RunTime:0.009416s ]
INFO: [ view_parse ] --END-- [ RunTime:0.009486s ]
INFO: [ view_filter ] --START--
INFO: Run Behavior\WriteHtmlCacheBehavior [ RunTime:0.000335s ]
INFO: [ view_filter ] --END-- [ RunTime:0.000375s ]
INFO: [ app_end ] --START--
INFO: Run Behavior\ShowPageTraceBehavior [ RunTime:0.001113s ]
INFO: [ app_end ] --END-- [ RunTime:0.001191s ]

[ 2016-07-05T21:12:48+08:00 ] 127.0.0.1 /admin.php?type=0&c=menu&a=index
INFO: [ app_init ] --START--
INFO: Run Behavior\BuildLiteBehavior [ RunTime:0.000018s ]
INFO: [ app_init ] --END-- [ RunTime:0.000431s ]
INFO: [ app_begin ] --START--
INFO: Run Behavior\ReadHtmlCacheBehavior [ RunTime:0.000846s ]
INFO: [ app_begin ] --END-- [ RunTime:0.000925s ]
SQL: SHOW COLUMNS FROM `cms_menu` [ RunTime:0.0043s ]
SQL: SELECT * FROM `cms_menu` WHERE `status` <> -1 ORDER BY menu_id desc LIMIT 0,3   [ RunTime:0.0006s ]
SQL: SELECT COUNT(*) AS tp_count FROM `cms_menu` WHERE `status` <> -1 LIMIT 1   [ RunTime:0.0003s ]
INFO: [ view_parse ] --START--
INFO: [ template_filter ] --START--
INFO: Run Behavior\ContentReplaceBehavior [ RunTime:0.000070s ]
INFO: [ template_filter ] --END-- [ RunTime:0.000127s ]
NOTIC: [8] Undefined variable: nav D:\xampp\htdocs\php\tinycms\Application\Runtime\Cache\Admin\b956215329b6f9aca22277599a4efdfc.php 第 100 行.
NOTIC: [8] Undefined variable: type D:\xampp\htdocs\php\tinycms\Application\Runtime\Cache\Admin\b956215329b6f9aca22277599a4efdfc.php 第 112 行.
NOTIC: [8] Undefined variable: type D:\xampp\htdocs\php\tinycms\Application\Runtime\Cache\Admin\b956215329b6f9aca22277599a4efdfc.php 第 113 行.
INFO: Run Behavior\ParseTemplateBehavior [ RunTime:0.009661s ]
INFO: [ view_parse ] --END-- [ RunTime:0.009716s ]
INFO: [ view_filter ] --START--
INFO: Run Behavior\WriteHtmlCacheBehavior [ RunTime:0.000248s ]
INFO: [ view_filter ] --END-- [ RunTime:0.000309s ]
INFO: [ app_end ] --START--
INFO: Run Behavior\ShowPageTraceBehavior [ RunTime:0.001180s ]
INFO: [ app_end ] --END-- [ RunTime:0.001258s ]

[ 2016-07-05T21:12:52+08:00 ] 127.0.0.1 /admin.php?type=1&c=menu&a=index
INFO: [ app_init ] --START--
INFO: Run Behavior\BuildLiteBehavior [ RunTime:0.000022s ]
INFO: [ app_init ] --END-- [ RunTime:0.000471s ]
INFO: [ app_begin ] --START--
INFO: Run Behavior\ReadHtmlCacheBehavior [ RunTime:0.000607s ]
INFO: [ app_begin ] --END-- [ RunTime:0.000680s ]
SQL: SHOW COLUMNS FROM `cms_menu` [ RunTime:0.0052s ]
SQL: SELECT * FROM `cms_menu` WHERE `status` <> -1 ORDER BY menu_id desc LIMIT 0,3   [ RunTime:0.0007s ]
SQL: SELECT COUNT(*) AS tp_count FROM `cms_menu` WHERE `status` <> -1 LIMIT 1   [ RunTime:0.0006s ]
INFO: [ view_parse ] --START--
INFO: [ template_filter ] --START--
INFO: Run Behavior\ContentReplaceBehavior [ RunTime:0.000068s ]
INFO: [ template_filter ] --END-- [ RunTime:0.000122s ]
NOTIC: [8] Undefined variable: nav D:\xampp\htdocs\php\tinycms\Application\Runtime\Cache\Admin\b956215329b6f9aca22277599a4efdfc.php 第 100 行.
NOTIC: [8] Undefined variable: type D:\xampp\htdocs\php\tinycms\Application\Runtime\Cache\Admin\b956215329b6f9aca22277599a4efdfc.php 第 112 行.
NOTIC: [8] Undefined variable: type D:\xampp\htdocs\php\tinycms\Application\Runtime\Cache\Admin\b956215329b6f9aca22277599a4efdfc.php 第 113 行.
INFO: Run Behavior\ParseTemplateBehavior [ RunTime:0.009807s ]
INFO: [ view_parse ] --END-- [ RunTime:0.009867s ]
INFO: [ view_filter ] --START--
INFO: Run Behavior\WriteHtmlCacheBehavior [ RunTime:0.000232s ]
INFO: [ view_filter ] --END-- [ RunTime:0.000274s ]
INFO: [ app_end ] --START--
INFO: Run Behavior\ShowPageTraceBehavior [ RunTime:0.004419s ]
INFO: [ app_end ] --END-- [ RunTime:0.004579s ]

[ 2016-07-05T21:12:57+08:00 ] 127.0.0.1 /admin.php?type=&c=menu&a=index
INFO: [ app_init ] --START--
INFO: Run Behavior\BuildLiteBehavior [ RunTime:0.000020s ]
INFO: [ app_init ] --END-- [ RunTime:0.000553s ]
INFO: [ app_begin ] --START--
INFO: Run Behavior\ReadHtmlCacheBehavior [ RunTime:0.000766s ]
INFO: [ app_begin ] --END-- [ RunTime:0.000861s ]
SQL: SHOW COLUMNS FROM `cms_menu` [ RunTime:0.0043s ]
SQL: SELECT * FROM `cms_menu` WHERE `status` <> -1 ORDER BY menu_id desc LIMIT 0,3   [ RunTime:0.0007s ]
SQL: SELECT COUNT(*) AS tp_count FROM `cms_menu` WHERE `status` <> -1 LIMIT 1   [ RunTime:0.0012s ]
INFO: [ view_parse ] --START--
INFO: [ template_filter ] --START--
INFO: Run Behavior\ContentReplaceBehavior [ RunTime:0.000073s ]
INFO: [ template_filter ] --END-- [ RunTime:0.000145s ]
NOTIC: [8] Undefined variable: nav D:\xampp\htdocs\php\tinycms\Application\Runtime\Cache\Admin\b956215329b6f9aca22277599a4efdfc.php 第 100 行.
NOTIC: [8] Undefined variable: type D:\xampp\htdocs\php\tinycms\Application\Runtime\Cache\Admin\b956215329b6f9aca22277599a4efdfc.php 第 112 行.
NOTIC: [8] Undefined variable: type D:\xampp\htdocs\php\tinycms\Application\Runtime\Cache\Admin\b956215329b6f9aca22277599a4efdfc.php 第 113 行.
INFO: Run Behavior\ParseTemplateBehavior [ RunTime:0.012443s ]
INFO: [ view_parse ] --END-- [ RunTime:0.012509s ]
INFO: [ view_filter ] --START--
INFO: Run Behavior\WriteHtmlCacheBehavior [ RunTime:0.000356s ]
INFO: [ view_filter ] --END-- [ RunTime:0.000398s ]
INFO: [ app_end ] --START--
INFO: Run Behavior\ShowPageTraceBehavior [ RunTime:0.002038s ]
INFO: [ app_end ] --END-- [ RunTime:0.004934s ]

[ 2016-07-05T21:13:00+08:00 ] 127.0.0.1 /admin.php?type=1&c=menu&a=index
INFO: [ app_init ] --START--
INFO: Run Behavior\BuildLiteBehavior [ RunTime:0.000015s ]
INFO: [ app_init ] --END-- [ RunTime:0.000437s ]
INFO: [ app_begin ] --START--
INFO: Run Behavior\ReadHtmlCacheBehavior [ RunTime:0.000466s ]
INFO: [ app_begin ] --END-- [ RunTime:0.000518s ]
SQL: SHOW COLUMNS FROM `cms_menu` [ RunTime:0.0044s ]
SQL: SELECT * FROM `cms_menu` WHERE `status` <> -1 ORDER BY menu_id desc LIMIT 0,3   [ RunTime:0.0007s ]
SQL: SELECT COUNT(*) AS tp_count FROM `cms_menu` WHERE `status` <> -1 LIMIT 1   [ RunTime:0.0003s ]
INFO: [ view_parse ] --START--
INFO: [ template_filter ] --START--
INFO: Run Behavior\ContentReplaceBehavior [ RunTime:0.000078s ]
INFO: [ template_filter ] --END-- [ RunTime:0.000147s ]
NOTIC: [8] Undefined variable: nav D:\xampp\htdocs\php\tinycms\Application\Runtime\Cache\Admin\b956215329b6f9aca22277599a4efdfc.php 第 100 行.
NOTIC: [8] Undefined variable: type D:\xampp\htdocs\php\tinycms\Application\Runtime\Cache\Admin\b956215329b6f9aca22277599a4efdfc.php 第 112 行.
NOTIC: [8] Undefined variable: type D:\xampp\htdocs\php\tinycms\Application\Runtime\Cache\Admin\b956215329b6f9aca22277599a4efdfc.php 第 113 行.
INFO: Run Behavior\ParseTemplateBehavior [ RunTime:0.010226s ]
INFO: [ view_parse ] --END-- [ RunTime:0.010290s ]
INFO: [ view_filter ] --START--
INFO: Run Behavior\WriteHtmlCacheBehavior [ RunTime:0.000298s ]
INFO: [ view_filter ] --END-- [ RunTime:0.000348s ]
INFO: [ app_end ] --START--
INFO: Run Behavior\ShowPageTraceBehavior [ RunTime:0.000880s ]
INFO: [ app_end ] --END-- [ RunTime:0.001063s ]

[ 2016-07-05T21:18:38+08:00 ] 127.0.0.1 /admin.php?type=1&c=menu&a=index
INFO: [ app_init ] --START--
INFO: Run Behavior\BuildLiteBehavior [ RunTime:0.000018s ]
INFO: [ app_init ] --END-- [ RunTime:0.000649s ]
INFO: [ app_begin ] --START--
INFO: Run Behavior\ReadHtmlCacheBehavior [ RunTime:0.000668s ]
INFO: [ app_begin ] --END-- [ RunTime:0.000737s ]
SQL: SHOW COLUMNS FROM `cms_menu` [ RunTime:0.0056s ]
SQL: SELECT * FROM `cms_menu` WHERE `status` <> -1 ORDER BY menu_id desc LIMIT 0,3   [ RunTime:0.0007s ]
SQL: SELECT COUNT(*) AS tp_count FROM `cms_menu` WHERE `status` <> -1 LIMIT 1   [ RunTime:0.0004s ]
INFO: [ view_parse ] --START--
INFO: [ template_filter ] --START--
INFO: Run Behavior\ContentReplaceBehavior [ RunTime:0.000076s ]
INFO: [ template_filter ] --END-- [ RunTime:0.000140s ]
NOTIC: [8] Undefined variable: nav D:\xampp\htdocs\php\tinycms\Application\Runtime\Cache\Admin\b956215329b6f9aca22277599a4efdfc.php 第 100 行.
NOTIC: [8] Undefined variable: type D:\xampp\htdocs\php\tinycms\Application\Runtime\Cache\Admin\b956215329b6f9aca22277599a4efdfc.php 第 112 行.
NOTIC: [8] Undefined variable: type D:\xampp\htdocs\php\tinycms\Application\Runtime\Cache\Admin\b956215329b6f9aca22277599a4efdfc.php 第 113 行.
INFO: Run Behavior\ParseTemplateBehavior [ RunTime:0.015414s ]
INFO: [ view_parse ] --END-- [ RunTime:0.015485s ]
INFO: [ view_filter ] --START--
INFO: Run Behavior\WriteHtmlCacheBehavior [ RunTime:0.000421s ]
INFO: [ view_filter ] --END-- [ RunTime:0.000470s ]
INFO: [ app_end ] --START--
INFO: Run Behavior\ShowPageTraceBehavior [ RunTime:0.000816s ]
INFO: [ app_end ] --END-- [ RunTime:0.000903s ]

[ 2016-07-05T21:18:43+08:00 ] 127.0.0.1 /admin.php?type=1&c=menu&a=index
INFO: [ app_init ] --START--
INFO: Run Behavior\BuildLiteBehavior [ RunTime:0.000022s ]
INFO: [ app_init ] --END-- [ RunTime:0.000532s ]
INFO: [ app_begin ] --START--
INFO: Run Behavior\ReadHtmlCacheBehavior [ RunTime:0.000871s ]
INFO: [ app_begin ] --END-- [ RunTime:0.000948s ]
SQL: SHOW COLUMNS FROM `cms_menu` [ RunTime:0.0072s ]
SQL: SELECT * FROM `cms_menu` WHERE `status` <> -1 ORDER BY menu_id desc LIMIT 0,3   [ RunTime:0.0012s ]
SQL: SELECT COUNT(*) AS tp_count FROM `cms_menu` WHERE `status` <> -1 LIMIT 1   [ RunTime:0.0008s ]
INFO: [ view_parse ] --START--
INFO: [ template_filter ] --START--
INFO: Run Behavior\ContentReplaceBehavior [ RunTime:0.000077s ]
INFO: [ template_filter ] --END-- [ RunTime:0.000141s ]
NOTIC: [8] Undefined variable: nav D:\xampp\htdocs\php\tinycms\Application\Runtime\Cache\Admin\b956215329b6f9aca22277599a4efdfc.php 第 100 行.
NOTIC: [8] Undefined variable: type D:\xampp\htdocs\php\tinycms\Application\Runtime\Cache\Admin\b956215329b6f9aca22277599a4efdfc.php 第 112 行.
NOTIC: [8] Undefined variable: type D:\xampp\htdocs\php\tinycms\Application\Runtime\Cache\Admin\b956215329b6f9aca22277599a4efdfc.php 第 113 行.
INFO: Run Behavior\ParseTemplateBehavior [ RunTime:0.011645s ]
INFO: [ view_parse ] --END-- [ RunTime:0.011714s ]
INFO: [ view_filter ] --START--
INFO: Run Behavior\WriteHtmlCacheBehavior [ RunTime:0.000401s ]
INFO: [ view_filter ] --END-- [ RunTime:0.000447s ]
INFO: [ app_end ] --START--
INFO: Run Behavior\ShowPageTraceBehavior [ RunTime:0.001380s ]
INFO: [ app_end ] --END-- [ RunTime:0.001472s ]

[ 2016-07-05T21:18:54+08:00 ] 127.0.0.1 /admin.php?type=1&c=menu&a=index
INFO: [ app_init ] --START--
INFO: Run Behavior\BuildLiteBehavior [ RunTime:0.000016s ]
INFO: [ app_init ] --END-- [ RunTime:0.000365s ]
INFO: [ app_begin ] --START--
INFO: Run Behavior\ReadHtmlCacheBehavior [ RunTime:0.000470s ]
INFO: [ app_begin ] --END-- [ RunTime:0.000525s ]
SQL: SHOW COLUMNS FROM `cms_menu` [ RunTime:0.0039s ]
SQL: SELECT * FROM `cms_menu` WHERE `type` = 1 AND `status` <> -1 ORDER BY menu_id desc LIMIT 0,3   [ RunTime:0.0011s ]
SQL: SELECT COUNT(*) AS tp_count FROM `cms_menu` WHERE `type` = 1 AND `status` <> -1 LIMIT 1   [ RunTime:0.0006s ]
INFO: [ view_parse ] --START--
INFO: [ template_filter ] --START--
INFO: Run Behavior\ContentReplaceBehavior [ RunTime:0.000074s ]
INFO: [ template_filter ] --END-- [ RunTime:0.000138s ]
NOTIC: [8] Undefined variable: nav D:\xampp\htdocs\php\tinycms\Application\Runtime\Cache\Admin\b956215329b6f9aca22277599a4efdfc.php 第 100 行.
INFO: Run Behavior\ParseTemplateBehavior [ RunTime:0.011592s ]
INFO: [ view_parse ] --END-- [ RunTime:0.011652s ]
INFO: [ view_filter ] --START--
INFO: Run Behavior\WriteHtmlCacheBehavior [ RunTime:0.000275s ]
INFO: [ view_filter ] --END-- [ RunTime:0.000320s ]
INFO: [ app_end ] --START--
INFO: Run Behavior\ShowPageTraceBehavior [ RunTime:0.000660s ]
INFO: [ app_end ] --END-- [ RunTime:0.000747s ]

[ 2016-07-05T21:18:59+08:00 ] 127.0.0.1 /admin.php?type=0&c=menu&a=index
INFO: [ app_init ] --START--
INFO: Run Behavior\BuildLiteBehavior [ RunTime:0.000021s ]
INFO: [ app_init ] --END-- [ RunTime:0.000872s ]
INFO: [ app_begin ] --START--
INFO: Run Behavior\ReadHtmlCacheBehavior [ RunTime:0.000930s ]
INFO: [ app_begin ] --END-- [ RunTime:0.001023s ]
SQL: SHOW COLUMNS FROM `cms_menu` [ RunTime:0.0081s ]
SQL: SELECT * FROM `cms_menu` WHERE `type` = 0 AND `status` <> -1 ORDER BY menu_id desc LIMIT 0,3   [ RunTime:0.0006s ]
SQL: SELECT COUNT(*) AS tp_count FROM `cms_menu` WHERE `type` = 0 AND `status` <> -1 LIMIT 1   [ RunTime:0.0005s ]
INFO: [ view_parse ] --START--
INFO: [ template_filter ] --START--
INFO: Run Behavior\ContentReplaceBehavior [ RunTime:0.000074s ]
INFO: [ template_filter ] --END-- [ RunTime:0.000136s ]
NOTIC: [8] Undefined variable: nav D:\xampp\htdocs\php\tinycms\Application\Runtime\Cache\Admin\b956215329b6f9aca22277599a4efdfc.php 第 100 行.
INFO: Run Behavior\ParseTemplateBehavior [ RunTime:0.013113s ]
INFO: [ view_parse ] --END-- [ RunTime:0.013188s ]
INFO: [ view_filter ] --START--
INFO: Run Behavior\WriteHtmlCacheBehavior [ RunTime:0.000442s ]
INFO: [ view_filter ] --END-- [ RunTime:0.000492s ]
INFO: [ app_end ] --START--
INFO: Run Behavior\ShowPageTraceBehavior [ RunTime:0.000812s ]
INFO: [ app_end ] --END-- [ RunTime:0.000909s ]

[ 2016-07-05T21:19:23+08:00 ] 127.0.0.1 /admin.php?c=menu
INFO: [ app_init ] --START--
INFO: Run Behavior\BuildLiteBehavior [ RunTime:0.000019s ]
INFO: [ app_init ] --END-- [ RunTime:0.000937s ]
INFO: [ app_begin ] --START--
INFO: Run Behavior\ReadHtmlCacheBehavior [ RunTime:0.000739s ]
INFO: [ app_begin ] --END-- [ RunTime:0.000828s ]
SQL: SHOW COLUMNS FROM `cms_menu` [ RunTime:0.0050s ]
SQL: SELECT * FROM `cms_menu` WHERE `status` <> -1 ORDER BY menu_id desc LIMIT 0,3   [ RunTime:0.0007s ]
SQL: SELECT COUNT(*) AS tp_count FROM `cms_menu` WHERE `status` <> -1 LIMIT 1   [ RunTime:0.0005s ]
INFO: [ view_parse ] --START--
INFO: [ template_filter ] --START--
INFO: Run Behavior\ContentReplaceBehavior [ RunTime:0.000075s ]
INFO: [ template_filter ] --END-- [ RunTime:0.000143s ]
NOTIC: [8] Undefined variable: nav D:\xampp\htdocs\php\tinycms\Application\Runtime\Cache\Admin\b956215329b6f9aca22277599a4efdfc.php 第 100 行.
NOTIC: [8] Undefined variable: type D:\xampp\htdocs\php\tinycms\Application\Runtime\Cache\Admin\b956215329b6f9aca22277599a4efdfc.php 第 112 行.
NOTIC: [8] Undefined variable: type D:\xampp\htdocs\php\tinycms\Application\Runtime\Cache\Admin\b956215329b6f9aca22277599a4efdfc.php 第 113 行.
INFO: Run Behavior\ParseTemplateBehavior [ RunTime:0.012085s ]
INFO: [ view_parse ] --END-- [ RunTime:0.012158s ]
INFO: [ view_filter ] --START--
INFO: Run Behavior\WriteHtmlCacheBehavior [ RunTime:0.000420s ]
INFO: [ view_filter ] --END-- [ RunTime:0.000472s ]
INFO: [ app_end ] --START--
INFO: Run Behavior\ShowPageTraceBehavior [ RunTime:0.001070s ]
INFO: [ app_end ] --END-- [ RunTime:0.001170s ]

[ 2016-07-05T21:19:27+08:00 ] 127.0.0.1 /admin.php?type=1&c=menu&a=index
INFO: [ app_init ] --START--
INFO: Run Behavior\BuildLiteBehavior [ RunTime:0.000020s ]
INFO: [ app_init ] --END-- [ RunTime:0.000529s ]
INFO: [ app_begin ] --START--
INFO: Run Behavior\ReadHtmlCacheBehavior [ RunTime:0.000766s ]
INFO: [ app_begin ] --END-- [ RunTime:0.000850s ]
SQL: SHOW COLUMNS FROM `cms_menu` [ RunTime:0.0053s ]
SQL: SELECT * FROM `cms_menu` WHERE `type` = 1 AND `status` <> -1 ORDER BY menu_id desc LIMIT 0,3   [ RunTime:0.0008s ]
SQL: SELECT COUNT(*) AS tp_count FROM `cms_menu` WHERE `type` = 1 AND `status` <> -1 LIMIT 1   [ RunTime:0.0005s ]
INFO: [ view_parse ] --START--
INFO: [ template_filter ] --START--
INFO: Run Behavior\ContentReplaceBehavior [ RunTime:0.000077s ]
INFO: [ template_filter ] --END-- [ RunTime:0.000142s ]
NOTIC: [8] Undefined variable: nav D:\xampp\htdocs\php\tinycms\Application\Runtime\Cache\Admin\b956215329b6f9aca22277599a4efdfc.php 第 100 行.
INFO: Run Behavior\ParseTemplateBehavior [ RunTime:0.010694s ]
INFO: [ view_parse ] --END-- [ RunTime:0.010761s ]
INFO: [ view_filter ] --START--
INFO: Run Behavior\WriteHtmlCacheBehavior [ RunTime:0.000379s ]
INFO: [ view_filter ] --END-- [ RunTime:0.000427s ]
INFO: [ app_end ] --START--
INFO: Run Behavior\ShowPageTraceBehavior [ RunTime:0.000811s ]
INFO: [ app_end ] --END-- [ RunTime:0.000904s ]

[ 2016-07-05T21:19:30+08:00 ] 127.0.0.1 /admin.php?c=menu
INFO: [ app_init ] --START--
INFO: Run Behavior\BuildLiteBehavior [ RunTime:0.000045s ]
INFO: [ app_init ] --END-- [ RunTime:0.000437s ]
INFO: [ app_begin ] --START--
INFO: Run Behavior\ReadHtmlCacheBehavior [ RunTime:0.000467s ]
INFO: [ app_begin ] --END-- [ RunTime:0.000529s ]
SQL: SHOW COLUMNS FROM `cms_menu` [ RunTime:0.0042s ]
SQL: SELECT * FROM `cms_menu` WHERE `status` <> -1 ORDER BY menu_id desc LIMIT 0,3   [ RunTime:0.0007s ]
SQL: SELECT COUNT(*) AS tp_count FROM `cms_menu` WHERE `status` <> -1 LIMIT 1   [ RunTime:0.0007s ]
INFO: [ view_parse ] --START--
INFO: [ template_filter ] --START--
INFO: Run Behavior\ContentReplaceBehavior [ RunTime:0.000225s ]
INFO: [ template_filter ] --END-- [ RunTime:0.000294s ]
NOTIC: [8] Undefined variable: nav D:\xampp\htdocs\php\tinycms\Application\Runtime\Cache\Admin\b956215329b6f9aca22277599a4efdfc.php 第 100 行.
NOTIC: [8] Undefined variable: type D:\xampp\htdocs\php\tinycms\Application\Runtime\Cache\Admin\b956215329b6f9aca22277599a4efdfc.php 第 112 行.
NOTIC: [8] Undefined variable: type D:\xampp\htdocs\php\tinycms\Application\Runtime\Cache\Admin\b956215329b6f9aca22277599a4efdfc.php 第 113 行.
INFO: Run Behavior\ParseTemplateBehavior [ RunTime:0.010691s ]
INFO: [ view_parse ] --END-- [ RunTime:0.010763s ]
INFO: [ view_filter ] --START--
INFO: Run Behavior\WriteHtmlCacheBehavior [ RunTime:0.000302s ]
INFO: [ view_filter ] --END-- [ RunTime:0.000349s ]
INFO: [ app_end ] --START--
INFO: Run Behavior\ShowPageTraceBehavior [ RunTime:0.000649s ]
INFO: [ app_end ] --END-- [ RunTime:0.000733s ]

[ 2016-07-05T21:25:53+08:00 ] 127.0.0.1 /admin.php?c=menu
INFO: [ app_init ] --START--
INFO: Run Behavior\BuildLiteBehavior [ RunTime:0.000015s ]
INFO: [ app_init ] --END-- [ RunTime:0.000429s ]
INFO: [ app_begin ] --START--
INFO: Run Behavior\ReadHtmlCacheBehavior [ RunTime:0.000727s ]
INFO: [ app_begin ] --END-- [ RunTime:0.000817s ]
SQL: SHOW COLUMNS FROM `cms_menu` [ RunTime:0.0049s ]
SQL: SELECT * FROM `cms_menu` WHERE `status` <> -1 ORDER BY menu_id desc LIMIT 0,3   [ RunTime:0.0007s ]
SQL: SELECT COUNT(*) AS tp_count FROM `cms_menu` WHERE `status` <> -1 LIMIT 1   [ RunTime:0.0005s ]
INFO: [ view_parse ] --START--
INFO: [ template_filter ] --START--
INFO: Run Behavior\ContentReplaceBehavior [ RunTime:0.000074s ]
INFO: [ template_filter ] --END-- [ RunTime:0.000144s ]
NOTIC: [8] Undefined variable: nav D:\xampp\htdocs\php\tinycms\Application\Runtime\Cache\Admin\b956215329b6f9aca22277599a4efdfc.php 第 100 行.
INFO: Run Behavior\ParseTemplateBehavior [ RunTime:0.013746s ]
INFO: [ view_parse ] --END-- [ RunTime:0.013809s ]
INFO: [ view_filter ] --START--
INFO: Run Behavior\WriteHtmlCacheBehavior [ RunTime:0.000426s ]
INFO: [ view_filter ] --END-- [ RunTime:0.000478s ]
INFO: [ app_end ] --START--
INFO: Run Behavior\ShowPageTraceBehavior [ RunTime:0.000779s ]
INFO: [ app_end ] --END-- [ RunTime:0.000891s ]

[ 2016-07-05T21:25:56+08:00 ] 127.0.0.1 /admin.php?c=menu
INFO: [ app_init ] --START--
INFO: Run Behavior\BuildLiteBehavior [ RunTime:0.000019s ]
INFO: [ app_init ] --END-- [ RunTime:0.000628s ]
INFO: [ app_begin ] --START--
INFO: Run Behavior\ReadHtmlCacheBehavior [ RunTime:0.000652s ]
INFO: [ app_begin ] --END-- [ RunTime:0.000726s ]
SQL: SHOW COLUMNS FROM `cms_menu` [ RunTime:0.0039s ]
SQL: SELECT * FROM `cms_menu` WHERE `status` <> -1 ORDER BY menu_id desc LIMIT 0,3   [ RunTime:0.0006s ]
SQL: SELECT COUNT(*) AS tp_count FROM `cms_menu` WHERE `status` <> -1 LIMIT 1   [ RunTime:0.0006s ]
INFO: [ view_parse ] --START--
INFO: [ template_filter ] --START--
INFO: Run Behavior\ContentReplaceBehavior [ RunTime:0.000085s ]
INFO: [ template_filter ] --END-- [ RunTime:0.000161s ]
NOTIC: [8] Undefined variable: nav D:\xampp\htdocs\php\tinycms\Application\Runtime\Cache\Admin\b956215329b6f9aca22277599a4efdfc.php 第 100 行.
INFO: Run Behavior\ParseTemplateBehavior [ RunTime:0.010559s ]
INFO: [ view_parse ] --END-- [ RunTime:0.010631s ]
INFO: [ view_filter ] --START--
INFO: Run Behavior\WriteHtmlCacheBehavior [ RunTime:0.000386s ]
INFO: [ view_filter ] --END-- [ RunTime:0.000436s ]
INFO: [ app_end ] --START--
INFO: Run Behavior\ShowPageTraceBehavior [ RunTime:0.000873s ]
INFO: [ app_end ] --END-- [ RunTime:0.000950s ]

