[ 2016-07-31T21:27:38+08:00 ] 127.0.0.1 /admin.php?c=basic
INFO: [ app_init ] --START--
INFO: Run Behavior\BuildLiteBehavior [ RunTime:0.000019s ]
INFO: [ app_init ] --END-- [ RunTime:0.022945s ]
INFO: [ app_begin ] --START--
INFO: Run Behavior\ReadHtmlCacheBehavior [ RunTime:0.024671s ]
INFO: [ app_begin ] --END-- [ RunTime:0.024784s ]
NOTIC: [2048] Declaration of Common\Model\BasicModel::save() should be compatible with Think\Model::save($data = '', $options = Array) D:\xampp\htdocs\php\tinycms\Application\Common\Model\BasicModel.class.php 第 5 行.
NOTIC: [2048] Declaration of Common\Model\BasicModel::select() should be compatible with Think\Model::select($options = Array) D:\xampp\htdocs\php\tinycms\Application\Common\Model\BasicModel.class.php 第 5 行.
INFO: [ view_parse ] --START--
INFO: [ template_filter ] --START--
INFO: Run Behavior\ContentReplaceBehavior [ RunTime:0.000069s ]
INFO: [ template_filter ] --END-- [ RunTime:0.000158s ]
NOTIC: [2048] Declaration of Common\Model\MenuModel::find() should be compatible with Think\Model::find($options = Array) D:\xampp\htdocs\php\tinycms\Application\Common\Model\MenuModel.class.php 第 88 行.
SQL: SHOW COLUMNS FROM `cms_menu` [ RunTime:0.0322s ]
SQL: SELECT * FROM `cms_menu` WHERE `status` <> -1 AND `type` = 1 ORDER BY listorder desc, menu_id desc  [ RunTime:0.0318s ]
NOTIC: [8] Undefined index: a D:\xampp\htdocs\php\tinycms\Application\Common\Common\function.php 第 33 行.
NOTIC: [8] Undefined index: a D:\xampp\htdocs\php\tinycms\Application\Common\Common\function.php 第 33 行.
NOTIC: [8] Undefined index: a D:\xampp\htdocs\php\tinycms\Application\Common\Common\function.php 第 33 行.
NOTIC: [8] Undefined index: a D:\xampp\htdocs\php\tinycms\Application\Common\Common\function.php 第 33 行.
NOTIC: [8] Undefined index: a D:\xampp\htdocs\php\tinycms\Application\Common\Common\function.php 第 33 行.
NOTIC: [8] Undefined index: a D:\xampp\htdocs\php\tinycms\Application\Common\Common\function.php 第 33 行.
INFO: Run Behavior\ParseTemplateBehavior [ RunTime:0.405379s ]
INFO: [ view_parse ] --END-- [ RunTime:0.405454s ]
INFO: [ view_filter ] --START--
INFO: Run Behavior\WriteHtmlCacheBehavior [ RunTime:0.001903s ]
INFO: [ view_filter ] --END-- [ RunTime:0.001991s ]
INFO: [ app_end ] --START--
INFO: Run Behavior\ShowPageTraceBehavior [ RunTime:0.010559s ]
INFO: [ app_end ] --END-- [ RunTime:0.010630s ]

