[ 2016-07-13T13:34:12+08:00 ] 127.0.0.1 /admin.php?catid=3&title=
INFO: [ app_init ] --START--
INFO: Run Behavior\BuildLiteBehavior [ RunTime:0.000033s ]
INFO: [ app_init ] --END-- [ RunTime:0.027613s ]
INFO: [ app_begin ] --START--
INFO: Run Behavior\ReadHtmlCacheBehavior [ RunTime:0.000970s ]
INFO: [ app_begin ] --END-- [ RunTime:0.001059s ]
INFO: [ view_parse ] --START--
INFO: [ template_filter ] --START--
INFO: Run Behavior\ContentReplaceBehavior [ RunTime:0.001650s ]
INFO: [ template_filter ] --END-- [ RunTime:0.001731s ]
NOTIC: [2048] Declaration of Common\Model\MenuModel::find() should be compatible with Think\Model::find($options = Array) D:\xampp\htdocs\php\tinycms\Application\Common\Model\MenuModel.class.php 第 5 行.
SQL: SHOW COLUMNS FROM `cms_menu` [ RunTime:0.0573s ]
SQL: SELECT * FROM `cms_menu` WHERE `status` <> -1 AND `type` = 1 ORDER BY listorder desc, menu_id desc  [ RunTime:0.0110s ]
NOTIC: [8] Undefined index: a D:\xampp\htdocs\php\tinycms\Application\Common\Common\function.php 第 33 行.
NOTIC: [8] Undefined index: a D:\xampp\htdocs\php\tinycms\Application\Common\Common\function.php 第 33 行.
NOTIC: [8] Undefined index: a D:\xampp\htdocs\php\tinycms\Application\Common\Common\function.php 第 33 行.
NOTIC: [8] Undefined index: a D:\xampp\htdocs\php\tinycms\Application\Common\Common\function.php 第 33 行.
NOTIC: [8] Undefined index: a D:\xampp\htdocs\php\tinycms\Application\Common\Common\function.php 第 33 行.
NOTIC: [8] Undefined index: a D:\xampp\htdocs\php\tinycms\Application\Common\Common\function.php 第 33 行.
INFO: Run Behavior\ParseTemplateBehavior [ RunTime:0.486736s ]
INFO: [ view_parse ] --END-- [ RunTime:0.486801s ]
INFO: [ view_filter ] --START--
INFO: Run Behavior\WriteHtmlCacheBehavior [ RunTime:0.015278s ]
INFO: [ view_filter ] --END-- [ RunTime:0.015342s ]
INFO: [ app_end ] --START--
INFO: Run Behavior\ShowPageTraceBehavior [ RunTime:0.010363s ]
INFO: [ app_end ] --END-- [ RunTime:0.010462s ]

[ 2016-07-13T13:34:23+08:00 ] 127.0.0.1 /admin.php?c=content
INFO: [ app_init ] --START--
INFO: Run Behavior\BuildLiteBehavior [ RunTime:0.000015s ]
INFO: [ app_init ] --END-- [ RunTime:0.000378s ]
INFO: [ app_begin ] --START--
INFO: Run Behavior\ReadHtmlCacheBehavior [ RunTime:0.000535s ]
INFO: [ app_begin ] --END-- [ RunTime:0.000605s ]
NOTIC: [8] Undefined index: title D:\xampp\htdocs\php\tinycms\Application\Admin\Controller\ContentController.class.php 第 10 行.
NOTIC: [8] Undefined index: catid D:\xampp\htdocs\php\tinycms\Application\Admin\Controller\ContentController.class.php 第 14 行.
SQL: SHOW COLUMNS FROM `cms_news` [ RunTime:0.0474s ]
SQL: SELECT * FROM `cms_news` WHERE `status` <> -1 ORDER BY listorder desc, news_id desc LIMIT 0,1   [ RunTime:0.0266s ]
SQL: SELECT COUNT(*) AS tp_count FROM `cms_news` WHERE `status` <> -1 LIMIT 1   [ RunTime:0.0057s ]
NOTIC: [2048] Declaration of Common\Model\MenuModel::find() should be compatible with Think\Model::find($options = Array) D:\xampp\htdocs\php\tinycms\Application\Common\Model\MenuModel.class.php 第 88 行.
SQL: SHOW COLUMNS FROM `cms_menu` [ RunTime:0.0041s ]
SQL: SELECT * FROM `cms_menu` WHERE `status` <> -1 AND `type` = 0 ORDER BY listorder desc, menu_id desc  [ RunTime:0.0006s ]
INFO: [ view_parse ] --START--
INFO: [ template_filter ] --START--
INFO: Run Behavior\ContentReplaceBehavior [ RunTime:0.000081s ]
INFO: [ template_filter ] --END-- [ RunTime:0.000142s ]
SQL: SELECT * FROM `cms_menu` WHERE `status` <> -1 AND `type` = 1 ORDER BY listorder desc, menu_id desc  [ RunTime:0.0013s ]
NOTIC: [8] Undefined index: a D:\xampp\htdocs\php\tinycms\Application\Common\Common\function.php 第 33 行.
NOTIC: [8] Undefined index: a D:\xampp\htdocs\php\tinycms\Application\Common\Common\function.php 第 33 行.
NOTIC: [8] Undefined index: a D:\xampp\htdocs\php\tinycms\Application\Common\Common\function.php 第 33 行.
NOTIC: [8] Undefined index: a D:\xampp\htdocs\php\tinycms\Application\Common\Common\function.php 第 33 行.
NOTIC: [8] Undefined index: a D:\xampp\htdocs\php\tinycms\Application\Common\Common\function.php 第 33 行.
NOTIC: [8] Undefined index: a D:\xampp\htdocs\php\tinycms\Application\Common\Common\function.php 第 33 行.
NOTIC: [8] Undefined index: creat_time D:\xampp\htdocs\php\tinycms\Application\Runtime\Cache\Admin\ccc9ced3ad798311a07cb47b740981c5.php 第 164 行.
INFO: Run Behavior\ParseTemplateBehavior [ RunTime:0.014809s ]
INFO: [ view_parse ] --END-- [ RunTime:0.014859s ]
INFO: [ view_filter ] --START--
INFO: Run Behavior\WriteHtmlCacheBehavior [ RunTime:0.000335s ]
INFO: [ view_filter ] --END-- [ RunTime:0.000379s ]
INFO: [ app_end ] --START--
INFO: Run Behavior\ShowPageTraceBehavior [ RunTime:0.000597s ]
INFO: [ app_end ] --END-- [ RunTime:0.000669s ]

[ 2016-07-13T13:34:33+08:00 ] 127.0.0.1 /index.php?m=admin&c=index
INFO: [ app_init ] --START--
INFO: Run Behavior\BuildLiteBehavior [ RunTime:0.000018s ]
INFO: [ app_init ] --END-- [ RunTime:0.000418s ]
INFO: [ app_begin ] --START--
INFO: Run Behavior\ReadHtmlCacheBehavior [ RunTime:0.000520s ]
INFO: [ app_begin ] --END-- [ RunTime:0.000588s ]
INFO: [ view_parse ] --START--
INFO: [ template_filter ] --START--
INFO: Run Behavior\ContentReplaceBehavior [ RunTime:0.000078s ]
INFO: [ template_filter ] --END-- [ RunTime:0.000143s ]
NOTIC: [2048] Declaration of Common\Model\MenuModel::find() should be compatible with Think\Model::find($options = Array) D:\xampp\htdocs\php\tinycms\Application\Common\Model\MenuModel.class.php 第 5 行.
SQL: SHOW COLUMNS FROM `cms_menu` [ RunTime:0.0047s ]
SQL: SELECT * FROM `cms_menu` WHERE `status` <> -1 AND `type` = 1 ORDER BY listorder desc, menu_id desc  [ RunTime:0.0007s ]
NOTIC: [8] Undefined index: a D:\xampp\htdocs\php\tinycms\Application\Common\Common\function.php 第 33 行.
NOTIC: [8] Undefined index: a D:\xampp\htdocs\php\tinycms\Application\Common\Common\function.php 第 33 行.
NOTIC: [8] Undefined index: a D:\xampp\htdocs\php\tinycms\Application\Common\Common\function.php 第 33 行.
NOTIC: [8] Undefined index: a D:\xampp\htdocs\php\tinycms\Application\Common\Common\function.php 第 33 行.
NOTIC: [8] Undefined index: a D:\xampp\htdocs\php\tinycms\Application\Common\Common\function.php 第 33 行.
NOTIC: [8] Undefined index: a D:\xampp\htdocs\php\tinycms\Application\Common\Common\function.php 第 33 行.
INFO: Run Behavior\ParseTemplateBehavior [ RunTime:0.025231s ]
INFO: [ view_parse ] --END-- [ RunTime:0.025281s ]
INFO: [ view_filter ] --START--
INFO: Run Behavior\WriteHtmlCacheBehavior [ RunTime:0.000316s ]
INFO: [ view_filter ] --END-- [ RunTime:0.000356s ]
INFO: [ app_end ] --START--
INFO: Run Behavior\ShowPageTraceBehavior [ RunTime:0.000523s ]
INFO: [ app_end ] --END-- [ RunTime:0.000583s ]

[ 2016-07-13T14:08:19+08:00 ] 127.0.0.1 /admin.php?c=content
INFO: [ app_init ] --START--
INFO: Run Behavior\BuildLiteBehavior [ RunTime:0.000016s ]
INFO: [ app_init ] --END-- [ RunTime:0.000481s ]
INFO: [ app_begin ] --START--
INFO: Run Behavior\ReadHtmlCacheBehavior [ RunTime:0.000605s ]
INFO: [ app_begin ] --END-- [ RunTime:0.000665s ]
NOTIC: [8] Undefined index: title D:\xampp\htdocs\php\tinycms\Application\Admin\Controller\ContentController.class.php 第 10 行.
NOTIC: [8] Undefined index: catid D:\xampp\htdocs\php\tinycms\Application\Admin\Controller\ContentController.class.php 第 14 行.
SQL: SHOW COLUMNS FROM `cms_news` [ RunTime:0.0047s ]
SQL: SELECT * FROM `cms_news` WHERE `status` <> -1 ORDER BY listorder desc, news_id desc LIMIT 0,1   [ RunTime:0.0006s ]
SQL: SELECT COUNT(*) AS tp_count FROM `cms_news` WHERE `status` <> -1 LIMIT 1   [ RunTime:0.0004s ]
NOTIC: [2048] Declaration of Common\Model\MenuModel::find() should be compatible with Think\Model::find($options = Array) D:\xampp\htdocs\php\tinycms\Application\Common\Model\MenuModel.class.php 第 88 行.
SQL: SHOW COLUMNS FROM `cms_menu` [ RunTime:0.0049s ]
SQL: SELECT * FROM `cms_menu` WHERE `status` <> -1 AND `type` = 0 ORDER BY listorder desc, menu_id desc  [ RunTime:0.0014s ]
INFO: [ view_parse ] --START--
INFO: [ template_filter ] --START--
INFO: Run Behavior\ContentReplaceBehavior [ RunTime:0.000077s ]
INFO: [ template_filter ] --END-- [ RunTime:0.000135s ]
SQL: SELECT * FROM `cms_menu` WHERE `status` <> -1 AND `type` = 1 ORDER BY listorder desc, menu_id desc  [ RunTime:0.0008s ]
NOTIC: [8] Undefined index: a D:\xampp\htdocs\php\tinycms\Application\Common\Common\function.php 第 33 行.
NOTIC: [8] Undefined index: a D:\xampp\htdocs\php\tinycms\Application\Common\Common\function.php 第 33 行.
NOTIC: [8] Undefined index: a D:\xampp\htdocs\php\tinycms\Application\Common\Common\function.php 第 33 行.
NOTIC: [8] Undefined index: a D:\xampp\htdocs\php\tinycms\Application\Common\Common\function.php 第 33 行.
NOTIC: [8] Undefined index: a D:\xampp\htdocs\php\tinycms\Application\Common\Common\function.php 第 33 行.
NOTIC: [8] Undefined index: a D:\xampp\htdocs\php\tinycms\Application\Common\Common\function.php 第 33 行.
NOTIC: [8] Undefined index: creat_time D:\xampp\htdocs\php\tinycms\Application\Runtime\Cache\Admin\ccc9ced3ad798311a07cb47b740981c5.php 第 164 行.
INFO: Run Behavior\ParseTemplateBehavior [ RunTime:0.016050s ]
INFO: [ view_parse ] --END-- [ RunTime:0.016119s ]
INFO: [ view_filter ] --START--
INFO: Run Behavior\WriteHtmlCacheBehavior [ RunTime:0.000518s ]
INFO: [ view_filter ] --END-- [ RunTime:0.000568s ]
INFO: [ app_end ] --START--
INFO: Run Behavior\ShowPageTraceBehavior [ RunTime:0.000882s ]
INFO: [ app_end ] --END-- [ RunTime:0.000969s ]

[ 2016-07-13T14:08:24+08:00 ] 127.0.0.1 /admin.php?c=content&a=add
INFO: [ app_init ] --START--
INFO: Run Behavior\BuildLiteBehavior [ RunTime:0.000018s ]
INFO: [ app_init ] --END-- [ RunTime:0.000594s ]
INFO: [ app_begin ] --START--
INFO: Run Behavior\ReadHtmlCacheBehavior [ RunTime:0.000784s ]
INFO: [ app_begin ] --END-- [ RunTime:0.000873s ]
NOTIC: [2048] Declaration of Common\Model\MenuModel::find() should be compatible with Think\Model::find($options = Array) D:\xampp\htdocs\php\tinycms\Application\Common\Model\MenuModel.class.php 第 5 行.
SQL: SHOW COLUMNS FROM `cms_menu` [ RunTime:0.0044s ]
SQL: SELECT * FROM `cms_menu` WHERE `status` <> -1 AND `type` = 0 ORDER BY listorder desc, menu_id desc  [ RunTime:0.0022s ]
INFO: [ view_parse ] --START--
INFO: [ template_filter ] --START--
INFO: Run Behavior\ContentReplaceBehavior [ RunTime:0.000075s ]
INFO: [ template_filter ] --END-- [ RunTime:0.000132s ]
SQL: SELECT * FROM `cms_menu` WHERE `status` <> -1 AND `type` = 1 ORDER BY listorder desc, menu_id desc  [ RunTime:0.0006s ]
NOTIC: [8] Undefined index: a D:\xampp\htdocs\php\tinycms\Application\Common\Common\function.php 第 33 行.
NOTIC: [8] Undefined index: a D:\xampp\htdocs\php\tinycms\Application\Common\Common\function.php 第 33 行.
NOTIC: [8] Undefined index: a D:\xampp\htdocs\php\tinycms\Application\Common\Common\function.php 第 33 行.
NOTIC: [8] Undefined index: a D:\xampp\htdocs\php\tinycms\Application\Common\Common\function.php 第 33 行.
NOTIC: [8] Undefined index: a D:\xampp\htdocs\php\tinycms\Application\Common\Common\function.php 第 33 行.
NOTIC: [8] Undefined index: a D:\xampp\htdocs\php\tinycms\Application\Common\Common\function.php 第 33 行.
INFO: Run Behavior\ParseTemplateBehavior [ RunTime:0.062990s ]
INFO: [ view_parse ] --END-- [ RunTime:0.063050s ]
INFO: [ view_filter ] --START--
INFO: Run Behavior\WriteHtmlCacheBehavior [ RunTime:0.000321s ]
INFO: [ view_filter ] --END-- [ RunTime:0.000361s ]
INFO: [ app_end ] --START--
INFO: Run Behavior\ShowPageTraceBehavior [ RunTime:0.002427s ]
INFO: [ app_end ] --END-- [ RunTime:0.002634s ]

[ 2016-07-13T14:08:29+08:00 ] 127.0.0.1 /admin.php?c=positioncontent
INFO: [ app_init ] --START--
INFO: Run Behavior\BuildLiteBehavior [ RunTime:0.000022s ]
INFO: [ app_init ] --END-- [ RunTime:0.000535s ]
INFO: [ app_begin ] --START--
INFO: Run Behavior\ReadHtmlCacheBehavior [ RunTime:0.000597s ]
INFO: [ app_begin ] --END-- [ RunTime:0.000677s ]
ERR: 无法加载控制器:Positioncontent

[ 2016-07-13T14:08:32+08:00 ] 127.0.0.1 /admin.php?c=position
INFO: [ app_init ] --START--
INFO: Run Behavior\BuildLiteBehavior [ RunTime:0.000016s ]
INFO: [ app_init ] --END-- [ RunTime:0.000376s ]
INFO: [ app_begin ] --START--
INFO: Run Behavior\ReadHtmlCacheBehavior [ RunTime:0.000509s ]
INFO: [ app_begin ] --END-- [ RunTime:0.000585s ]
ERR: 无法加载控制器:Position

[ 2016-07-13T14:08:37+08:00 ] 127.0.0.1 /admin.php?c=menu
INFO: [ app_init ] --START--
INFO: Run Behavior\BuildLiteBehavior [ RunTime:0.000016s ]
INFO: [ app_init ] --END-- [ RunTime:0.000375s ]
INFO: [ app_begin ] --START--
INFO: Run Behavior\ReadHtmlCacheBehavior [ RunTime:0.000466s ]
INFO: [ app_begin ] --END-- [ RunTime:0.000533s ]
NOTIC: [2048] Declaration of Common\Model\MenuModel::find() should be compatible with Think\Model::find($options = Array) D:\xampp\htdocs\php\tinycms\Application\Common\Model\MenuModel.class.php 第 5 行.
SQL: SHOW COLUMNS FROM `cms_menu` [ RunTime:0.0040s ]
SQL: SELECT * FROM `cms_menu` WHERE `status` <> -1 ORDER BY listorder desc, menu_id desc LIMIT 0,3   [ RunTime:0.0007s ]
SQL: SELECT COUNT(*) AS tp_count FROM `cms_menu` WHERE `status` <> -1 LIMIT 1   [ RunTime:0.0006s ]
INFO: [ view_parse ] --START--
INFO: [ template_filter ] --START--
INFO: Run Behavior\ContentReplaceBehavior [ RunTime:0.000084s ]
INFO: [ template_filter ] --END-- [ RunTime:0.000144s ]
SQL: SELECT * FROM `cms_menu` WHERE `status` <> -1 AND `type` = 1 ORDER BY listorder desc, menu_id desc  [ RunTime:0.0008s ]
NOTIC: [8] Undefined index: a D:\xampp\htdocs\php\tinycms\Application\Common\Common\function.php 第 33 行.
NOTIC: [8] Undefined index: a D:\xampp\htdocs\php\tinycms\Application\Common\Common\function.php 第 33 行.
NOTIC: [8] Undefined index: a D:\xampp\htdocs\php\tinycms\Application\Common\Common\function.php 第 33 行.
NOTIC: [8] Undefined index: a D:\xampp\htdocs\php\tinycms\Application\Common\Common\function.php 第 33 行.
NOTIC: [8] Undefined index: a D:\xampp\htdocs\php\tinycms\Application\Common\Common\function.php 第 33 行.
NOTIC: [8] Undefined index: a D:\xampp\htdocs\php\tinycms\Application\Common\Common\function.php 第 33 行.
NOTIC: [8] Array to string conversion D:\xampp\htdocs\php\tinycms\Application\Runtime\Cache\Admin\b956215329b6f9aca22277599a4efdfc.php 第 103 行.
INFO: Run Behavior\ParseTemplateBehavior [ RunTime:0.062101s ]
INFO: [ view_parse ] --END-- [ RunTime:0.062157s ]
INFO: [ view_filter ] --START--
INFO: Run Behavior\WriteHtmlCacheBehavior [ RunTime:0.000374s ]
INFO: [ view_filter ] --END-- [ RunTime:0.000419s ]
INFO: [ app_end ] --START--
INFO: Run Behavior\ShowPageTraceBehavior [ RunTime:0.001080s ]
INFO: [ app_end ] --END-- [ RunTime:0.001156s ]

[ 2016-07-13T14:08:40+08:00 ] 127.0.0.1 /admin.php?c=content
INFO: [ app_init ] --START--
INFO: Run Behavior\BuildLiteBehavior [ RunTime:0.000019s ]
INFO: [ app_init ] --END-- [ RunTime:0.000584s ]
INFO: [ app_begin ] --START--
INFO: Run Behavior\ReadHtmlCacheBehavior [ RunTime:0.000580s ]
INFO: [ app_begin ] --END-- [ RunTime:0.000676s ]
NOTIC: [8] Undefined index: title D:\xampp\htdocs\php\tinycms\Application\Admin\Controller\ContentController.class.php 第 10 行.
NOTIC: [8] Undefined index: catid D:\xampp\htdocs\php\tinycms\Application\Admin\Controller\ContentController.class.php 第 14 行.
SQL: SHOW COLUMNS FROM `cms_news` [ RunTime:0.0055s ]
SQL: SELECT * FROM `cms_news` WHERE `status` <> -1 ORDER BY listorder desc, news_id desc LIMIT 0,1   [ RunTime:0.0012s ]
SQL: SELECT COUNT(*) AS tp_count FROM `cms_news` WHERE `status` <> -1 LIMIT 1   [ RunTime:0.0008s ]
NOTIC: [2048] Declaration of Common\Model\MenuModel::find() should be compatible with Think\Model::find($options = Array) D:\xampp\htdocs\php\tinycms\Application\Common\Model\MenuModel.class.php 第 88 行.
SQL: SHOW COLUMNS FROM `cms_menu` [ RunTime:0.0049s ]
SQL: SELECT * FROM `cms_menu` WHERE `status` <> -1 AND `type` = 0 ORDER BY listorder desc, menu_id desc  [ RunTime:0.0007s ]
INFO: [ view_parse ] --START--
INFO: [ template_filter ] --START--
INFO: Run Behavior\ContentReplaceBehavior [ RunTime:0.000077s ]
INFO: [ template_filter ] --END-- [ RunTime:0.000137s ]
SQL: SELECT * FROM `cms_menu` WHERE `status` <> -1 AND `type` = 1 ORDER BY listorder desc, menu_id desc  [ RunTime:0.0006s ]
NOTIC: [8] Undefined index: a D:\xampp\htdocs\php\tinycms\Application\Common\Common\function.php 第 33 行.
NOTIC: [8] Undefined index: a D:\xampp\htdocs\php\tinycms\Application\Common\Common\function.php 第 33 行.
NOTIC: [8] Undefined index: a D:\xampp\htdocs\php\tinycms\Application\Common\Common\function.php 第 33 行.
NOTIC: [8] Undefined index: a D:\xampp\htdocs\php\tinycms\Application\Common\Common\function.php 第 33 行.
NOTIC: [8] Undefined index: a D:\xampp\htdocs\php\tinycms\Application\Common\Common\function.php 第 33 行.
NOTIC: [8] Undefined index: a D:\xampp\htdocs\php\tinycms\Application\Common\Common\function.php 第 33 行.
NOTIC: [8] Undefined index: creat_time D:\xampp\htdocs\php\tinycms\Application\Runtime\Cache\Admin\ccc9ced3ad798311a07cb47b740981c5.php 第 164 行.
INFO: Run Behavior\ParseTemplateBehavior [ RunTime:0.014404s ]
INFO: [ view_parse ] --END-- [ RunTime:0.014453s ]
INFO: [ view_filter ] --START--
INFO: Run Behavior\WriteHtmlCacheBehavior [ RunTime:0.000464s ]
INFO: [ view_filter ] --END-- [ RunTime:0.000612s ]
INFO: [ app_end ] --START--
INFO: Run Behavior\ShowPageTraceBehavior [ RunTime:0.000738s ]
INFO: [ app_end ] --END-- [ RunTime:0.000925s ]

[ 2016-07-13T14:38:33+08:00 ] 127.0.0.1 /admin.php?catid=3&c=content&a=index&title=
INFO: [ app_init ] --START--
INFO: Run Behavior\BuildLiteBehavior [ RunTime:0.000023s ]
INFO: [ app_init ] --END-- [ RunTime:0.000617s ]
INFO: [ app_begin ] --START--
INFO: Run Behavior\ReadHtmlCacheBehavior [ RunTime:0.001605s ]
INFO: [ app_begin ] --END-- [ RunTime:0.001752s ]
SQL: SHOW COLUMNS FROM `cms_news` [ RunTime:0.0088s ]
SQL: SELECT * FROM `cms_news` WHERE `catid` = 3 AND `status` <> -1 ORDER BY listorder desc, news_id desc LIMIT 0,1   [ RunTime:0.0330s ]
SQL: SELECT COUNT(*) AS tp_count FROM `cms_news` WHERE `catid` = 3 AND `status` <> -1 LIMIT 1   [ RunTime:0.0005s ]
NOTIC: [2048] Declaration of Common\Model\MenuModel::find() should be compatible with Think\Model::find($options = Array) D:\xampp\htdocs\php\tinycms\Application\Common\Model\MenuModel.class.php 第 88 行.
SQL: SHOW COLUMNS FROM `cms_menu` [ RunTime:0.0041s ]
SQL: SELECT * FROM `cms_menu` WHERE `status` <> -1 AND `type` = 0 ORDER BY listorder desc, menu_id desc  [ RunTime:0.0006s ]
INFO: [ view_parse ] --START--
INFO: [ template_filter ] --START--
INFO: Run Behavior\ContentReplaceBehavior [ RunTime:0.000080s ]
INFO: [ template_filter ] --END-- [ RunTime:0.000137s ]
SQL: SELECT * FROM `cms_menu` WHERE `status` <> -1 AND `type` = 1 ORDER BY listorder desc, menu_id desc  [ RunTime:0.0019s ]
NOTIC: [8] Undefined index: a D:\xampp\htdocs\php\tinycms\Application\Common\Common\function.php 第 33 行.
NOTIC: [8] Undefined index: a D:\xampp\htdocs\php\tinycms\Application\Common\Common\function.php 第 33 行.
NOTIC: [8] Undefined index: a D:\xampp\htdocs\php\tinycms\Application\Common\Common\function.php 第 33 行.
NOTIC: [8] Undefined index: a D:\xampp\htdocs\php\tinycms\Application\Common\Common\function.php 第 33 行.
NOTIC: [8] Undefined index: a D:\xampp\htdocs\php\tinycms\Application\Common\Common\function.php 第 33 行.
NOTIC: [8] Undefined index: a D:\xampp\htdocs\php\tinycms\Application\Common\Common\function.php 第 33 行.
NOTIC: [8] Undefined index: creat_time D:\xampp\htdocs\php\tinycms\Application\Runtime\Cache\Admin\ccc9ced3ad798311a07cb47b740981c5.php 第 164 行.
INFO: Run Behavior\ParseTemplateBehavior [ RunTime:0.014694s ]
INFO: [ view_parse ] --END-- [ RunTime:0.014744s ]
INFO: [ view_filter ] --START--
INFO: Run Behavior\WriteHtmlCacheBehavior [ RunTime:0.000470s ]
INFO: [ view_filter ] --END-- [ RunTime:0.000517s ]
INFO: [ app_end ] --START--
INFO: Run Behavior\ShowPageTraceBehavior [ RunTime:0.000780s ]
INFO: [ app_end ] --END-- [ RunTime:0.000847s ]

[ 2016-07-13T14:38:38+08:00 ] 127.0.0.1 /admin.php?catid=12&c=content&a=index&title=
INFO: [ app_init ] --START--
INFO: Run Behavior\BuildLiteBehavior [ RunTime:0.000021s ]
INFO: [ app_init ] --END-- [ RunTime:0.000509s ]
INFO: [ app_begin ] --START--
INFO: Run Behavior\ReadHtmlCacheBehavior [ RunTime:0.000692s ]
INFO: [ app_begin ] --END-- [ RunTime:0.000796s ]
SQL: SHOW COLUMNS FROM `cms_news` [ RunTime:0.0049s ]
SQL: SELECT * FROM `cms_news` WHERE `catid` = 12 AND `status` <> -1 ORDER BY listorder desc, news_id desc LIMIT 0,1   [ RunTime:0.0014s ]
SQL: SELECT COUNT(*) AS tp_count FROM `cms_news` WHERE `catid` = 12 AND `status` <> -1 LIMIT 1   [ RunTime:0.0004s ]
NOTIC: [2048] Declaration of Common\Model\MenuModel::find() should be compatible with Think\Model::find($options = Array) D:\xampp\htdocs\php\tinycms\Application\Common\Model\MenuModel.class.php 第 88 行.
SQL: SHOW COLUMNS FROM `cms_menu` [ RunTime:0.0036s ]
SQL: SELECT * FROM `cms_menu` WHERE `status` <> -1 AND `type` = 0 ORDER BY listorder desc, menu_id desc  [ RunTime:0.0009s ]
INFO: [ view_parse ] --START--
INFO: [ template_filter ] --START--
INFO: Run Behavior\ContentReplaceBehavior [ RunTime:0.000081s ]
INFO: [ template_filter ] --END-- [ RunTime:0.000137s ]
SQL: SELECT * FROM `cms_menu` WHERE `status` <> -1 AND `type` = 1 ORDER BY listorder desc, menu_id desc  [ RunTime:0.0009s ]
NOTIC: [8] Undefined index: a D:\xampp\htdocs\php\tinycms\Application\Common\Common\function.php 第 33 行.
NOTIC: [8] Undefined index: a D:\xampp\htdocs\php\tinycms\Application\Common\Common\function.php 第 33 行.
NOTIC: [8] Undefined index: a D:\xampp\htdocs\php\tinycms\Application\Common\Common\function.php 第 33 行.
NOTIC: [8] Undefined index: a D:\xampp\htdocs\php\tinycms\Application\Common\Common\function.php 第 33 行.
NOTIC: [8] Undefined index: a D:\xampp\htdocs\php\tinycms\Application\Common\Common\function.php 第 33 行.
NOTIC: [8] Undefined index: a D:\xampp\htdocs\php\tinycms\Application\Common\Common\function.php 第 33 行.
NOTIC: [8] Undefined index: creat_time D:\xampp\htdocs\php\tinycms\Application\Runtime\Cache\Admin\ccc9ced3ad798311a07cb47b740981c5.php 第 164 行.
INFO: Run Behavior\ParseTemplateBehavior [ RunTime:0.013762s ]
INFO: [ view_parse ] --END-- [ RunTime:0.013807s ]
INFO: [ view_filter ] --START--
INFO: Run Behavior\WriteHtmlCacheBehavior [ RunTime:0.000417s ]
INFO: [ view_filter ] --END-- [ RunTime:0.000468s ]
INFO: [ app_end ] --START--
INFO: Run Behavior\ShowPageTraceBehavior [ RunTime:0.000992s ]
INFO: [ app_end ] --END-- [ RunTime:0.001062s ]

[ 2016-07-13T14:38:42+08:00 ] 127.0.0.1 /admin.php?catid=&c=content&a=index&title=
INFO: [ app_init ] --START--
INFO: Run Behavior\BuildLiteBehavior [ RunTime:0.000016s ]
INFO: [ app_init ] --END-- [ RunTime:0.000382s ]
INFO: [ app_begin ] --START--
INFO: Run Behavior\ReadHtmlCacheBehavior [ RunTime:0.000477s ]
INFO: [ app_begin ] --END-- [ RunTime:0.000546s ]
SQL: SHOW COLUMNS FROM `cms_news` [ RunTime:0.0091s ]
SQL: SELECT * FROM `cms_news` WHERE `status` <> -1 ORDER BY listorder desc, news_id desc LIMIT 0,1   [ RunTime:0.0009s ]
SQL: SELECT COUNT(*) AS tp_count FROM `cms_news` WHERE `status` <> -1 LIMIT 1   [ RunTime:0.0005s ]
NOTIC: [2048] Declaration of Common\Model\MenuModel::find() should be compatible with Think\Model::find($options = Array) D:\xampp\htdocs\php\tinycms\Application\Common\Model\MenuModel.class.php 第 88 行.
SQL: SHOW COLUMNS FROM `cms_menu` [ RunTime:0.0053s ]
SQL: SELECT * FROM `cms_menu` WHERE `status` <> -1 AND `type` = 0 ORDER BY listorder desc, menu_id desc  [ RunTime:0.0008s ]
INFO: [ view_parse ] --START--
INFO: [ template_filter ] --START--
INFO: Run Behavior\ContentReplaceBehavior [ RunTime:0.000088s ]
INFO: [ template_filter ] --END-- [ RunTime:0.000157s ]
SQL: SELECT * FROM `cms_menu` WHERE `status` <> -1 AND `type` = 1 ORDER BY listorder desc, menu_id desc  [ RunTime:0.0009s ]
NOTIC: [8] Undefined index: a D:\xampp\htdocs\php\tinycms\Application\Common\Common\function.php 第 33 行.
NOTIC: [8] Undefined index: a D:\xampp\htdocs\php\tinycms\Application\Common\Common\function.php 第 33 行.
NOTIC: [8] Undefined index: a D:\xampp\htdocs\php\tinycms\Application\Common\Common\function.php 第 33 行.
NOTIC: [8] Undefined index: a D:\xampp\htdocs\php\tinycms\Application\Common\Common\function.php 第 33 行.
NOTIC: [8] Undefined index: a D:\xampp\htdocs\php\tinycms\Application\Common\Common\function.php 第 33 行.
NOTIC: [8] Undefined index: a D:\xampp\htdocs\php\tinycms\Application\Common\Common\function.php 第 33 行.
NOTIC: [8] Undefined index: creat_time D:\xampp\htdocs\php\tinycms\Application\Runtime\Cache\Admin\ccc9ced3ad798311a07cb47b740981c5.php 第 164 行.
INFO: Run Behavior\ParseTemplateBehavior [ RunTime:0.015731s ]
INFO: [ view_parse ] --END-- [ RunTime:0.015783s ]
INFO: [ view_filter ] --START--
INFO: Run Behavior\WriteHtmlCacheBehavior [ RunTime:0.000345s ]
INFO: [ view_filter ] --END-- [ RunTime:0.000385s ]
INFO: [ app_end ] --START--
INFO: Run Behavior\ShowPageTraceBehavior [ RunTime:0.001688s ]
INFO: [ app_end ] --END-- [ RunTime:0.001769s ]

[ 2016-07-13T14:38:51+08:00 ] 127.0.0.1 /admin.php?catid=8&c=content&a=index&title=
INFO: [ app_init ] --START--
INFO: Run Behavior\BuildLiteBehavior [ RunTime:0.000021s ]
INFO: [ app_init ] --END-- [ RunTime:0.000545s ]
INFO: [ app_begin ] --START--
INFO: Run Behavior\ReadHtmlCacheBehavior [ RunTime:0.000468s ]
INFO: [ app_begin ] --END-- [ RunTime:0.000527s ]
SQL: SHOW COLUMNS FROM `cms_news` [ RunTime:0.0045s ]
SQL: SELECT * FROM `cms_news` WHERE `catid` = 8 AND `status` <> -1 ORDER BY listorder desc, news_id desc LIMIT 0,1   [ RunTime:0.0013s ]
SQL: SELECT COUNT(*) AS tp_count FROM `cms_news` WHERE `catid` = 8 AND `status` <> -1 LIMIT 1   [ RunTime:0.0007s ]
NOTIC: [2048] Declaration of Common\Model\MenuModel::find() should be compatible with Think\Model::find($options = Array) D:\xampp\htdocs\php\tinycms\Application\Common\Model\MenuModel.class.php 第 88 行.
SQL: SHOW COLUMNS FROM `cms_menu` [ RunTime:0.0041s ]
SQL: SELECT * FROM `cms_menu` WHERE `status` <> -1 AND `type` = 0 ORDER BY listorder desc, menu_id desc  [ RunTime:0.0007s ]
INFO: [ view_parse ] --START--
INFO: [ template_filter ] --START--
INFO: Run Behavior\ContentReplaceBehavior [ RunTime:0.000082s ]
INFO: [ template_filter ] --END-- [ RunTime:0.000144s ]
SQL: SELECT * FROM `cms_menu` WHERE `status` <> -1 AND `type` = 1 ORDER BY listorder desc, menu_id desc  [ RunTime:0.0008s ]
NOTIC: [8] Undefined index: a D:\xampp\htdocs\php\tinycms\Application\Common\Common\function.php 第 33 行.
NOTIC: [8] Undefined index: a D:\xampp\htdocs\php\tinycms\Application\Common\Common\function.php 第 33 行.
NOTIC: [8] Undefined index: a D:\xampp\htdocs\php\tinycms\Application\Common\Common\function.php 第 33 行.
NOTIC: [8] Undefined index: a D:\xampp\htdocs\php\tinycms\Application\Common\Common\function.php 第 33 行.
NOTIC: [8] Undefined index: a D:\xampp\htdocs\php\tinycms\Application\Common\Common\function.php 第 33 行.
NOTIC: [8] Undefined index: a D:\xampp\htdocs\php\tinycms\Application\Common\Common\function.php 第 33 行.
INFO: Run Behavior\ParseTemplateBehavior [ RunTime:0.015778s ]
INFO: [ view_parse ] --END-- [ RunTime:0.015825s ]
INFO: [ view_filter ] --START--
INFO: Run Behavior\WriteHtmlCacheBehavior [ RunTime:0.000413s ]
INFO: [ view_filter ] --END-- [ RunTime:0.000463s ]
INFO: [ app_end ] --START--
INFO: Run Behavior\ShowPageTraceBehavior [ RunTime:0.000625s ]
INFO: [ app_end ] --END-- [ RunTime:0.000689s ]

[ 2016-07-13T14:39:40+08:00 ] 127.0.0.1 /admin.php?catid=8&c=content&a=index&title=
INFO: [ app_init ] --START--
INFO: Run Behavior\BuildLiteBehavior [ RunTime:0.000014s ]
INFO: [ app_init ] --END-- [ RunTime:0.000339s ]
INFO: [ app_begin ] --START--
INFO: Run Behavior\ReadHtmlCacheBehavior [ RunTime:0.000464s ]
INFO: [ app_begin ] --END-- [ RunTime:0.000527s ]
SQL: SHOW COLUMNS FROM `cms_news` [ RunTime:0.0041s ]
SQL: SELECT * FROM `cms_news` WHERE `catid` = 8 AND `status` <> -1 ORDER BY listorder desc, news_id desc LIMIT 0,1   [ RunTime:0.0011s ]
SQL: SELECT COUNT(*) AS tp_count FROM `cms_news` WHERE `catid` = 8 AND `status` <> -1 LIMIT 1   [ RunTime:0.0009s ]
NOTIC: [2048] Declaration of Common\Model\MenuModel::find() should be compatible with Think\Model::find($options = Array) D:\xampp\htdocs\php\tinycms\Application\Common\Model\MenuModel.class.php 第 88 行.
SQL: SHOW COLUMNS FROM `cms_menu` [ RunTime:0.0036s ]
SQL: SELECT * FROM `cms_menu` WHERE `status` <> -1 AND `type` = 0 ORDER BY listorder desc, menu_id desc  [ RunTime:0.0004s ]
INFO: [ view_parse ] --START--
INFO: [ template_filter ] --START--
INFO: Run Behavior\ContentReplaceBehavior [ RunTime:0.000077s ]
INFO: [ template_filter ] --END-- [ RunTime:0.000135s ]
SQL: SELECT * FROM `cms_menu` WHERE `status` <> -1 AND `type` = 1 ORDER BY listorder desc, menu_id desc  [ RunTime:0.0006s ]
NOTIC: [8] Undefined index: a D:\xampp\htdocs\php\tinycms\Application\Common\Common\function.php 第 33 行.
NOTIC: [8] Undefined index: a D:\xampp\htdocs\php\tinycms\Application\Common\Common\function.php 第 33 行.
NOTIC: [8] Undefined index: a D:\xampp\htdocs\php\tinycms\Application\Common\Common\function.php 第 33 行.
NOTIC: [8] Undefined index: a D:\xampp\htdocs\php\tinycms\Application\Common\Common\function.php 第 33 行.
NOTIC: [8] Undefined index: a D:\xampp\htdocs\php\tinycms\Application\Common\Common\function.php 第 33 行.
NOTIC: [8] Undefined index: a D:\xampp\htdocs\php\tinycms\Application\Common\Common\function.php 第 33 行.
INFO: Run Behavior\ParseTemplateBehavior [ RunTime:0.015744s ]
INFO: [ view_parse ] --END-- [ RunTime:0.015788s ]
INFO: [ view_filter ] --START--
INFO: Run Behavior\WriteHtmlCacheBehavior [ RunTime:0.000315s ]
INFO: [ view_filter ] --END-- [ RunTime:0.000357s ]
INFO: [ app_end ] --START--
INFO: Run Behavior\ShowPageTraceBehavior [ RunTime:0.000444s ]
INFO: [ app_end ] --END-- [ RunTime:0.000488s ]

[ 2016-07-13T14:39:42+08:00 ] 127.0.0.1 /admin.php?catid=8&c=content&a=index&title=
INFO: [ app_init ] --START--
INFO: Run Behavior\BuildLiteBehavior [ RunTime:0.000016s ]
INFO: [ app_init ] --END-- [ RunTime:0.000442s ]
INFO: [ app_begin ] --START--
INFO: Run Behavior\ReadHtmlCacheBehavior [ RunTime:0.000632s ]
INFO: [ app_begin ] --END-- [ RunTime:0.000704s ]
SQL: SHOW COLUMNS FROM `cms_news` [ RunTime:0.0048s ]
SQL: SELECT * FROM `cms_news` WHERE `catid` = 8 AND `status` <> -1 ORDER BY listorder desc, news_id desc LIMIT 0,1   [ RunTime:0.0008s ]
SQL: SELECT COUNT(*) AS tp_count FROM `cms_news` WHERE `catid` = 8 AND `status` <> -1 LIMIT 1   [ RunTime:0.0005s ]
NOTIC: [2048] Declaration of Common\Model\MenuModel::find() should be compatible with Think\Model::find($options = Array) D:\xampp\htdocs\php\tinycms\Application\Common\Model\MenuModel.class.php 第 88 行.
SQL: SHOW COLUMNS FROM `cms_menu` [ RunTime:0.0043s ]
SQL: SELECT * FROM `cms_menu` WHERE `status` <> -1 AND `type` = 0 ORDER BY listorder desc, menu_id desc  [ RunTime:0.0005s ]
INFO: [ view_parse ] --START--
INFO: [ template_filter ] --START--
INFO: Run Behavior\ContentReplaceBehavior [ RunTime:0.000091s ]
INFO: [ template_filter ] --END-- [ RunTime:0.000162s ]
SQL: SELECT * FROM `cms_menu` WHERE `status` <> -1 AND `type` = 1 ORDER BY listorder desc, menu_id desc  [ RunTime:0.0006s ]
NOTIC: [8] Undefined index: a D:\xampp\htdocs\php\tinycms\Application\Common\Common\function.php 第 33 行.
NOTIC: [8] Undefined index: a D:\xampp\htdocs\php\tinycms\Application\Common\Common\function.php 第 33 行.
NOTIC: [8] Undefined index: a D:\xampp\htdocs\php\tinycms\Application\Common\Common\function.php 第 33 行.
NOTIC: [8] Undefined index: a D:\xampp\htdocs\php\tinycms\Application\Common\Common\function.php 第 33 行.
NOTIC: [8] Undefined index: a D:\xampp\htdocs\php\tinycms\Application\Common\Common\function.php 第 33 行.
NOTIC: [8] Undefined index: a D:\xampp\htdocs\php\tinycms\Application\Common\Common\function.php 第 33 行.
INFO: Run Behavior\ParseTemplateBehavior [ RunTime:0.013737s ]
INFO: [ view_parse ] --END-- [ RunTime:0.013787s ]
INFO: [ view_filter ] --START--
INFO: Run Behavior\WriteHtmlCacheBehavior [ RunTime:0.000518s ]
INFO: [ view_filter ] --END-- [ RunTime:0.000570s ]
INFO: [ app_end ] --START--
INFO: Run Behavior\ShowPageTraceBehavior [ RunTime:0.000653s ]
INFO: [ app_end ] --END-- [ RunTime:0.000706s ]

[ 2016-07-13T15:43:37+08:00 ] 127.0.0.1 /admin.php?catid=8&c=content&a=index&title=
INFO: [ app_init ] --START--
INFO: Run Behavior\BuildLiteBehavior [ RunTime:0.000019s ]
INFO: [ app_init ] --END-- [ RunTime:0.000535s ]
INFO: [ app_begin ] --START--
INFO: Run Behavior\ReadHtmlCacheBehavior [ RunTime:0.000884s ]
INFO: [ app_begin ] --END-- [ RunTime:0.000966s ]
SQL: SHOW COLUMNS FROM `cms_news` [ RunTime:0.0049s ]
SQL: SELECT * FROM `cms_news` WHERE `catid` = 8 AND `status` <> -1 ORDER BY listorder desc, news_id desc LIMIT 0,1   [ RunTime:0.0008s ]
SQL: SELECT COUNT(*) AS tp_count FROM `cms_news` WHERE `catid` = 8 AND `status` <> -1 LIMIT 1   [ RunTime:0.0018s ]
NOTIC: [2048] Declaration of Common\Model\MenuModel::find() should be compatible with Think\Model::find($options = Array) D:\xampp\htdocs\php\tinycms\Application\Common\Model\MenuModel.class.php 第 88 行.
SQL: SHOW COLUMNS FROM `cms_menu` [ RunTime:0.0039s ]
SQL: SELECT * FROM `cms_menu` WHERE `status` <> -1 AND `type` = 0 ORDER BY listorder desc, menu_id desc  [ RunTime:0.0007s ]
INFO: [ view_parse ] --START--
INFO: [ template_filter ] --START--
INFO: Run Behavior\ContentReplaceBehavior [ RunTime:0.000125s ]
INFO: [ template_filter ] --END-- [ RunTime:0.000195s ]
SQL: SELECT * FROM `cms_menu` WHERE `status` <> -1 AND `type` = 1 ORDER BY listorder desc, menu_id desc  [ RunTime:0.0006s ]
NOTIC: [8] Undefined index: a D:\xampp\htdocs\php\tinycms\Application\Common\Common\function.php 第 33 行.
NOTIC: [8] Undefined index: a D:\xampp\htdocs\php\tinycms\Application\Common\Common\function.php 第 33 行.
NOTIC: [8] Undefined index: a D:\xampp\htdocs\php\tinycms\Application\Common\Common\function.php 第 33 行.
NOTIC: [8] Undefined index: a D:\xampp\htdocs\php\tinycms\Application\Common\Common\function.php 第 33 行.
NOTIC: [8] Undefined index: a D:\xampp\htdocs\php\tinycms\Application\Common\Common\function.php 第 33 行.
NOTIC: [8] Undefined index: a D:\xampp\htdocs\php\tinycms\Application\Common\Common\function.php 第 33 行.
INFO: Run Behavior\ParseTemplateBehavior [ RunTime:0.014121s ]
INFO: [ view_parse ] --END-- [ RunTime:0.014201s ]
INFO: [ view_filter ] --START--
INFO: Run Behavior\WriteHtmlCacheBehavior [ RunTime:0.000427s ]
INFO: [ view_filter ] --END-- [ RunTime:0.000469s ]
INFO: [ app_end ] --START--
INFO: Run Behavior\ShowPageTraceBehavior [ RunTime:0.000568s ]
INFO: [ app_end ] --END-- [ RunTime:0.000618s ]

